!SESSION 2021-08-24 17:05:53.375 -----------------------------------------------
eclipse.buildId=4.18.0.I20201202-1800
java.version=15.0.1
java.vendor=Oracle Corporation
BootLoader constants: OS=macosx, ARCH=x86_64, WS=cocoa, NL=en_US
Framework arguments:  -product org.eclipse.epp.package.java.product -product org.eclipse.epp.package.java.product -keyring /Users/abdiace/.eclipse_keyring
Command-line arguments:  -os macosx -ws cocoa -arch x86_64 -product org.eclipse.epp.package.java.product -data /Users/abdiace/Desktop/workspace 2 -product org.eclipse.epp.package.java.product -keyring /Users/abdiace/.eclipse_keyring

!ENTRY org.eclipse.e4.ui.workbench 4 0 2021-08-24 17:05:59.344
!MESSAGE Unable to retrieve the bundle from the URI: bundleclass://org.eclipse.recommenders.news.rcp/org.eclipse.recommenders.internal.news.rcp.poll.PollNewsFeedsHandler

!ENTRY org.eclipse.e4.ui.workbench 4 0 2021-08-24 17:05:59.346
!MESSAGE Unable to retrieve the bundle from the URI: bundleclass://org.eclipse.recommenders.news.rcp/org.eclipse.recommenders.internal.news.rcp.read.ReadNewsItemsHandler

!ENTRY org.eclipse.jface 2 0 2021-08-24 17:06:03.120
!MESSAGE Keybinding conflicts occurred.  They may interfere with normal accelerator operation.
!SUBENTRY 1 org.eclipse.jface 2 0 2021-08-24 17:06:03.120
!MESSAGE A conflict occurred for COMMAND+SHIFT+T:
Binding(COMMAND+SHIFT+T,
	ParameterizedCommand(Command(org.eclipse.jdt.ui.navigate.open.type,Open Type,
		Open a type in a Java editor,
		Category(org.eclipse.ui.category.navigate,Navigate,null,true),
		org.eclipse.ui.internal.WorkbenchHandlerServiceHandler@6a5c2d2d,
		,,true),null),
	org.eclipse.ui.defaultAcceleratorConfiguration,
	org.eclipse.ui.contexts.window,,,system)
Binding(COMMAND+SHIFT+T,
	ParameterizedCommand(Command(org.eclipse.lsp4e.symbolinworkspace,Go to Symbol in Workspace,
		,
		Category(org.eclipse.lsp4e.category,Language Servers,null,true),
		org.eclipse.ui.internal.WorkbenchHandlerServiceHandler@1dadd172,
		,,true),null),
	org.eclipse.ui.defaultAcceleratorConfiguration,
	org.eclipse.ui.contexts.window,,,system)

!ENTRY org.eclipse.e4.ui.workbench 4 0 2021-08-24 17:06:10.746
!MESSAGE Unable to retrieve the bundle from the URI: bundleclass://org.eclipse.recommenders.news.rcp/org.eclipse.recommenders.internal.news.rcp.toolbar.NewsToolControl

!ENTRY org.eclipse.e4.ui.workbench 2 0 2021-08-24 17:06:10.985
!MESSAGE Removing HandlerImpl with the "org.eclipse.recommenders.news.rcp.handler.pollNewsFeeds" id.It points to the non available "bundleclass://org.eclipse.recommenders.news.rcp/org.eclipse.recommenders.internal.news.rcp.poll.PollNewsFeedsHandler" class. Bundle might have been uninstalled

!ENTRY org.eclipse.e4.ui.workbench 2 0 2021-08-24 17:06:10.986
!MESSAGE Removing HandlerImpl with the "org.eclipse.recommenders.news.rcp.handler.readNewsItems" id.It points to the non available "bundleclass://org.eclipse.recommenders.news.rcp/org.eclipse.recommenders.internal.news.rcp.read.ReadNewsItemsHandler" class. Bundle might have been uninstalled

!ENTRY org.eclipse.e4.ui.workbench 2 0 2021-08-24 17:06:10.993
!MESSAGE Removing PartDescriptorImpl with the "org.eclipse.mylyn.builds.navigator.builds" id and the "Builds" label.It points to the non available "bundleclass://org.eclipse.ui.workbench/org.eclipse.ui.internal.e4.compatibility.CompatibilityView" class. Bundle might have been uninstalled

!ENTRY org.eclipse.e4.ui.workbench 2 0 2021-08-24 17:06:10.995
!MESSAGE Removing PartDescriptorImpl with the "org.eclipse.mylyn.commons.repositories.ui.navigator.Repositories" id and the "Team Repositories" label.It points to the non available "bundleclass://org.eclipse.ui.workbench/org.eclipse.ui.internal.e4.compatibility.CompatibilityView" class. Bundle might have been uninstalled

!ENTRY org.eclipse.e4.ui.workbench 2 0 2021-08-24 17:06:10.996
!MESSAGE Removing PartDescriptorImpl with the "org.eclipse.mylyn.tasks.ui.views.tasks" id and the "Task List" label.It points to the non available "bundleclass://org.eclipse.ui.workbench/org.eclipse.ui.internal.e4.compatibility.CompatibilityView" class. Bundle might have been uninstalled

!ENTRY org.eclipse.e4.ui.workbench 2 0 2021-08-24 17:06:10.997
!MESSAGE Removing PartDescriptorImpl with the "org.eclipse.mylyn.tasks.ui.views.repositories" id and the "Task Repositories" label.It points to the non available "bundleclass://org.eclipse.ui.workbench/org.eclipse.ui.internal.e4.compatibility.CompatibilityView" class. Bundle might have been uninstalled

!ENTRY org.eclipse.equinox.p2.core 4 0 2021-08-24 17:07:36.312
!MESSAGE Provisioning exception
!STACK 1
org.eclipse.equinox.p2.core.ProvisionException: No repository found at http://checkstyle.org/eclipse-cs/update.
	at org.eclipse.equinox.internal.p2.repository.helpers.AbstractRepositoryManager.fail(AbstractRepositoryManager.java:396)
	at java.base/jdk.internal.reflect.NativeMethodAccessorImpl.invoke0(Native Method)
	at java.base/jdk.internal.reflect.NativeMethodAccessorImpl.invoke(NativeMethodAccessorImpl.java:64)
	at java.base/jdk.internal.reflect.DelegatingMethodAccessorImpl.invoke(DelegatingMethodAccessorImpl.java:43)
	at java.base/java.lang.reflect.Method.invoke(Method.java:564)
	at org.eclipse.oomph.util.ReflectUtil.invokeMethod(ReflectUtil.java:119)
	at org.eclipse.oomph.p2.internal.core.CachingRepositoryManager.fail(CachingRepositoryManager.java:367)
	at org.eclipse.oomph.p2.internal.core.CachingRepositoryManager.loadRepository(CachingRepositoryManager.java:258)
	at org.eclipse.oomph.p2.internal.core.CachingRepositoryManager$Metadata.loadRepository(CachingRepositoryManager.java:495)
	at org.eclipse.equinox.internal.p2.metadata.repository.MetadataRepositoryManager.loadRepository(MetadataRepositoryManager.java:110)
	at org.eclipse.equinox.internal.p2.metadata.repository.MetadataRepositoryManager.loadRepository(MetadataRepositoryManager.java:105)
	at org.eclipse.equinox.p2.ui.LoadMetadataRepositoryJob.doLoad(LoadMetadataRepositoryJob.java:126)
	at org.eclipse.equinox.p2.ui.LoadMetadataRepositoryJob.runModal(LoadMetadataRepositoryJob.java:110)
	at org.eclipse.equinox.internal.p2.ui.sdk.PreloadingRepositoryHandler$1.runModal(PreloadingRepositoryHandler.java:84)
	at org.eclipse.equinox.p2.operations.ProvisioningJob.run(ProvisioningJob.java:188)
	at org.eclipse.core.internal.jobs.Worker.run(Worker.java:63)
!SUBENTRY 1 org.eclipse.equinox.p2.metadata.repository 4 1000 2021-08-24 17:07:36.314
!MESSAGE No repository found at http://checkstyle.org/eclipse-cs/update.

!ENTRY org.eclipse.equinox.p2.core 4 0 2021-08-24 17:07:44.147
!MESSAGE Provisioning exception
!STACK 1
org.eclipse.equinox.p2.core.ProvisionException: No repository found at http://dl.bintray.com/subclipse/archive/release/1.10.x/.
	at org.eclipse.equinox.internal.p2.repository.helpers.AbstractRepositoryManager.fail(AbstractRepositoryManager.java:396)
	at java.base/jdk.internal.reflect.NativeMethodAccessorImpl.invoke0(Native Method)
	at java.base/jdk.internal.reflect.NativeMethodAccessorImpl.invoke(NativeMethodAccessorImpl.java:64)
	at java.base/jdk.internal.reflect.DelegatingMethodAccessorImpl.invoke(DelegatingMethodAccessorImpl.java:43)
	at java.base/java.lang.reflect.Method.invoke(Method.java:564)
	at org.eclipse.oomph.util.ReflectUtil.invokeMethod(ReflectUtil.java:119)
	at org.eclipse.oomph.p2.internal.core.CachingRepositoryManager.fail(CachingRepositoryManager.java:367)
	at org.eclipse.oomph.p2.internal.core.CachingRepositoryManager.loadRepository(CachingRepositoryManager.java:258)
	at org.eclipse.oomph.p2.internal.core.CachingRepositoryManager$Metadata.loadRepository(CachingRepositoryManager.java:495)
	at org.eclipse.equinox.internal.p2.metadata.repository.MetadataRepositoryManager.loadRepository(MetadataRepositoryManager.java:110)
	at org.eclipse.equinox.internal.p2.metadata.repository.MetadataRepositoryManager.loadRepository(MetadataRepositoryManager.java:105)
	at org.eclipse.equinox.p2.ui.LoadMetadataRepositoryJob.doLoad(LoadMetadataRepositoryJob.java:126)
	at org.eclipse.equinox.p2.ui.LoadMetadataRepositoryJob.runModal(LoadMetadataRepositoryJob.java:110)
	at org.eclipse.equinox.internal.p2.ui.sdk.PreloadingRepositoryHandler$1.runModal(PreloadingRepositoryHandler.java:84)
	at org.eclipse.equinox.p2.operations.ProvisioningJob.run(ProvisioningJob.java:188)
	at org.eclipse.core.internal.jobs.Worker.run(Worker.java:63)
!SUBENTRY 1 org.eclipse.equinox.p2.metadata.repository 4 1000 2021-08-24 17:07:44.147
!MESSAGE No repository found at http://dl.bintray.com/subclipse/archive/release/1.10.x/.
!SESSION 2021-08-24 17:11:20.803 -----------------------------------------------
eclipse.buildId=4.18.0.I20201202-1800
java.version=15.0.1
java.vendor=Oracle Corporation
BootLoader constants: OS=macosx, ARCH=x86_64, WS=cocoa, NL=en_US
Framework arguments:  -product org.eclipse.epp.package.java.product -product org.eclipse.epp.package.java.product -keyring /Users/abdiace/.eclipse_keyring
Command-line arguments:  -os macosx -ws cocoa -arch x86_64 -product org.eclipse.epp.package.java.product -data /Users/abdiace/Desktop/CSE2231 workspace -product org.eclipse.epp.package.java.product -keyring /Users/abdiace/.eclipse_keyring

!ENTRY org.eclipse.e4.ui.workbench 4 0 2021-08-24 17:11:26.208
!MESSAGE Unable to retrieve the bundle from the URI: bundleclass://org.eclipse.recommenders.news.rcp/org.eclipse.recommenders.internal.news.rcp.poll.PollNewsFeedsHandler

!ENTRY org.eclipse.e4.ui.workbench 4 0 2021-08-24 17:11:26.211
!MESSAGE Unable to retrieve the bundle from the URI: bundleclass://org.eclipse.recommenders.news.rcp/org.eclipse.recommenders.internal.news.rcp.read.ReadNewsItemsHandler

!ENTRY org.eclipse.jface 2 0 2021-08-24 17:11:29.726
!MESSAGE Keybinding conflicts occurred.  They may interfere with normal accelerator operation.
!SUBENTRY 1 org.eclipse.jface 2 0 2021-08-24 17:11:29.726
!MESSAGE A conflict occurred for COMMAND+SHIFT+T:
Binding(COMMAND+SHIFT+T,
	ParameterizedCommand(Command(org.eclipse.jdt.ui.navigate.open.type,Open Type,
		Open a type in a Java editor,
		Category(org.eclipse.ui.category.navigate,Navigate,null,true),
		org.eclipse.ui.internal.WorkbenchHandlerServiceHandler@c683cf5,
		,,true),null),
	org.eclipse.ui.defaultAcceleratorConfiguration,
	org.eclipse.ui.contexts.window,,,system)
Binding(COMMAND+SHIFT+T,
	ParameterizedCommand(Command(org.eclipse.lsp4e.symbolinworkspace,Go to Symbol in Workspace,
		,
		Category(org.eclipse.lsp4e.category,Language Servers,null,true),
		org.eclipse.ui.internal.WorkbenchHandlerServiceHandler@2c224096,
		,,true),null),
	org.eclipse.ui.defaultAcceleratorConfiguration,
	org.eclipse.ui.contexts.window,,,system)

!ENTRY org.eclipse.e4.ui.workbench 4 0 2021-08-24 17:11:36.783
!MESSAGE Unable to retrieve the bundle from the URI: bundleclass://org.eclipse.recommenders.news.rcp/org.eclipse.recommenders.internal.news.rcp.toolbar.NewsToolControl

!ENTRY org.eclipse.e4.ui.workbench 2 0 2021-08-24 17:11:36.963
!MESSAGE Removing HandlerImpl with the "org.eclipse.recommenders.news.rcp.handler.pollNewsFeeds" id.It points to the non available "bundleclass://org.eclipse.recommenders.news.rcp/org.eclipse.recommenders.internal.news.rcp.poll.PollNewsFeedsHandler" class. Bundle might have been uninstalled

!ENTRY org.eclipse.e4.ui.workbench 2 0 2021-08-24 17:11:36.964
!MESSAGE Removing HandlerImpl with the "org.eclipse.recommenders.news.rcp.handler.readNewsItems" id.It points to the non available "bundleclass://org.eclipse.recommenders.news.rcp/org.eclipse.recommenders.internal.news.rcp.read.ReadNewsItemsHandler" class. Bundle might have been uninstalled

!ENTRY org.eclipse.e4.ui.workbench 2 0 2021-08-24 17:11:37.010
!MESSAGE Removing PartDescriptorImpl with the "org.eclipse.mylyn.builds.navigator.builds" id and the "Builds" label.It points to the non available "bundleclass://org.eclipse.ui.workbench/org.eclipse.ui.internal.e4.compatibility.CompatibilityView" class. Bundle might have been uninstalled

!ENTRY org.eclipse.e4.ui.workbench 2 0 2021-08-24 17:11:37.011
!MESSAGE Removing PartDescriptorImpl with the "org.eclipse.mylyn.commons.repositories.ui.navigator.Repositories" id and the "Team Repositories" label.It points to the non available "bundleclass://org.eclipse.ui.workbench/org.eclipse.ui.internal.e4.compatibility.CompatibilityView" class. Bundle might have been uninstalled

!ENTRY org.eclipse.e4.ui.workbench 2 0 2021-08-24 17:11:37.012
!MESSAGE Removing PartDescriptorImpl with the "org.eclipse.mylyn.tasks.ui.views.tasks" id and the "Task List" label.It points to the non available "bundleclass://org.eclipse.ui.workbench/org.eclipse.ui.internal.e4.compatibility.CompatibilityView" class. Bundle might have been uninstalled

!ENTRY org.eclipse.e4.ui.workbench 2 0 2021-08-24 17:11:37.013
!MESSAGE Removing PartDescriptorImpl with the "org.eclipse.mylyn.tasks.ui.views.repositories" id and the "Task Repositories" label.It points to the non available "bundleclass://org.eclipse.ui.workbench/org.eclipse.ui.internal.e4.compatibility.CompatibilityView" class. Bundle might have been uninstalled

!ENTRY org.tigris.subversion.subclipse.core 4 0 2021-08-24 17:12:16.948
!MESSAGE Could not auto-share project SequencePalindrome
!STACK 1
org.tigris.subversion.subclipse.core.SVNException: Provided SVN information does not match that on disk for project 'SequencePalindrome'.
	at org.tigris.subversion.subclipse.core.resources.SVNWorkspaceRoot.setSharing(SVNWorkspaceRoot.java:206)
	at org.tigris.subversion.subclipse.core.SVNTeamProviderType$AutoShareJob.autoconnectSVNProject(SVNTeamProviderType.java:140)
	at org.tigris.subversion.subclipse.core.SVNTeamProviderType$AutoShareJob.run(SVNTeamProviderType.java:106)
	at org.eclipse.core.internal.jobs.Worker.run(Worker.java:63)
!SUBENTRY 1 org.tigris.subversion.subclipse.core 4 4 2021-08-24 17:12:16.949
!MESSAGE Provided SVN information does not match that on disk for project 'SequencePalindrome'.

!ENTRY org.eclipse.equinox.p2.core 4 0 2021-08-24 17:14:51.914
!MESSAGE Provisioning exception
!STACK 1
org.eclipse.equinox.p2.core.ProvisionException: No repository found at http://checkstyle.org/eclipse-cs/update.
	at org.eclipse.equinox.internal.p2.repository.helpers.AbstractRepositoryManager.fail(AbstractRepositoryManager.java:396)
	at java.base/jdk.internal.reflect.NativeMethodAccessorImpl.invoke0(Native Method)
	at java.base/jdk.internal.reflect.NativeMethodAccessorImpl.invoke(NativeMethodAccessorImpl.java:64)
	at java.base/jdk.internal.reflect.DelegatingMethodAccessorImpl.invoke(DelegatingMethodAccessorImpl.java:43)
	at java.base/java.lang.reflect.Method.invoke(Method.java:564)
	at org.eclipse.oomph.util.ReflectUtil.invokeMethod(ReflectUtil.java:119)
	at org.eclipse.oomph.p2.internal.core.CachingRepositoryManager.fail(CachingRepositoryManager.java:367)
	at org.eclipse.oomph.p2.internal.core.CachingRepositoryManager.loadRepository(CachingRepositoryManager.java:258)
	at org.eclipse.oomph.p2.internal.core.CachingRepositoryManager$Metadata.loadRepository(CachingRepositoryManager.java:495)
	at org.eclipse.equinox.internal.p2.metadata.repository.MetadataRepositoryManager.loadRepository(MetadataRepositoryManager.java:110)
	at org.eclipse.equinox.internal.p2.metadata.repository.MetadataRepositoryManager.loadRepository(MetadataRepositoryManager.java:105)
	at org.eclipse.equinox.p2.ui.LoadMetadataRepositoryJob.doLoad(LoadMetadataRepositoryJob.java:126)
	at org.eclipse.equinox.p2.ui.LoadMetadataRepositoryJob.runModal(LoadMetadataRepositoryJob.java:110)
	at org.eclipse.equinox.internal.p2.ui.sdk.PreloadingRepositoryHandler$1.runModal(PreloadingRepositoryHandler.java:84)
	at org.eclipse.equinox.p2.operations.ProvisioningJob.run(ProvisioningJob.java:188)
	at org.eclipse.core.internal.jobs.Worker.run(Worker.java:63)
!SUBENTRY 1 org.eclipse.equinox.p2.metadata.repository 4 1000 2021-08-24 17:14:51.915
!MESSAGE No repository found at http://checkstyle.org/eclipse-cs/update.

!ENTRY org.eclipse.equinox.p2.core 4 0 2021-08-24 17:14:58.929
!MESSAGE Provisioning exception
!STACK 1
org.eclipse.equinox.p2.core.ProvisionException: No repository found at http://dl.bintray.com/subclipse/archive/release/1.10.x/.
	at org.eclipse.equinox.internal.p2.repository.helpers.AbstractRepositoryManager.fail(AbstractRepositoryManager.java:396)
	at java.base/jdk.internal.reflect.NativeMethodAccessorImpl.invoke0(Native Method)
	at java.base/jdk.internal.reflect.NativeMethodAccessorImpl.invoke(NativeMethodAccessorImpl.java:64)
	at java.base/jdk.internal.reflect.DelegatingMethodAccessorImpl.invoke(DelegatingMethodAccessorImpl.java:43)
	at java.base/java.lang.reflect.Method.invoke(Method.java:564)
	at org.eclipse.oomph.util.ReflectUtil.invokeMethod(ReflectUtil.java:119)
	at org.eclipse.oomph.p2.internal.core.CachingRepositoryManager.fail(CachingRepositoryManager.java:367)
	at org.eclipse.oomph.p2.internal.core.CachingRepositoryManager.loadRepository(CachingRepositoryManager.java:258)
	at org.eclipse.oomph.p2.internal.core.CachingRepositoryManager$Metadata.loadRepository(CachingRepositoryManager.java:495)
	at org.eclipse.equinox.internal.p2.metadata.repository.MetadataRepositoryManager.loadRepository(MetadataRepositoryManager.java:110)
	at org.eclipse.equinox.internal.p2.metadata.repository.MetadataRepositoryManager.loadRepository(MetadataRepositoryManager.java:105)
	at org.eclipse.equinox.p2.ui.LoadMetadataRepositoryJob.doLoad(LoadMetadataRepositoryJob.java:126)
	at org.eclipse.equinox.p2.ui.LoadMetadataRepositoryJob.runModal(LoadMetadataRepositoryJob.java:110)
	at org.eclipse.equinox.internal.p2.ui.sdk.PreloadingRepositoryHandler$1.runModal(PreloadingRepositoryHandler.java:84)
	at org.eclipse.equinox.p2.operations.ProvisioningJob.run(ProvisioningJob.java:188)
	at org.eclipse.core.internal.jobs.Worker.run(Worker.java:63)
!SUBENTRY 1 org.eclipse.equinox.p2.metadata.repository 4 1000 2021-08-24 17:14:58.929
!MESSAGE No repository found at http://dl.bintray.com/subclipse/archive/release/1.10.x/.
!SESSION 2021-08-24 17:20:23.992 -----------------------------------------------
eclipse.buildId=4.20.0.I20210611-1600
java.version=15.0.1
java.vendor=Oracle Corporation
BootLoader constants: OS=macosx, ARCH=x86_64, WS=cocoa, NL=en_US
Framework arguments:  -product org.eclipse.epp.package.java.product -keyring /Users/abdiace/.eclipse_keyring
Command-line arguments:  -os macosx -ws cocoa -arch x86_64 -product org.eclipse.epp.package.java.product -keyring /Users/abdiace/.eclipse_keyring

!ENTRY org.eclipse.jface 2 0 2021-08-24 17:21:28.423
!MESSAGE Keybinding conflicts occurred.  They may interfere with normal accelerator operation.
!SUBENTRY 1 org.eclipse.jface 2 0 2021-08-24 17:21:28.423
!MESSAGE A conflict occurred for COMMAND+SHIFT+T:
Binding(COMMAND+SHIFT+T,
	ParameterizedCommand(Command(org.eclipse.jdt.ui.navigate.open.type,Open Type,
		Open a type in a Java editor,
		Category(org.eclipse.ui.category.navigate,Navigate,null,true),
		org.eclipse.ui.internal.WorkbenchHandlerServiceHandler@3ef4a8fb,
		,,true),null),
	org.eclipse.ui.defaultAcceleratorConfiguration,
	org.eclipse.ui.contexts.window,,,system)
Binding(COMMAND+SHIFT+T,
	ParameterizedCommand(Command(org.eclipse.lsp4e.symbolinworkspace,Go to Symbol in Workspace,
		,
		Category(org.eclipse.lsp4e.category,Language Servers,null,true),
		org.eclipse.ui.internal.WorkbenchHandlerServiceHandler@30f99ca1,
		,,true),null),
	org.eclipse.ui.defaultAcceleratorConfiguration,
	org.eclipse.ui.contexts.window,,,system)

!ENTRY org.eclipse.e4.ui.workbench 4 0 2021-08-24 17:21:36.337
!MESSAGE Unable to retrieve the bundle from the URI: bundleclass://org.eclipse.recommenders.news.rcp/org.eclipse.recommenders.internal.news.rcp.toolbar.NewsToolControl

!ENTRY org.eclipse.e4.ui.workbench 2 0 2021-08-24 17:21:36.646
!MESSAGE Removing PartDescriptorImpl with the "org.eclipse.oomph.p2.ui.RepositoryExplorer" id and the "Repository Explorer" label.It points to the non available "bundleclass://org.eclipse.ui.workbench/org.eclipse.ui.internal.e4.compatibility.CompatibilityView" class. Bundle might have been uninstalled

!ENTRY org.eclipse.equinox.p2.core 4 0 2021-08-24 17:22:41.240
!MESSAGE Provisioning exception
!STACK 1
org.eclipse.equinox.p2.core.ProvisionException: No repository found at http://checkstyle.org/eclipse-cs/update.
	at org.eclipse.equinox.internal.p2.repository.helpers.AbstractRepositoryManager.fail(AbstractRepositoryManager.java:397)
	at org.eclipse.equinox.internal.p2.repository.helpers.AbstractRepositoryManager.loadRepository(AbstractRepositoryManager.java:701)
	at org.eclipse.equinox.internal.p2.metadata.repository.MetadataRepositoryManager.loadRepository(MetadataRepositoryManager.java:110)
	at org.eclipse.equinox.internal.p2.metadata.repository.MetadataRepositoryManager.loadRepository(MetadataRepositoryManager.java:105)
	at org.eclipse.equinox.p2.ui.LoadMetadataRepositoryJob.doLoad(LoadMetadataRepositoryJob.java:126)
	at org.eclipse.equinox.p2.ui.LoadMetadataRepositoryJob.runModal(LoadMetadataRepositoryJob.java:110)
	at org.eclipse.equinox.internal.p2.ui.sdk.PreloadingRepositoryHandler$1.runModal(PreloadingRepositoryHandler.java:84)
	at org.eclipse.equinox.p2.operations.ProvisioningJob.run(ProvisioningJob.java:188)
	at org.eclipse.core.internal.jobs.Worker.run(Worker.java:63)
!SUBENTRY 1 org.eclipse.equinox.p2.metadata.repository 4 1000 2021-08-24 17:22:41.243
!MESSAGE No repository found at http://checkstyle.org/eclipse-cs/update.

!ENTRY org.eclipse.equinox.p2.core 4 0 2021-08-24 17:22:52.944
!MESSAGE Provisioning exception
!STACK 1
org.eclipse.equinox.p2.core.ProvisionException: No repository found at http://dl.bintray.com/subclipse/archive/release/1.10.x/.
	at org.eclipse.equinox.internal.p2.repository.helpers.AbstractRepositoryManager.fail(AbstractRepositoryManager.java:397)
	at org.eclipse.equinox.internal.p2.repository.helpers.AbstractRepositoryManager.loadRepository(AbstractRepositoryManager.java:701)
	at org.eclipse.equinox.internal.p2.metadata.repository.MetadataRepositoryManager.loadRepository(MetadataRepositoryManager.java:110)
	at org.eclipse.equinox.internal.p2.metadata.repository.MetadataRepositoryManager.loadRepository(MetadataRepositoryManager.java:105)
	at org.eclipse.equinox.p2.ui.LoadMetadataRepositoryJob.doLoad(LoadMetadataRepositoryJob.java:126)
	at org.eclipse.equinox.p2.ui.LoadMetadataRepositoryJob.runModal(LoadMetadataRepositoryJob.java:110)
	at org.eclipse.equinox.internal.p2.ui.sdk.PreloadingRepositoryHandler$1.runModal(PreloadingRepositoryHandler.java:84)
	at org.eclipse.equinox.p2.operations.ProvisioningJob.run(ProvisioningJob.java:188)
	at org.eclipse.core.internal.jobs.Worker.run(Worker.java:63)
!SUBENTRY 1 org.eclipse.equinox.p2.metadata.repository 4 1000 2021-08-24 17:22:52.944
!MESSAGE No repository found at http://dl.bintray.com/subclipse/archive/release/1.10.x/.

!ENTRY org.eclipse.equinox.p2.core 4 0 2021-08-24 17:25:09.878
!MESSAGE Provisioning exception
!STACK 1
org.eclipse.equinox.p2.core.ProvisionException: No repository found at http://checkstyle.org/eclipse-cs/update.
	at org.eclipse.equinox.internal.p2.repository.helpers.AbstractRepositoryManager.fail(AbstractRepositoryManager.java:397)
	at org.eclipse.equinox.internal.p2.repository.helpers.AbstractRepositoryManager.loadRepository(AbstractRepositoryManager.java:662)
	at org.eclipse.equinox.internal.p2.metadata.repository.MetadataRepositoryManager.loadRepository(MetadataRepositoryManager.java:110)
	at org.eclipse.equinox.internal.p2.metadata.repository.MetadataRepositoryManager.loadRepository(MetadataRepositoryManager.java:105)
	at org.eclipse.equinox.p2.ui.LoadMetadataRepositoryJob.doLoad(LoadMetadataRepositoryJob.java:126)
	at org.eclipse.equinox.p2.ui.LoadMetadataRepositoryJob.runModal(LoadMetadataRepositoryJob.java:110)
	at org.eclipse.equinox.internal.p2.ui.sdk.PreloadingRepositoryHandler$1.runModal(PreloadingRepositoryHandler.java:84)
	at org.eclipse.equinox.p2.operations.ProvisioningJob.run(ProvisioningJob.java:188)
	at org.eclipse.core.internal.jobs.Worker.run(Worker.java:63)
!SUBENTRY 1 org.eclipse.equinox.p2.metadata.repository 4 1000 2021-08-24 17:25:09.878
!MESSAGE No repository found at http://checkstyle.org/eclipse-cs/update.

!ENTRY org.eclipse.equinox.p2.core 4 0 2021-08-24 17:25:09.881
!MESSAGE Provisioning exception
!STACK 1
org.eclipse.equinox.p2.core.ProvisionException: No repository found at http://dl.bintray.com/subclipse/archive/release/1.10.x/.
	at org.eclipse.equinox.internal.p2.repository.helpers.AbstractRepositoryManager.fail(AbstractRepositoryManager.java:397)
	at org.eclipse.equinox.internal.p2.repository.helpers.AbstractRepositoryManager.loadRepository(AbstractRepositoryManager.java:662)
	at org.eclipse.equinox.internal.p2.metadata.repository.MetadataRepositoryManager.loadRepository(MetadataRepositoryManager.java:110)
	at org.eclipse.equinox.internal.p2.metadata.repository.MetadataRepositoryManager.loadRepository(MetadataRepositoryManager.java:105)
	at org.eclipse.equinox.p2.ui.LoadMetadataRepositoryJob.doLoad(LoadMetadataRepositoryJob.java:126)
	at org.eclipse.equinox.p2.ui.LoadMetadataRepositoryJob.runModal(LoadMetadataRepositoryJob.java:110)
	at org.eclipse.equinox.internal.p2.ui.sdk.PreloadingRepositoryHandler$1.runModal(PreloadingRepositoryHandler.java:84)
	at org.eclipse.equinox.p2.operations.ProvisioningJob.run(ProvisioningJob.java:188)
	at org.eclipse.core.internal.jobs.Worker.run(Worker.java:63)
!SUBENTRY 1 org.eclipse.equinox.p2.metadata.repository 4 1000 2021-08-24 17:25:09.881
!MESSAGE No repository found at http://dl.bintray.com/subclipse/archive/release/1.10.x/.

!ENTRY org.eclipse.equinox.p2.core 4 0 2021-08-24 17:28:49.957
!MESSAGE Provisioning exception
!STACK 1
org.eclipse.equinox.p2.core.ProvisionException: No repository found at http://checkstyle.org/eclipse-cs/update.
	at org.eclipse.equinox.internal.p2.repository.helpers.AbstractRepositoryManager.fail(AbstractRepositoryManager.java:397)
	at org.eclipse.equinox.internal.p2.repository.helpers.AbstractRepositoryManager.loadRepository(AbstractRepositoryManager.java:662)
	at org.eclipse.equinox.internal.p2.metadata.repository.MetadataRepositoryManager.loadRepository(MetadataRepositoryManager.java:110)
	at org.eclipse.equinox.internal.p2.metadata.repository.MetadataRepositoryManager.loadRepository(MetadataRepositoryManager.java:105)
	at org.eclipse.equinox.p2.ui.LoadMetadataRepositoryJob.doLoad(LoadMetadataRepositoryJob.java:126)
	at org.eclipse.equinox.p2.ui.LoadMetadataRepositoryJob.runModal(LoadMetadataRepositoryJob.java:110)
	at org.eclipse.equinox.internal.p2.ui.sdk.PreloadingRepositoryHandler$1.runModal(PreloadingRepositoryHandler.java:84)
	at org.eclipse.equinox.p2.operations.ProvisioningJob.run(ProvisioningJob.java:188)
	at org.eclipse.core.internal.jobs.Worker.run(Worker.java:63)
!SUBENTRY 1 org.eclipse.equinox.p2.metadata.repository 4 1000 2021-08-24 17:28:49.957
!MESSAGE No repository found at http://checkstyle.org/eclipse-cs/update.

!ENTRY org.eclipse.equinox.p2.core 4 0 2021-08-24 17:28:49.960
!MESSAGE Provisioning exception
!STACK 1
org.eclipse.equinox.p2.core.ProvisionException: No repository found at http://dl.bintray.com/subclipse/archive/release/1.10.x/.
	at org.eclipse.equinox.internal.p2.repository.helpers.AbstractRepositoryManager.fail(AbstractRepositoryManager.java:397)
	at org.eclipse.equinox.internal.p2.repository.helpers.AbstractRepositoryManager.loadRepository(AbstractRepositoryManager.java:662)
	at org.eclipse.equinox.internal.p2.metadata.repository.MetadataRepositoryManager.loadRepository(MetadataRepositoryManager.java:110)
	at org.eclipse.equinox.internal.p2.metadata.repository.MetadataRepositoryManager.loadRepository(MetadataRepositoryManager.java:105)
	at org.eclipse.equinox.p2.ui.LoadMetadataRepositoryJob.doLoad(LoadMetadataRepositoryJob.java:126)
	at org.eclipse.equinox.p2.ui.LoadMetadataRepositoryJob.runModal(LoadMetadataRepositoryJob.java:110)
	at org.eclipse.equinox.internal.p2.ui.sdk.PreloadingRepositoryHandler$1.runModal(PreloadingRepositoryHandler.java:84)
	at org.eclipse.equinox.p2.operations.ProvisioningJob.run(ProvisioningJob.java:188)
	at org.eclipse.core.internal.jobs.Worker.run(Worker.java:63)
!SUBENTRY 1 org.eclipse.equinox.p2.metadata.repository 4 1000 2021-08-24 17:28:49.960
!MESSAGE No repository found at http://dl.bintray.com/subclipse/archive/release/1.10.x/.

!ENTRY org.eclipse.equinox.p2.core 4 0 2021-08-24 17:30:21.184
!MESSAGE Provisioning exception
!STACK 1
org.eclipse.equinox.p2.core.ProvisionException: No repository found at http://checkstyle.org/eclipse-cs/update.
	at org.eclipse.equinox.internal.p2.repository.helpers.AbstractRepositoryManager.fail(AbstractRepositoryManager.java:397)
	at org.eclipse.equinox.internal.p2.repository.helpers.AbstractRepositoryManager.loadRepository(AbstractRepositoryManager.java:662)
	at org.eclipse.equinox.internal.p2.metadata.repository.MetadataRepositoryManager.loadRepository(MetadataRepositoryManager.java:110)
	at org.eclipse.equinox.internal.p2.metadata.repository.MetadataRepositoryManager.loadRepository(MetadataRepositoryManager.java:105)
	at org.eclipse.equinox.p2.ui.LoadMetadataRepositoryJob.doLoad(LoadMetadataRepositoryJob.java:126)
	at org.eclipse.equinox.p2.ui.LoadMetadataRepositoryJob.runModal(LoadMetadataRepositoryJob.java:110)
	at org.eclipse.equinox.internal.p2.ui.sdk.PreloadingRepositoryHandler$1.runModal(PreloadingRepositoryHandler.java:84)
	at org.eclipse.equinox.p2.operations.ProvisioningJob.run(ProvisioningJob.java:188)
	at org.eclipse.core.internal.jobs.Worker.run(Worker.java:63)
!SUBENTRY 1 org.eclipse.equinox.p2.metadata.repository 4 1000 2021-08-24 17:30:21.184
!MESSAGE No repository found at http://checkstyle.org/eclipse-cs/update.

!ENTRY org.eclipse.equinox.p2.core 4 0 2021-08-24 17:30:21.186
!MESSAGE Provisioning exception
!STACK 1
org.eclipse.equinox.p2.core.ProvisionException: No repository found at http://dl.bintray.com/subclipse/archive/release/1.10.x/.
	at org.eclipse.equinox.internal.p2.repository.helpers.AbstractRepositoryManager.fail(AbstractRepositoryManager.java:397)
	at org.eclipse.equinox.internal.p2.repository.helpers.AbstractRepositoryManager.loadRepository(AbstractRepositoryManager.java:662)
	at org.eclipse.equinox.internal.p2.metadata.repository.MetadataRepositoryManager.loadRepository(MetadataRepositoryManager.java:110)
	at org.eclipse.equinox.internal.p2.metadata.repository.MetadataRepositoryManager.loadRepository(MetadataRepositoryManager.java:105)
	at org.eclipse.equinox.p2.ui.LoadMetadataRepositoryJob.doLoad(LoadMetadataRepositoryJob.java:126)
	at org.eclipse.equinox.p2.ui.LoadMetadataRepositoryJob.runModal(LoadMetadataRepositoryJob.java:110)
	at org.eclipse.equinox.internal.p2.ui.sdk.PreloadingRepositoryHandler$1.runModal(PreloadingRepositoryHandler.java:84)
	at org.eclipse.equinox.p2.operations.ProvisioningJob.run(ProvisioningJob.java:188)
	at org.eclipse.core.internal.jobs.Worker.run(Worker.java:63)
!SUBENTRY 1 org.eclipse.equinox.p2.metadata.repository 4 1000 2021-08-24 17:30:21.187
!MESSAGE No repository found at http://dl.bintray.com/subclipse/archive/release/1.10.x/.

!ENTRY org.eclipse.equinox.p2.operations 4 0 2021-08-24 17:32:19.158
!MESSAGE Operation details
!SUBENTRY 1 org.eclipse.equinox.p2.operations 1 10001 2021-08-24 17:32:19.158
!MESSAGE Your original request has been modified.
!SUBENTRY 2 org.eclipse.equinox.p2.operations 1 10003 2021-08-24 17:32:19.158
!MESSAGE "SVNKit Library" is already installed, so an update will be performed instead.
!SUBENTRY 2 org.eclipse.equinox.p2.operations 1 10003 2021-08-24 17:32:19.158
!MESSAGE "SVNKit Client Adapter" is already installed, so an update will be performed instead.
!SUBENTRY 2 org.eclipse.equinox.p2.operations 1 10003 2021-08-24 17:32:19.158
!MESSAGE "Subclipse" is already installed, so an update will be performed instead.
!SUBENTRY 1 org.eclipse.equinox.p2.director 4 10054 2021-08-24 17:32:19.158
!MESSAGE Cannot complete the install because of a conflicting dependency.
!SUBENTRY 2 org.eclipse.equinox.p2.director 4 0 2021-08-24 17:32:19.158
!MESSAGE Software being installed: Subclipse 4.3.3.202012181204 (org.tigris.subversion.subclipse.feature.group 4.3.3.202012181204)
!SUBENTRY 2 org.eclipse.equinox.p2.director 4 0 2021-08-24 17:32:19.158
!MESSAGE Software currently installed: Subversion Client Adapter (Required) 1.10.3 (org.tigris.subversion.clientadapter.feature.feature.group 1.10.3)
!SUBENTRY 2 org.eclipse.equinox.p2.director 4 1 2021-08-24 17:32:19.158
!MESSAGE Only one of the following can be installed at once: 
!SUBENTRY 3 org.eclipse.equinox.p2.director 4 0 2021-08-24 17:32:19.158
!MESSAGE Subversion Client Adapter 1.10.0 (org.tigris.subversion.clientadapter 1.10.0)
!SUBENTRY 3 org.eclipse.equinox.p2.director 4 0 2021-08-24 17:32:19.158
!MESSAGE Subversion Client Adapter 1.10.3 (org.tigris.subversion.clientadapter 1.10.3)
!SUBENTRY 2 org.eclipse.equinox.p2.director 4 1 2021-08-24 17:32:19.158
!MESSAGE Cannot satisfy dependency:
!SUBENTRY 3 org.eclipse.equinox.p2.director 4 0 2021-08-24 17:32:19.158
!MESSAGE From: Subversion Client Adapter (Required) 1.10.3 (org.tigris.subversion.clientadapter.feature.feature.group 1.10.3)
!SUBENTRY 3 org.eclipse.equinox.p2.director 4 0 2021-08-24 17:32:19.158
!MESSAGE To: org.eclipse.equinox.p2.iu; org.tigris.subversion.clientadapter [1.10.3,1.10.3]
!SUBENTRY 2 org.eclipse.equinox.p2.director 4 1 2021-08-24 17:32:19.158
!MESSAGE Cannot satisfy dependency:
!SUBENTRY 3 org.eclipse.equinox.p2.director 4 0 2021-08-24 17:32:19.158
!MESSAGE From: Subclipse 4.3.3.202012181204 (org.tigris.subversion.subclipse.feature.group 4.3.3.202012181204)
!SUBENTRY 3 org.eclipse.equinox.p2.director 4 0 2021-08-24 17:32:19.158
!MESSAGE To: org.eclipse.equinox.p2.iu; org.tigris.subversion.clientadapter [1.10.0,1.10.0]

!ENTRY org.eclipse.equinox.p2.operations 4 0 2021-08-24 17:32:19.162
!MESSAGE Operation details
!SUBENTRY 1 org.eclipse.equinox.p2.operations 1 10001 2021-08-24 17:32:19.162
!MESSAGE Your original request has been modified.
!SUBENTRY 2 org.eclipse.equinox.p2.operations 1 10003 2021-08-24 17:32:19.162
!MESSAGE "SVNKit Library" is already installed, so an update will be performed instead.
!SUBENTRY 2 org.eclipse.equinox.p2.operations 1 10003 2021-08-24 17:32:19.162
!MESSAGE "SVNKit Client Adapter" is already installed, so an update will be performed instead.
!SUBENTRY 2 org.eclipse.equinox.p2.operations 1 10003 2021-08-24 17:32:19.162
!MESSAGE "Subclipse" is already installed, so an update will be performed instead.
!SUBENTRY 1 org.eclipse.equinox.p2.director 4 10054 2021-08-24 17:32:19.162
!MESSAGE Cannot complete the install because of a conflicting dependency.
!SUBENTRY 2 org.eclipse.equinox.p2.director 4 0 2021-08-24 17:32:19.162
!MESSAGE Software being installed: Subclipse 4.3.3.202012181204 (org.tigris.subversion.subclipse.feature.group 4.3.3.202012181204)
!SUBENTRY 2 org.eclipse.equinox.p2.director 4 0 2021-08-24 17:32:19.162
!MESSAGE Software currently installed: Subversion Client Adapter (Required) 1.10.3 (org.tigris.subversion.clientadapter.feature.feature.group 1.10.3)
!SUBENTRY 2 org.eclipse.equinox.p2.director 4 1 2021-08-24 17:32:19.162
!MESSAGE Only one of the following can be installed at once: 
!SUBENTRY 3 org.eclipse.equinox.p2.director 4 0 2021-08-24 17:32:19.162
!MESSAGE Subversion Client Adapter 1.10.0 (org.tigris.subversion.clientadapter 1.10.0)
!SUBENTRY 3 org.eclipse.equinox.p2.director 4 0 2021-08-24 17:32:19.162
!MESSAGE Subversion Client Adapter 1.10.3 (org.tigris.subversion.clientadapter 1.10.3)
!SUBENTRY 2 org.eclipse.equinox.p2.director 4 1 2021-08-24 17:32:19.162
!MESSAGE Cannot satisfy dependency:
!SUBENTRY 3 org.eclipse.equinox.p2.director 4 0 2021-08-24 17:32:19.162
!MESSAGE From: Subversion Client Adapter (Required) 1.10.3 (org.tigris.subversion.clientadapter.feature.feature.group 1.10.3)
!SUBENTRY 3 org.eclipse.equinox.p2.director 4 0 2021-08-24 17:32:19.162
!MESSAGE To: org.eclipse.equinox.p2.iu; org.tigris.subversion.clientadapter [1.10.3,1.10.3]
!SUBENTRY 2 org.eclipse.equinox.p2.director 4 1 2021-08-24 17:32:19.162
!MESSAGE Cannot satisfy dependency:
!SUBENTRY 3 org.eclipse.equinox.p2.director 4 0 2021-08-24 17:32:19.162
!MESSAGE From: Subclipse 4.3.3.202012181204 (org.tigris.subversion.subclipse.feature.group 4.3.3.202012181204)
!SUBENTRY 3 org.eclipse.equinox.p2.director 4 0 2021-08-24 17:32:19.162
!MESSAGE To: org.eclipse.equinox.p2.iu; org.tigris.subversion.clientadapter [1.10.0,1.10.0]

!ENTRY org.eclipse.equinox.p2.operations 4 0 2021-08-24 17:32:19.169
!MESSAGE Operation details
!SUBENTRY 1 org.eclipse.equinox.p2.operations 1 10001 2021-08-24 17:32:19.169
!MESSAGE Your original request has been modified.
!SUBENTRY 2 org.eclipse.equinox.p2.operations 1 10003 2021-08-24 17:32:19.169
!MESSAGE "SVNKit Library" is already installed, so an update will be performed instead.
!SUBENTRY 2 org.eclipse.equinox.p2.operations 1 10003 2021-08-24 17:32:19.170
!MESSAGE "SVNKit Client Adapter" is already installed, so an update will be performed instead.
!SUBENTRY 2 org.eclipse.equinox.p2.operations 1 10003 2021-08-24 17:32:19.170
!MESSAGE "Subclipse" is already installed, so an update will be performed instead.
!SUBENTRY 1 org.eclipse.equinox.p2.director 4 10054 2021-08-24 17:32:19.170
!MESSAGE Cannot complete the install because of a conflicting dependency.
!SUBENTRY 2 org.eclipse.equinox.p2.director 4 0 2021-08-24 17:32:19.170
!MESSAGE Software being installed: Subclipse 4.3.3.202012181204 (org.tigris.subversion.subclipse.feature.group 4.3.3.202012181204)
!SUBENTRY 2 org.eclipse.equinox.p2.director 4 0 2021-08-24 17:32:19.170
!MESSAGE Software currently installed: Subversion Client Adapter (Required) 1.10.3 (org.tigris.subversion.clientadapter.feature.feature.group 1.10.3)
!SUBENTRY 2 org.eclipse.equinox.p2.director 4 1 2021-08-24 17:32:19.170
!MESSAGE Only one of the following can be installed at once: 
!SUBENTRY 3 org.eclipse.equinox.p2.director 4 0 2021-08-24 17:32:19.170
!MESSAGE Subversion Client Adapter 1.10.0 (org.tigris.subversion.clientadapter 1.10.0)
!SUBENTRY 3 org.eclipse.equinox.p2.director 4 0 2021-08-24 17:32:19.170
!MESSAGE Subversion Client Adapter 1.10.3 (org.tigris.subversion.clientadapter 1.10.3)
!SUBENTRY 2 org.eclipse.equinox.p2.director 4 1 2021-08-24 17:32:19.170
!MESSAGE Cannot satisfy dependency:
!SUBENTRY 3 org.eclipse.equinox.p2.director 4 0 2021-08-24 17:32:19.170
!MESSAGE From: Subversion Client Adapter (Required) 1.10.3 (org.tigris.subversion.clientadapter.feature.feature.group 1.10.3)
!SUBENTRY 3 org.eclipse.equinox.p2.director 4 0 2021-08-24 17:32:19.170
!MESSAGE To: org.eclipse.equinox.p2.iu; org.tigris.subversion.clientadapter [1.10.3,1.10.3]
!SUBENTRY 2 org.eclipse.equinox.p2.director 4 1 2021-08-24 17:32:19.170
!MESSAGE Cannot satisfy dependency:
!SUBENTRY 3 org.eclipse.equinox.p2.director 4 0 2021-08-24 17:32:19.170
!MESSAGE From: Subclipse 4.3.3.202012181204 (org.tigris.subversion.subclipse.feature.group 4.3.3.202012181204)
!SUBENTRY 3 org.eclipse.equinox.p2.director 4 0 2021-08-24 17:32:19.170
!MESSAGE To: org.eclipse.equinox.p2.iu; org.tigris.subversion.clientadapter [1.10.0,1.10.0]

!ENTRY org.eclipse.equinox.p2.operations 4 0 2021-08-24 17:32:19.170
!MESSAGE Operation details
!SUBENTRY 1 org.eclipse.equinox.p2.operations 1 10001 2021-08-24 17:32:19.170
!MESSAGE Your original request has been modified.
!SUBENTRY 2 org.eclipse.equinox.p2.operations 1 10003 2021-08-24 17:32:19.170
!MESSAGE "SVNKit Library" is already installed, so an update will be performed instead.
!SUBENTRY 2 org.eclipse.equinox.p2.operations 1 10003 2021-08-24 17:32:19.170
!MESSAGE "SVNKit Client Adapter" is already installed, so an update will be performed instead.
!SUBENTRY 2 org.eclipse.equinox.p2.operations 1 10003 2021-08-24 17:32:19.170
!MESSAGE "Subclipse" is already installed, so an update will be performed instead.
!SUBENTRY 1 org.eclipse.equinox.p2.director 4 10054 2021-08-24 17:32:19.171
!MESSAGE Cannot complete the install because of a conflicting dependency.
!SUBENTRY 2 org.eclipse.equinox.p2.director 4 0 2021-08-24 17:32:19.171
!MESSAGE Software being installed: Subclipse 4.3.3.202012181204 (org.tigris.subversion.subclipse.feature.group 4.3.3.202012181204)
!SUBENTRY 2 org.eclipse.equinox.p2.director 4 0 2021-08-24 17:32:19.171
!MESSAGE Software currently installed: Subversion Client Adapter (Required) 1.10.3 (org.tigris.subversion.clientadapter.feature.feature.group 1.10.3)
!SUBENTRY 2 org.eclipse.equinox.p2.director 4 1 2021-08-24 17:32:19.171
!MESSAGE Only one of the following can be installed at once: 
!SUBENTRY 3 org.eclipse.equinox.p2.director 4 0 2021-08-24 17:32:19.171
!MESSAGE Subversion Client Adapter 1.10.0 (org.tigris.subversion.clientadapter 1.10.0)
!SUBENTRY 3 org.eclipse.equinox.p2.director 4 0 2021-08-24 17:32:19.171
!MESSAGE Subversion Client Adapter 1.10.3 (org.tigris.subversion.clientadapter 1.10.3)
!SUBENTRY 2 org.eclipse.equinox.p2.director 4 1 2021-08-24 17:32:19.171
!MESSAGE Cannot satisfy dependency:
!SUBENTRY 3 org.eclipse.equinox.p2.director 4 0 2021-08-24 17:32:19.171
!MESSAGE From: Subversion Client Adapter (Required) 1.10.3 (org.tigris.subversion.clientadapter.feature.feature.group 1.10.3)
!SUBENTRY 3 org.eclipse.equinox.p2.director 4 0 2021-08-24 17:32:19.171
!MESSAGE To: org.eclipse.equinox.p2.iu; org.tigris.subversion.clientadapter [1.10.3,1.10.3]
!SUBENTRY 2 org.eclipse.equinox.p2.director 4 1 2021-08-24 17:32:19.171
!MESSAGE Cannot satisfy dependency:
!SUBENTRY 3 org.eclipse.equinox.p2.director 4 0 2021-08-24 17:32:19.171
!MESSAGE From: Subclipse 4.3.3.202012181204 (org.tigris.subversion.subclipse.feature.group 4.3.3.202012181204)
!SUBENTRY 3 org.eclipse.equinox.p2.director 4 0 2021-08-24 17:32:19.171
!MESSAGE To: org.eclipse.equinox.p2.iu; org.tigris.subversion.clientadapter [1.10.0,1.10.0]

!ENTRY org.eclipse.equinox.p2.core 4 0 2021-08-24 17:34:25.852
!MESSAGE Provisioning exception
!STACK 1
org.eclipse.equinox.p2.core.ProvisionException: No repository found at http://checkstyle.org/eclipse-cs/update.
	at org.eclipse.equinox.internal.p2.repository.helpers.AbstractRepositoryManager.fail(AbstractRepositoryManager.java:397)
	at org.eclipse.equinox.internal.p2.repository.helpers.AbstractRepositoryManager.loadRepository(AbstractRepositoryManager.java:662)
	at org.eclipse.equinox.internal.p2.metadata.repository.MetadataRepositoryManager.loadRepository(MetadataRepositoryManager.java:110)
	at org.eclipse.equinox.internal.p2.metadata.repository.MetadataRepositoryManager.loadRepository(MetadataRepositoryManager.java:105)
	at org.eclipse.equinox.p2.ui.LoadMetadataRepositoryJob.doLoad(LoadMetadataRepositoryJob.java:126)
	at org.eclipse.equinox.p2.ui.LoadMetadataRepositoryJob.runModal(LoadMetadataRepositoryJob.java:110)
	at org.eclipse.equinox.internal.p2.ui.sdk.PreloadingRepositoryHandler$1.runModal(PreloadingRepositoryHandler.java:84)
	at org.eclipse.equinox.p2.operations.ProvisioningJob.run(ProvisioningJob.java:188)
	at org.eclipse.core.internal.jobs.Worker.run(Worker.java:63)
!SUBENTRY 1 org.eclipse.equinox.p2.metadata.repository 4 1000 2021-08-24 17:34:25.852
!MESSAGE No repository found at http://checkstyle.org/eclipse-cs/update.

!ENTRY org.eclipse.equinox.p2.core 4 0 2021-08-24 17:34:25.854
!MESSAGE Provisioning exception
!STACK 1
org.eclipse.equinox.p2.core.ProvisionException: No repository found at http://dl.bintray.com/subclipse/archive/release/1.10.x/.
	at org.eclipse.equinox.internal.p2.repository.helpers.AbstractRepositoryManager.fail(AbstractRepositoryManager.java:397)
	at org.eclipse.equinox.internal.p2.repository.helpers.AbstractRepositoryManager.loadRepository(AbstractRepositoryManager.java:662)
	at org.eclipse.equinox.internal.p2.metadata.repository.MetadataRepositoryManager.loadRepository(MetadataRepositoryManager.java:110)
	at org.eclipse.equinox.internal.p2.metadata.repository.MetadataRepositoryManager.loadRepository(MetadataRepositoryManager.java:105)
	at org.eclipse.equinox.p2.ui.LoadMetadataRepositoryJob.doLoad(LoadMetadataRepositoryJob.java:126)
	at org.eclipse.equinox.p2.ui.LoadMetadataRepositoryJob.runModal(LoadMetadataRepositoryJob.java:110)
	at org.eclipse.equinox.internal.p2.ui.sdk.PreloadingRepositoryHandler$1.runModal(PreloadingRepositoryHandler.java:84)
	at org.eclipse.equinox.p2.operations.ProvisioningJob.run(ProvisioningJob.java:188)
	at org.eclipse.core.internal.jobs.Worker.run(Worker.java:63)
!SUBENTRY 1 org.eclipse.equinox.p2.metadata.repository 4 1000 2021-08-24 17:34:25.854
!MESSAGE No repository found at http://dl.bintray.com/subclipse/archive/release/1.10.x/.

!ENTRY org.eclipse.equinox.p2.operations 4 0 2021-08-24 17:36:33.480
!MESSAGE Operation details
!SUBENTRY 1 org.eclipse.equinox.p2.operations 4 10050 2021-08-24 17:36:33.480
!MESSAGE Cannot complete the request.  See the error log for details.
!SUBENTRY 1 org.eclipse.equinox.p2.operations 2 10004 2021-08-24 17:36:33.480
!MESSAGE "Eclipse Web Developer Tools" will be ignored because a newer version is already installed. 

!ENTRY org.eclipse.equinox.p2.operations 4 0 2021-08-24 17:36:33.484
!MESSAGE Operation details
!SUBENTRY 1 org.eclipse.equinox.p2.operations 4 10050 2021-08-24 17:36:33.484
!MESSAGE Cannot complete the request.  See the error log for details.
!SUBENTRY 1 org.eclipse.equinox.p2.operations 2 10004 2021-08-24 17:36:33.484
!MESSAGE "Eclipse Web Developer Tools" will be ignored because a newer version is already installed. 
!SESSION 2021-08-24 17:37:28.876 -----------------------------------------------
eclipse.buildId=4.20.0.I20210611-1600
java.version=15.0.1
java.vendor=Oracle Corporation
BootLoader constants: OS=macosx, ARCH=x86_64, WS=cocoa, NL=en_US
Framework arguments:  -product org.eclipse.epp.package.java.product -keyring /Users/abdiace/.eclipse_keyring
Command-line arguments:  -os macosx -ws cocoa -arch x86_64 -product org.eclipse.epp.package.java.product -keyring /Users/abdiace/.eclipse_keyring

!ENTRY org.eclipse.jface 2 0 2021-08-24 17:37:42.458
!MESSAGE Keybinding conflicts occurred.  They may interfere with normal accelerator operation.
!SUBENTRY 1 org.eclipse.jface 2 0 2021-08-24 17:37:42.458
!MESSAGE A conflict occurred for COMMAND+SHIFT+T:
Binding(COMMAND+SHIFT+T,
	ParameterizedCommand(Command(org.eclipse.jdt.ui.navigate.open.type,Open Type,
		Open a type in a Java editor,
		Category(org.eclipse.ui.category.navigate,Navigate,null,true),
		org.eclipse.ui.internal.WorkbenchHandlerServiceHandler@71f8ce0e,
		,,true),null),
	org.eclipse.ui.defaultAcceleratorConfiguration,
	org.eclipse.ui.contexts.window,,,system)
Binding(COMMAND+SHIFT+T,
	ParameterizedCommand(Command(org.eclipse.lsp4e.symbolinworkspace,Go to Symbol in Workspace,
		,
		Category(org.eclipse.lsp4e.category,Language Servers,null,true),
		org.eclipse.ui.internal.WorkbenchHandlerServiceHandler@4fd92289,
		,,true),null),
	org.eclipse.ui.defaultAcceleratorConfiguration,
	org.eclipse.ui.contexts.window,,,system)

!ENTRY org.eclipse.e4.ui.workbench 4 0 2021-08-24 17:37:51.925
!MESSAGE Unable to retrieve the bundle from the URI: bundleclass://org.eclipse.recommenders.news.rcp/org.eclipse.recommenders.internal.news.rcp.toolbar.NewsToolControl

!ENTRY com.github.spotbugs.plugin.eclipse 4 0 2021-08-24 17:41:08.422
!MESSAGE Library not found in plugin: /lib/spotbugs-annotations-4.4.0.jar

!ENTRY com.github.spotbugs.plugin.eclipse 4 0 2021-08-24 17:41:08.423
!MESSAGE Unable to find path for variable: FINDBUGS_ANNOTATIONS

!ENTRY com.github.spotbugs.plugin.eclipse 4 0 2021-08-24 17:41:08.424
!MESSAGE Library not found in plugin: /lib/jsr305-3.0.1.jar

!ENTRY com.github.spotbugs.plugin.eclipse 4 0 2021-08-24 17:41:08.425
!MESSAGE Unable to find path for variable: JSR305_ANNOTATIONS

!ENTRY com.github.spotbugs.plugin.eclipse 4 0 2021-08-24 17:41:08.426
!MESSAGE Library not found in plugin: /lib/spotbugs-annotations-4.4.0.jar

!ENTRY com.github.spotbugs.plugin.eclipse 4 0 2021-08-24 17:41:08.427
!MESSAGE Unable to find path for variable: FINDBUGS_ANNOTATIONS

!ENTRY com.github.spotbugs.plugin.eclipse 4 0 2021-08-24 17:41:08.427
!MESSAGE Library not found in plugin: /lib/jsr305-3.0.1.jar

!ENTRY com.github.spotbugs.plugin.eclipse 4 0 2021-08-24 17:41:08.429
!MESSAGE Unable to find path for variable: JSR305_ANNOTATIONS

!ENTRY com.github.spotbugs.plugin.eclipse 1 0 2021-08-24 17:42:37.520
!MESSAGE creating new bug collection: /Users/abdiace/Desktop/CSE2231 workspace/.metadata/.plugins/com.github.spotbugs.plugin.eclipse/SequencePalindrome.fbwarnings.xml

!ENTRY net.sf.eclipsecs.core 4 0 2021-08-24 23:34:28.971
!MESSAGE Checkstyle-Plugin: Exception was thrown while processing /Users/abdiace/Desktop/CSE2231 workspace/SequencePalindrome/src/SequencePalindrome.java
!STACK 0
com.puppycrawl.tools.checkstyle.api.CheckstyleException: Exception was thrown while processing /Users/abdiace/Desktop/CSE2231 workspace/SequencePalindrome/src/SequencePalindrome.java
	at com.puppycrawl.tools.checkstyle.Checker.processFiles(Checker.java:302)
	at com.puppycrawl.tools.checkstyle.Checker.process(Checker.java:221)
	at net.sf.eclipsecs.core.builder.Auditor.runAudit(Auditor.java:146)
	at net.sf.eclipsecs.core.builder.CheckstyleBuilder.handleBuildSelection(CheckstyleBuilder.java:307)
	at net.sf.eclipsecs.core.builder.CheckstyleBuilder.build(CheckstyleBuilder.java:173)
	at org.eclipse.core.internal.events.BuildManager$2.run(BuildManager.java:846)
	at org.eclipse.core.runtime.SafeRunner.run(SafeRunner.java:45)
	at org.eclipse.core.internal.events.BuildManager.basicBuild(BuildManager.java:229)
	at org.eclipse.core.internal.events.BuildManager.basicBuild(BuildManager.java:277)
	at org.eclipse.core.internal.events.BuildManager$1.run(BuildManager.java:330)
	at org.eclipse.core.runtime.SafeRunner.run(SafeRunner.java:45)
	at org.eclipse.core.internal.events.BuildManager.basicBuild(BuildManager.java:333)
	at org.eclipse.core.internal.events.BuildManager.basicBuildLoop(BuildManager.java:385)
	at org.eclipse.core.internal.events.BuildManager.build(BuildManager.java:406)
	at org.eclipse.core.internal.events.AutoBuildJob.doBuild(AutoBuildJob.java:154)
	at org.eclipse.core.internal.events.AutoBuildJob.run(AutoBuildJob.java:244)
	at org.eclipse.core.internal.jobs.Worker.run(Worker.java:63)
Caused by: com.puppycrawl.tools.checkstyle.api.CheckstyleException: IllegalStateException occurred while parsing file /Users/abdiace/Desktop/CSE2231 workspace/SequencePalindrome/src/SequencePalindrome.java.
	at com.puppycrawl.tools.checkstyle.JavaParser.parse(JavaParser.java:120)
	at com.puppycrawl.tools.checkstyle.TreeWalker.processFiltered(TreeWalker.java:152)
	at com.puppycrawl.tools.checkstyle.api.AbstractFileSetCheck.process(AbstractFileSetCheck.java:87)
	at com.puppycrawl.tools.checkstyle.Checker.processFile(Checker.java:328)
	at com.puppycrawl.tools.checkstyle.Checker.processFiles(Checker.java:289)
	... 16 more
Caused by: java.lang.IllegalStateException: /Users/abdiace/Desktop/CSE2231 workspace/SequencePalindrome/src/SequencePalindrome.java:62:60: expecting RPAREN, found ';'
	at com.puppycrawl.tools.checkstyle.JavaParser$1.reportError(JavaParser.java:108)
	at com.puppycrawl.tools.checkstyle.grammar.GeneratedJavaRecognizer.typeDefinition(GeneratedJavaRecognizer.java:429)
	at com.puppycrawl.tools.checkstyle.grammar.GeneratedJavaRecognizer.compilationUnit(GeneratedJavaRecognizer.java:212)
	at com.puppycrawl.tools.checkstyle.JavaParser.parse(JavaParser.java:114)
	... 20 more
Caused by: /Users/abdiace/Desktop/CSE2231 workspace/SequencePalindrome/src/SequencePalindrome.java:62:60: expecting RPAREN, found ';'
	at antlr.Parser.match(Parser.java:211)
	at com.puppycrawl.tools.checkstyle.grammar.GeneratedJavaRecognizer.postfixExpression(GeneratedJavaRecognizer.java:9058)
	at com.puppycrawl.tools.checkstyle.grammar.GeneratedJavaRecognizer.castExpression(GeneratedJavaRecognizer.java:8760)
	at com.puppycrawl.tools.checkstyle.grammar.GeneratedJavaRecognizer.unaryExpressionNotPlusMinus(GeneratedJavaRecognizer.java:8616)
	at com.puppycrawl.tools.checkstyle.grammar.GeneratedJavaRecognizer.unaryExpression(GeneratedJavaRecognizer.java:8543)
	at com.puppycrawl.tools.checkstyle.grammar.GeneratedJavaRecognizer.multiplicativeExpression(GeneratedJavaRecognizer.java:8401)
	at com.puppycrawl.tools.checkstyle.grammar.GeneratedJavaRecognizer.additiveExpression(GeneratedJavaRecognizer.java:8352)
	at com.puppycrawl.tools.checkstyle.grammar.GeneratedJavaRecognizer.shiftExpression(GeneratedJavaRecognizer.java:8227)
	at com.puppycrawl.tools.checkstyle.grammar.GeneratedJavaRecognizer.relationalExpression(GeneratedJavaRecognizer.java:8114)
	at com.puppycrawl.tools.checkstyle.grammar.GeneratedJavaRecognizer.equalityExpression(GeneratedJavaRecognizer.java:8065)
	at com.puppycrawl.tools.checkstyle.grammar.GeneratedJavaRecognizer.andExpression(GeneratedJavaRecognizer.java:8036)
	at com.puppycrawl.tools.checkstyle.grammar.GeneratedJavaRecognizer.exclusiveOrExpression(GeneratedJavaRecognizer.java:8007)
	at com.puppycrawl.tools.checkstyle.grammar.GeneratedJavaRecognizer.inclusiveOrExpression(GeneratedJavaRecognizer.java:7978)
	at com.puppycrawl.tools.checkstyle.grammar.GeneratedJavaRecognizer.logicalAndExpression(GeneratedJavaRecognizer.java:7949)
	at com.puppycrawl.tools.checkstyle.grammar.GeneratedJavaRecognizer.logicalOrExpression(GeneratedJavaRecognizer.java:7920)
	at com.puppycrawl.tools.checkstyle.grammar.GeneratedJavaRecognizer.conditionalExpression(GeneratedJavaRecognizer.java:2497)
	at com.puppycrawl.tools.checkstyle.grammar.GeneratedJavaRecognizer.assignmentExpression(GeneratedJavaRecognizer.java:7666)
	at com.puppycrawl.tools.checkstyle.grammar.GeneratedJavaRecognizer.expression(GeneratedJavaRecognizer.java:5501)
	at com.puppycrawl.tools.checkstyle.grammar.GeneratedJavaRecognizer.traditionalStatement(GeneratedJavaRecognizer.java:6029)
	at com.puppycrawl.tools.checkstyle.grammar.GeneratedJavaRecognizer.statement(GeneratedJavaRecognizer.java:4982)
	at com.puppycrawl.tools.checkstyle.grammar.GeneratedJavaRecognizer.compoundStatement(GeneratedJavaRecognizer.java:4708)
	at com.puppycrawl.tools.checkstyle.grammar.GeneratedJavaRecognizer.traditionalStatement(GeneratedJavaRecognizer.java:5813)
	at com.puppycrawl.tools.checkstyle.grammar.GeneratedJavaRecognizer.statement(GeneratedJavaRecognizer.java:4982)
	at com.puppycrawl.tools.checkstyle.grammar.GeneratedJavaRecognizer.traditionalStatement(GeneratedJavaRecognizer.java:5834)
	at com.puppycrawl.tools.checkstyle.grammar.GeneratedJavaRecognizer.statement(GeneratedJavaRecognizer.java:4982)
	at com.puppycrawl.tools.checkstyle.grammar.GeneratedJavaRecognizer.compoundStatement(GeneratedJavaRecognizer.java:4708)
	at com.puppycrawl.tools.checkstyle.grammar.GeneratedJavaRecognizer.field(GeneratedJavaRecognizer.java:3245)
	at com.puppycrawl.tools.checkstyle.grammar.GeneratedJavaRecognizer.classBlock(GeneratedJavaRecognizer.java:3560)
	at com.puppycrawl.tools.checkstyle.grammar.GeneratedJavaRecognizer.classDefinition(GeneratedJavaRecognizer.java:655)
	at com.puppycrawl.tools.checkstyle.grammar.GeneratedJavaRecognizer.typeDefinitionInternal(GeneratedJavaRecognizer.java:566)
	at com.puppycrawl.tools.checkstyle.grammar.GeneratedJavaRecognizer.typeDefinition(GeneratedJavaRecognizer.java:407)
	... 22 more

!ENTRY net.sf.eclipsecs.core 4 0 2021-08-24 23:42:07.979
!MESSAGE Checkstyle-Plugin: Exception was thrown while processing /Users/abdiace/Desktop/CSE2231 workspace/SequencePalindrome/src/SequencePalindrome.java
!STACK 0
com.puppycrawl.tools.checkstyle.api.CheckstyleException: Exception was thrown while processing /Users/abdiace/Desktop/CSE2231 workspace/SequencePalindrome/src/SequencePalindrome.java
	at com.puppycrawl.tools.checkstyle.Checker.processFiles(Checker.java:302)
	at com.puppycrawl.tools.checkstyle.Checker.process(Checker.java:221)
	at net.sf.eclipsecs.core.builder.Auditor.runAudit(Auditor.java:146)
	at net.sf.eclipsecs.core.builder.CheckstyleBuilder.handleBuildSelection(CheckstyleBuilder.java:307)
	at net.sf.eclipsecs.core.builder.CheckstyleBuilder.build(CheckstyleBuilder.java:173)
	at org.eclipse.core.internal.events.BuildManager$2.run(BuildManager.java:846)
	at org.eclipse.core.runtime.SafeRunner.run(SafeRunner.java:45)
	at org.eclipse.core.internal.events.BuildManager.basicBuild(BuildManager.java:229)
	at org.eclipse.core.internal.events.BuildManager.basicBuild(BuildManager.java:277)
	at org.eclipse.core.internal.events.BuildManager$1.run(BuildManager.java:330)
	at org.eclipse.core.runtime.SafeRunner.run(SafeRunner.java:45)
	at org.eclipse.core.internal.events.BuildManager.basicBuild(BuildManager.java:333)
	at org.eclipse.core.internal.events.BuildManager.basicBuildLoop(BuildManager.java:385)
	at org.eclipse.core.internal.events.BuildManager.build(BuildManager.java:406)
	at org.eclipse.core.internal.events.AutoBuildJob.doBuild(AutoBuildJob.java:154)
	at org.eclipse.core.internal.events.AutoBuildJob.run(AutoBuildJob.java:244)
	at org.eclipse.core.internal.jobs.Worker.run(Worker.java:63)
Caused by: com.puppycrawl.tools.checkstyle.api.CheckstyleException: IllegalStateException occurred while parsing file /Users/abdiace/Desktop/CSE2231 workspace/SequencePalindrome/src/SequencePalindrome.java.
	at com.puppycrawl.tools.checkstyle.JavaParser.parse(JavaParser.java:120)
	at com.puppycrawl.tools.checkstyle.TreeWalker.processFiltered(TreeWalker.java:152)
	at com.puppycrawl.tools.checkstyle.api.AbstractFileSetCheck.process(AbstractFileSetCheck.java:87)
	at com.puppycrawl.tools.checkstyle.Checker.processFile(Checker.java:328)
	at com.puppycrawl.tools.checkstyle.Checker.processFiles(Checker.java:289)
	... 16 more
Caused by: java.lang.IllegalStateException: /Users/abdiace/Desktop/CSE2231 workspace/SequencePalindrome/src/SequencePalindrome.java:61:60: expecting RPAREN, found ';'
	at com.puppycrawl.tools.checkstyle.JavaParser$1.reportError(JavaParser.java:108)
	at com.puppycrawl.tools.checkstyle.grammar.GeneratedJavaRecognizer.typeDefinition(GeneratedJavaRecognizer.java:429)
	at com.puppycrawl.tools.checkstyle.grammar.GeneratedJavaRecognizer.compilationUnit(GeneratedJavaRecognizer.java:212)
	at com.puppycrawl.tools.checkstyle.JavaParser.parse(JavaParser.java:114)
	... 20 more
Caused by: /Users/abdiace/Desktop/CSE2231 workspace/SequencePalindrome/src/SequencePalindrome.java:61:60: expecting RPAREN, found ';'
	at antlr.Parser.match(Parser.java:211)
	at com.puppycrawl.tools.checkstyle.grammar.GeneratedJavaRecognizer.postfixExpression(GeneratedJavaRecognizer.java:9058)
	at com.puppycrawl.tools.checkstyle.grammar.GeneratedJavaRecognizer.castExpression(GeneratedJavaRecognizer.java:8760)
	at com.puppycrawl.tools.checkstyle.grammar.GeneratedJavaRecognizer.unaryExpressionNotPlusMinus(GeneratedJavaRecognizer.java:8616)
	at com.puppycrawl.tools.checkstyle.grammar.GeneratedJavaRecognizer.unaryExpression(GeneratedJavaRecognizer.java:8543)
	at com.puppycrawl.tools.checkstyle.grammar.GeneratedJavaRecognizer.multiplicativeExpression(GeneratedJavaRecognizer.java:8401)
	at com.puppycrawl.tools.checkstyle.grammar.GeneratedJavaRecognizer.additiveExpression(GeneratedJavaRecognizer.java:8352)
	at com.puppycrawl.tools.checkstyle.grammar.GeneratedJavaRecognizer.shiftExpression(GeneratedJavaRecognizer.java:8227)
	at com.puppycrawl.tools.checkstyle.grammar.GeneratedJavaRecognizer.relationalExpression(GeneratedJavaRecognizer.java:8114)
	at com.puppycrawl.tools.checkstyle.grammar.GeneratedJavaRecognizer.equalityExpression(GeneratedJavaRecognizer.java:8065)
	at com.puppycrawl.tools.checkstyle.grammar.GeneratedJavaRecognizer.andExpression(GeneratedJavaRecognizer.java:8036)
	at com.puppycrawl.tools.checkstyle.grammar.GeneratedJavaRecognizer.exclusiveOrExpression(GeneratedJavaRecognizer.java:8007)
	at com.puppycrawl.tools.checkstyle.grammar.GeneratedJavaRecognizer.inclusiveOrExpression(GeneratedJavaRecognizer.java:7978)
	at com.puppycrawl.tools.checkstyle.grammar.GeneratedJavaRecognizer.logicalAndExpression(GeneratedJavaRecognizer.java:7949)
	at com.puppycrawl.tools.checkstyle.grammar.GeneratedJavaRecognizer.logicalOrExpression(GeneratedJavaRecognizer.java:7920)
	at com.puppycrawl.tools.checkstyle.grammar.GeneratedJavaRecognizer.conditionalExpression(GeneratedJavaRecognizer.java:2497)
	at com.puppycrawl.tools.checkstyle.grammar.GeneratedJavaRecognizer.assignmentExpression(GeneratedJavaRecognizer.java:7666)
	at com.puppycrawl.tools.checkstyle.grammar.GeneratedJavaRecognizer.expression(GeneratedJavaRecognizer.java:5501)
	at com.puppycrawl.tools.checkstyle.grammar.GeneratedJavaRecognizer.traditionalStatement(GeneratedJavaRecognizer.java:6029)
	at com.puppycrawl.tools.checkstyle.grammar.GeneratedJavaRecognizer.statement(GeneratedJavaRecognizer.java:4982)
	at com.puppycrawl.tools.checkstyle.grammar.GeneratedJavaRecognizer.compoundStatement(GeneratedJavaRecognizer.java:4708)
	at com.puppycrawl.tools.checkstyle.grammar.GeneratedJavaRecognizer.traditionalStatement(GeneratedJavaRecognizer.java:5813)
	at com.puppycrawl.tools.checkstyle.grammar.GeneratedJavaRecognizer.statement(GeneratedJavaRecognizer.java:4982)
	at com.puppycrawl.tools.checkstyle.grammar.GeneratedJavaRecognizer.traditionalStatement(GeneratedJavaRecognizer.java:5834)
	at com.puppycrawl.tools.checkstyle.grammar.GeneratedJavaRecognizer.statement(GeneratedJavaRecognizer.java:4982)
	at com.puppycrawl.tools.checkstyle.grammar.GeneratedJavaRecognizer.compoundStatement(GeneratedJavaRecognizer.java:4708)
	at com.puppycrawl.tools.checkstyle.grammar.GeneratedJavaRecognizer.field(GeneratedJavaRecognizer.java:3245)
	at com.puppycrawl.tools.checkstyle.grammar.GeneratedJavaRecognizer.classBlock(GeneratedJavaRecognizer.java:3560)
	at com.puppycrawl.tools.checkstyle.grammar.GeneratedJavaRecognizer.classDefinition(GeneratedJavaRecognizer.java:655)
	at com.puppycrawl.tools.checkstyle.grammar.GeneratedJavaRecognizer.typeDefinitionInternal(GeneratedJavaRecognizer.java:566)
	at com.puppycrawl.tools.checkstyle.grammar.GeneratedJavaRecognizer.typeDefinition(GeneratedJavaRecognizer.java:407)
	... 22 more

!ENTRY net.sf.eclipsecs.core 4 0 2021-08-24 23:53:58.786
!MESSAGE Checkstyle-Plugin: Exception was thrown while processing /Users/abdiace/Desktop/CSE2231 workspace/SequencePalindrome/src/SequencePalindrome.java
!STACK 0
com.puppycrawl.tools.checkstyle.api.CheckstyleException: Exception was thrown while processing /Users/abdiace/Desktop/CSE2231 workspace/SequencePalindrome/src/SequencePalindrome.java
	at com.puppycrawl.tools.checkstyle.Checker.processFiles(Checker.java:302)
	at com.puppycrawl.tools.checkstyle.Checker.process(Checker.java:221)
	at net.sf.eclipsecs.core.builder.Auditor.runAudit(Auditor.java:146)
	at net.sf.eclipsecs.core.builder.CheckstyleBuilder.handleBuildSelection(CheckstyleBuilder.java:307)
	at net.sf.eclipsecs.core.builder.CheckstyleBuilder.build(CheckstyleBuilder.java:173)
	at org.eclipse.core.internal.events.BuildManager$2.run(BuildManager.java:846)
	at org.eclipse.core.runtime.SafeRunner.run(SafeRunner.java:45)
	at org.eclipse.core.internal.events.BuildManager.basicBuild(BuildManager.java:229)
	at org.eclipse.core.internal.events.BuildManager.basicBuild(BuildManager.java:277)
	at org.eclipse.core.internal.events.BuildManager$1.run(BuildManager.java:330)
	at org.eclipse.core.runtime.SafeRunner.run(SafeRunner.java:45)
	at org.eclipse.core.internal.events.BuildManager.basicBuild(BuildManager.java:333)
	at org.eclipse.core.internal.events.BuildManager.basicBuildLoop(BuildManager.java:385)
	at org.eclipse.core.internal.events.BuildManager.build(BuildManager.java:406)
	at org.eclipse.core.internal.events.AutoBuildJob.doBuild(AutoBuildJob.java:154)
	at org.eclipse.core.internal.events.AutoBuildJob.run(AutoBuildJob.java:244)
	at org.eclipse.core.internal.jobs.Worker.run(Worker.java:63)
Caused by: com.puppycrawl.tools.checkstyle.api.CheckstyleException: IllegalStateException occurred while parsing file /Users/abdiace/Desktop/CSE2231 workspace/SequencePalindrome/src/SequencePalindrome.java.
	at com.puppycrawl.tools.checkstyle.JavaParser.parse(JavaParser.java:120)
	at com.puppycrawl.tools.checkstyle.TreeWalker.processFiltered(TreeWalker.java:152)
	at com.puppycrawl.tools.checkstyle.api.AbstractFileSetCheck.process(AbstractFileSetCheck.java:87)
	at com.puppycrawl.tools.checkstyle.Checker.processFile(Checker.java:328)
	at com.puppycrawl.tools.checkstyle.Checker.processFiles(Checker.java:289)
	... 16 more
Caused by: java.lang.IllegalStateException: /Users/abdiace/Desktop/CSE2231 workspace/SequencePalindrome/src/SequencePalindrome.java:63:60: expecting RPAREN, found ';'
	at com.puppycrawl.tools.checkstyle.JavaParser$1.reportError(JavaParser.java:108)
	at com.puppycrawl.tools.checkstyle.grammar.GeneratedJavaRecognizer.typeDefinition(GeneratedJavaRecognizer.java:429)
	at com.puppycrawl.tools.checkstyle.grammar.GeneratedJavaRecognizer.compilationUnit(GeneratedJavaRecognizer.java:212)
	at com.puppycrawl.tools.checkstyle.JavaParser.parse(JavaParser.java:114)
	... 20 more
Caused by: /Users/abdiace/Desktop/CSE2231 workspace/SequencePalindrome/src/SequencePalindrome.java:63:60: expecting RPAREN, found ';'
	at antlr.Parser.match(Parser.java:211)
	at com.puppycrawl.tools.checkstyle.grammar.GeneratedJavaRecognizer.postfixExpression(GeneratedJavaRecognizer.java:9058)
	at com.puppycrawl.tools.checkstyle.grammar.GeneratedJavaRecognizer.castExpression(GeneratedJavaRecognizer.java:8760)
	at com.puppycrawl.tools.checkstyle.grammar.GeneratedJavaRecognizer.unaryExpressionNotPlusMinus(GeneratedJavaRecognizer.java:8616)
	at com.puppycrawl.tools.checkstyle.grammar.GeneratedJavaRecognizer.unaryExpression(GeneratedJavaRecognizer.java:8543)
	at com.puppycrawl.tools.checkstyle.grammar.GeneratedJavaRecognizer.multiplicativeExpression(GeneratedJavaRecognizer.java:8401)
	at com.puppycrawl.tools.checkstyle.grammar.GeneratedJavaRecognizer.additiveExpression(GeneratedJavaRecognizer.java:8352)
	at com.puppycrawl.tools.checkstyle.grammar.GeneratedJavaRecognizer.shiftExpression(GeneratedJavaRecognizer.java:8227)
	at com.puppycrawl.tools.checkstyle.grammar.GeneratedJavaRecognizer.relationalExpression(GeneratedJavaRecognizer.java:8114)
	at com.puppycrawl.tools.checkstyle.grammar.GeneratedJavaRecognizer.equalityExpression(GeneratedJavaRecognizer.java:8065)
	at com.puppycrawl.tools.checkstyle.grammar.GeneratedJavaRecognizer.andExpression(GeneratedJavaRecognizer.java:8036)
	at com.puppycrawl.tools.checkstyle.grammar.GeneratedJavaRecognizer.exclusiveOrExpression(GeneratedJavaRecognizer.java:8007)
	at com.puppycrawl.tools.checkstyle.grammar.GeneratedJavaRecognizer.inclusiveOrExpression(GeneratedJavaRecognizer.java:7978)
	at com.puppycrawl.tools.checkstyle.grammar.GeneratedJavaRecognizer.logicalAndExpression(GeneratedJavaRecognizer.java:7949)
	at com.puppycrawl.tools.checkstyle.grammar.GeneratedJavaRecognizer.logicalOrExpression(GeneratedJavaRecognizer.java:7920)
	at com.puppycrawl.tools.checkstyle.grammar.GeneratedJavaRecognizer.conditionalExpression(GeneratedJavaRecognizer.java:2497)
	at com.puppycrawl.tools.checkstyle.grammar.GeneratedJavaRecognizer.assignmentExpression(GeneratedJavaRecognizer.java:7666)
	at com.puppycrawl.tools.checkstyle.grammar.GeneratedJavaRecognizer.expression(GeneratedJavaRecognizer.java:5501)
	at com.puppycrawl.tools.checkstyle.grammar.GeneratedJavaRecognizer.traditionalStatement(GeneratedJavaRecognizer.java:6029)
	at com.puppycrawl.tools.checkstyle.grammar.GeneratedJavaRecognizer.statement(GeneratedJavaRecognizer.java:4982)
	at com.puppycrawl.tools.checkstyle.grammar.GeneratedJavaRecognizer.compoundStatement(GeneratedJavaRecognizer.java:4708)
	at com.puppycrawl.tools.checkstyle.grammar.GeneratedJavaRecognizer.traditionalStatement(GeneratedJavaRecognizer.java:5813)
	at com.puppycrawl.tools.checkstyle.grammar.GeneratedJavaRecognizer.statement(GeneratedJavaRecognizer.java:4982)
	at com.puppycrawl.tools.checkstyle.grammar.GeneratedJavaRecognizer.traditionalStatement(GeneratedJavaRecognizer.java:5834)
	at com.puppycrawl.tools.checkstyle.grammar.GeneratedJavaRecognizer.statement(GeneratedJavaRecognizer.java:4982)
	at com.puppycrawl.tools.checkstyle.grammar.GeneratedJavaRecognizer.compoundStatement(GeneratedJavaRecognizer.java:4708)
	at com.puppycrawl.tools.checkstyle.grammar.GeneratedJavaRecognizer.field(GeneratedJavaRecognizer.java:3245)
	at com.puppycrawl.tools.checkstyle.grammar.GeneratedJavaRecognizer.classBlock(GeneratedJavaRecognizer.java:3560)
	at com.puppycrawl.tools.checkstyle.grammar.GeneratedJavaRecognizer.classDefinition(GeneratedJavaRecognizer.java:655)
	at com.puppycrawl.tools.checkstyle.grammar.GeneratedJavaRecognizer.typeDefinitionInternal(GeneratedJavaRecognizer.java:566)
	at com.puppycrawl.tools.checkstyle.grammar.GeneratedJavaRecognizer.typeDefinition(GeneratedJavaRecognizer.java:407)
	... 22 more

!ENTRY net.sf.eclipsecs.core 4 0 2021-08-26 11:14:24.005
!MESSAGE Checkstyle-Plugin: Exception was thrown while processing /Users/abdiace/Desktop/CSE2231 workspace/HW2: SequenceSmooth/src/HelloWorld.java
!STACK 0
com.puppycrawl.tools.checkstyle.api.CheckstyleException: Exception was thrown while processing /Users/abdiace/Desktop/CSE2231 workspace/HW2: SequenceSmooth/src/HelloWorld.java
	at com.puppycrawl.tools.checkstyle.Checker.processFiles(Checker.java:302)
	at com.puppycrawl.tools.checkstyle.Checker.process(Checker.java:221)
	at net.sf.eclipsecs.core.builder.Auditor.runAudit(Auditor.java:146)
	at net.sf.eclipsecs.core.builder.CheckstyleBuilder.handleBuildSelection(CheckstyleBuilder.java:307)
	at net.sf.eclipsecs.core.builder.CheckstyleBuilder.build(CheckstyleBuilder.java:173)
	at org.eclipse.core.internal.events.BuildManager$2.run(BuildManager.java:846)
	at org.eclipse.core.runtime.SafeRunner.run(SafeRunner.java:45)
	at org.eclipse.core.internal.events.BuildManager.basicBuild(BuildManager.java:229)
	at org.eclipse.core.internal.events.BuildManager.basicBuild(BuildManager.java:277)
	at org.eclipse.core.internal.events.BuildManager$1.run(BuildManager.java:330)
	at org.eclipse.core.runtime.SafeRunner.run(SafeRunner.java:45)
	at org.eclipse.core.internal.events.BuildManager.basicBuild(BuildManager.java:333)
	at org.eclipse.core.internal.events.BuildManager.basicBuildLoop(BuildManager.java:385)
	at org.eclipse.core.internal.events.BuildManager.build(BuildManager.java:406)
	at org.eclipse.core.internal.events.AutoBuildJob.doBuild(AutoBuildJob.java:154)
	at org.eclipse.core.internal.events.AutoBuildJob.run(AutoBuildJob.java:244)
	at org.eclipse.core.internal.jobs.Worker.run(Worker.java:63)
Caused by: com.puppycrawl.tools.checkstyle.api.CheckstyleException: IllegalStateException occurred while parsing file /Users/abdiace/Desktop/CSE2231 workspace/HW2: SequenceSmooth/src/HelloWorld.java.
	at com.puppycrawl.tools.checkstyle.JavaParser.parse(JavaParser.java:120)
	at com.puppycrawl.tools.checkstyle.TreeWalker.processFiltered(TreeWalker.java:152)
	at com.puppycrawl.tools.checkstyle.api.AbstractFileSetCheck.process(AbstractFileSetCheck.java:87)
	at com.puppycrawl.tools.checkstyle.Checker.processFile(Checker.java:328)
	at com.puppycrawl.tools.checkstyle.Checker.processFiles(Checker.java:289)
	... 16 more
Caused by: java.lang.IllegalStateException: /Users/abdiace/Desktop/CSE2231 workspace/HW2: SequenceSmooth/src/HelloWorld.java:19:15: unexpected token: void
	at com.puppycrawl.tools.checkstyle.JavaParser$1.reportError(JavaParser.java:108)
	at com.puppycrawl.tools.checkstyle.grammar.GeneratedJavaRecognizer.typeDefinition(GeneratedJavaRecognizer.java:429)
	at com.puppycrawl.tools.checkstyle.grammar.GeneratedJavaRecognizer.compilationUnit(GeneratedJavaRecognizer.java:212)
	at com.puppycrawl.tools.checkstyle.JavaParser.parse(JavaParser.java:114)
	... 20 more
Caused by: /Users/abdiace/Desktop/CSE2231 workspace/HW2: SequenceSmooth/src/HelloWorld.java:19:15: unexpected token: void
	at com.puppycrawl.tools.checkstyle.grammar.GeneratedJavaRecognizer.typeDefinitionInternal(GeneratedJavaRecognizer.java:601)
	at com.puppycrawl.tools.checkstyle.grammar.GeneratedJavaRecognizer.typeDefinition(GeneratedJavaRecognizer.java:407)
	... 22 more

!ENTRY com.github.spotbugs.plugin.eclipse 1 0 2021-08-26 11:19:55.684
!MESSAGE creating new bug collection: /Users/abdiace/Desktop/CSE2231 workspace/.metadata/.plugins/com.github.spotbugs.plugin.eclipse/SequenceSmooth.fbwarnings.xml

!ENTRY net.sf.eclipsecs.core 4 0 2021-08-26 16:45:34.723
!MESSAGE Checkstyle-Plugin: Exception was thrown while processing /Users/abdiace/Desktop/CSE2231 workspace/WordCounter/src/ProgramSkeleton.java
!STACK 0
com.puppycrawl.tools.checkstyle.api.CheckstyleException: Exception was thrown while processing /Users/abdiace/Desktop/CSE2231 workspace/WordCounter/src/ProgramSkeleton.java
	at com.puppycrawl.tools.checkstyle.Checker.processFiles(Checker.java:302)
	at com.puppycrawl.tools.checkstyle.Checker.process(Checker.java:221)
	at net.sf.eclipsecs.core.builder.Auditor.runAudit(Auditor.java:146)
	at net.sf.eclipsecs.core.builder.CheckstyleBuilder.handleBuildSelection(CheckstyleBuilder.java:307)
	at net.sf.eclipsecs.core.builder.CheckstyleBuilder.build(CheckstyleBuilder.java:173)
	at org.eclipse.core.internal.events.BuildManager$2.run(BuildManager.java:846)
	at org.eclipse.core.runtime.SafeRunner.run(SafeRunner.java:45)
	at org.eclipse.core.internal.events.BuildManager.basicBuild(BuildManager.java:229)
	at org.eclipse.core.internal.events.BuildManager.basicBuild(BuildManager.java:277)
	at org.eclipse.core.internal.events.BuildManager$1.run(BuildManager.java:330)
	at org.eclipse.core.runtime.SafeRunner.run(SafeRunner.java:45)
	at org.eclipse.core.internal.events.BuildManager.basicBuild(BuildManager.java:333)
	at org.eclipse.core.internal.events.BuildManager.basicBuildLoop(BuildManager.java:385)
	at org.eclipse.core.internal.events.BuildManager.build(BuildManager.java:406)
	at org.eclipse.core.internal.events.AutoBuildJob.doBuild(AutoBuildJob.java:154)
	at org.eclipse.core.internal.events.AutoBuildJob.run(AutoBuildJob.java:244)
	at org.eclipse.core.internal.jobs.Worker.run(Worker.java:63)
Caused by: com.puppycrawl.tools.checkstyle.api.CheckstyleException: IllegalStateException occurred while parsing file /Users/abdiace/Desktop/CSE2231 workspace/WordCounter/src/ProgramSkeleton.java.
	at com.puppycrawl.tools.checkstyle.JavaParser.parse(JavaParser.java:120)
	at com.puppycrawl.tools.checkstyle.TreeWalker.processFiltered(TreeWalker.java:152)
	at com.puppycrawl.tools.checkstyle.api.AbstractFileSetCheck.process(AbstractFileSetCheck.java:87)
	at com.puppycrawl.tools.checkstyle.Checker.processFile(Checker.java:328)
	at com.puppycrawl.tools.checkstyle.Checker.processFiles(Checker.java:289)
	... 16 more
Caused by: java.lang.IllegalStateException: /Users/abdiace/Desktop/CSE2231 workspace/WordCounter/src/ProgramSkeleton.java:30:5: unexpected token: public
	at com.puppycrawl.tools.checkstyle.JavaParser$1.reportError(JavaParser.java:108)
	at com.puppycrawl.tools.checkstyle.grammar.GeneratedJavaRecognizer.typeDefinition(GeneratedJavaRecognizer.java:429)
	at com.puppycrawl.tools.checkstyle.grammar.GeneratedJavaRecognizer.compilationUnit(GeneratedJavaRecognizer.java:212)
	at com.puppycrawl.tools.checkstyle.JavaParser.parse(JavaParser.java:114)
	... 20 more
Caused by: /Users/abdiace/Desktop/CSE2231 workspace/WordCounter/src/ProgramSkeleton.java:30:5: unexpected token: public
	at com.puppycrawl.tools.checkstyle.grammar.GeneratedJavaRecognizer.field(GeneratedJavaRecognizer.java:3237)
	at com.puppycrawl.tools.checkstyle.grammar.GeneratedJavaRecognizer.classBlock(GeneratedJavaRecognizer.java:3560)
	at com.puppycrawl.tools.checkstyle.grammar.GeneratedJavaRecognizer.classDefinition(GeneratedJavaRecognizer.java:655)
	at com.puppycrawl.tools.checkstyle.grammar.GeneratedJavaRecognizer.typeDefinitionInternal(GeneratedJavaRecognizer.java:566)
	at com.puppycrawl.tools.checkstyle.grammar.GeneratedJavaRecognizer.typeDefinition(GeneratedJavaRecognizer.java:407)
	... 22 more

!ENTRY com.github.spotbugs.plugin.eclipse 1 0 2021-08-26 16:45:35.105
!MESSAGE creating new bug collection: /Users/abdiace/Desktop/CSE2231 workspace/.metadata/.plugins/com.github.spotbugs.plugin.eclipse/WordCounter.fbwarnings.xml

!ENTRY net.sf.eclipsecs.core 4 0 2021-08-26 16:49:10.226
!MESSAGE Checkstyle-Plugin: Exception was thrown while processing /Users/abdiace/Desktop/CSE2231 workspace/WordCounter/src/WordCounter.java
!STACK 0
com.puppycrawl.tools.checkstyle.api.CheckstyleException: Exception was thrown while processing /Users/abdiace/Desktop/CSE2231 workspace/WordCounter/src/WordCounter.java
	at com.puppycrawl.tools.checkstyle.Checker.processFiles(Checker.java:302)
	at com.puppycrawl.tools.checkstyle.Checker.process(Checker.java:221)
	at net.sf.eclipsecs.core.builder.Auditor.runAudit(Auditor.java:146)
	at net.sf.eclipsecs.core.builder.CheckstyleBuilder.handleBuildSelection(CheckstyleBuilder.java:307)
	at net.sf.eclipsecs.core.builder.CheckstyleBuilder.build(CheckstyleBuilder.java:173)
	at org.eclipse.core.internal.events.BuildManager$2.run(BuildManager.java:846)
	at org.eclipse.core.runtime.SafeRunner.run(SafeRunner.java:45)
	at org.eclipse.core.internal.events.BuildManager.basicBuild(BuildManager.java:229)
	at org.eclipse.core.internal.events.BuildManager.basicBuild(BuildManager.java:277)
	at org.eclipse.core.internal.events.BuildManager$1.run(BuildManager.java:330)
	at org.eclipse.core.runtime.SafeRunner.run(SafeRunner.java:45)
	at org.eclipse.core.internal.events.BuildManager.basicBuild(BuildManager.java:333)
	at org.eclipse.core.internal.events.BuildManager.basicBuildLoop(BuildManager.java:385)
	at org.eclipse.core.internal.events.BuildManager.build(BuildManager.java:406)
	at org.eclipse.core.internal.events.AutoBuildJob.doBuild(AutoBuildJob.java:154)
	at org.eclipse.core.internal.events.AutoBuildJob.run(AutoBuildJob.java:244)
	at org.eclipse.core.internal.jobs.Worker.run(Worker.java:63)
Caused by: com.puppycrawl.tools.checkstyle.api.CheckstyleException: IllegalStateException occurred while parsing file /Users/abdiace/Desktop/CSE2231 workspace/WordCounter/src/WordCounter.java.
	at com.puppycrawl.tools.checkstyle.JavaParser.parse(JavaParser.java:120)
	at com.puppycrawl.tools.checkstyle.TreeWalker.processFiltered(TreeWalker.java:152)
	at com.puppycrawl.tools.checkstyle.api.AbstractFileSetCheck.process(AbstractFileSetCheck.java:87)
	at com.puppycrawl.tools.checkstyle.Checker.processFile(Checker.java:328)
	at com.puppycrawl.tools.checkstyle.Checker.processFiles(Checker.java:289)
	... 16 more
Caused by: java.lang.IllegalStateException: /Users/abdiace/Desktop/CSE2231 workspace/WordCounter/src/WordCounter.java:46:5: unexpected token: private
	at com.puppycrawl.tools.checkstyle.JavaParser$1.reportError(JavaParser.java:108)
	at com.puppycrawl.tools.checkstyle.grammar.GeneratedJavaRecognizer.typeDefinition(GeneratedJavaRecognizer.java:429)
	at com.puppycrawl.tools.checkstyle.grammar.GeneratedJavaRecognizer.compilationUnit(GeneratedJavaRecognizer.java:212)
	at com.puppycrawl.tools.checkstyle.JavaParser.parse(JavaParser.java:114)
	... 20 more
Caused by: /Users/abdiace/Desktop/CSE2231 workspace/WordCounter/src/WordCounter.java:46:5: unexpected token: private
	at com.puppycrawl.tools.checkstyle.grammar.GeneratedJavaRecognizer.field(GeneratedJavaRecognizer.java:3237)
	at com.puppycrawl.tools.checkstyle.grammar.GeneratedJavaRecognizer.classBlock(GeneratedJavaRecognizer.java:3560)
	at com.puppycrawl.tools.checkstyle.grammar.GeneratedJavaRecognizer.classDefinition(GeneratedJavaRecognizer.java:655)
	at com.puppycrawl.tools.checkstyle.grammar.GeneratedJavaRecognizer.typeDefinitionInternal(GeneratedJavaRecognizer.java:566)
	at com.puppycrawl.tools.checkstyle.grammar.GeneratedJavaRecognizer.typeDefinition(GeneratedJavaRecognizer.java:407)
	... 22 more

!ENTRY net.sf.eclipsecs.core 4 0 2021-08-26 17:57:10.570
!MESSAGE Checkstyle-Plugin: Exception was thrown while processing /Users/abdiace/Desktop/CSE2231 workspace/SequenceSmooth/src/SequenceSmooth.java
!STACK 0
com.puppycrawl.tools.checkstyle.api.CheckstyleException: Exception was thrown while processing /Users/abdiace/Desktop/CSE2231 workspace/SequenceSmooth/src/SequenceSmooth.java
	at com.puppycrawl.tools.checkstyle.Checker.processFiles(Checker.java:302)
	at com.puppycrawl.tools.checkstyle.Checker.process(Checker.java:221)
	at net.sf.eclipsecs.core.builder.Auditor.runAudit(Auditor.java:146)
	at net.sf.eclipsecs.core.builder.CheckstyleBuilder.handleBuildSelection(CheckstyleBuilder.java:307)
	at net.sf.eclipsecs.core.builder.CheckstyleBuilder.build(CheckstyleBuilder.java:173)
	at org.eclipse.core.internal.events.BuildManager$2.run(BuildManager.java:846)
	at org.eclipse.core.runtime.SafeRunner.run(SafeRunner.java:45)
	at org.eclipse.core.internal.events.BuildManager.basicBuild(BuildManager.java:229)
	at org.eclipse.core.internal.events.BuildManager.basicBuild(BuildManager.java:277)
	at org.eclipse.core.internal.events.BuildManager$1.run(BuildManager.java:330)
	at org.eclipse.core.runtime.SafeRunner.run(SafeRunner.java:45)
	at org.eclipse.core.internal.events.BuildManager.basicBuild(BuildManager.java:333)
	at org.eclipse.core.internal.events.BuildManager.basicBuildLoop(BuildManager.java:385)
	at org.eclipse.core.internal.events.BuildManager.build(BuildManager.java:406)
	at org.eclipse.core.internal.events.AutoBuildJob.doBuild(AutoBuildJob.java:154)
	at org.eclipse.core.internal.events.AutoBuildJob.run(AutoBuildJob.java:244)
	at org.eclipse.core.internal.jobs.Worker.run(Worker.java:63)
Caused by: com.puppycrawl.tools.checkstyle.api.CheckstyleException: IllegalStateException occurred while parsing file /Users/abdiace/Desktop/CSE2231 workspace/SequenceSmooth/src/SequenceSmooth.java.
	at com.puppycrawl.tools.checkstyle.JavaParser.parse(JavaParser.java:120)
	at com.puppycrawl.tools.checkstyle.TreeWalker.processFiltered(TreeWalker.java:152)
	at com.puppycrawl.tools.checkstyle.api.AbstractFileSetCheck.process(AbstractFileSetCheck.java:87)
	at com.puppycrawl.tools.checkstyle.Checker.processFile(Checker.java:328)
	at com.puppycrawl.tools.checkstyle.Checker.processFiles(Checker.java:289)
	... 16 more
Caused by: java.lang.IllegalStateException: /Users/abdiace/Desktop/CSE2231 workspace/SequenceSmooth/src/SequenceSmooth.java:44:12: unexpected token: )
	at com.puppycrawl.tools.checkstyle.JavaParser$1.reportError(JavaParser.java:108)
	at com.puppycrawl.tools.checkstyle.grammar.GeneratedJavaRecognizer.typeDefinition(GeneratedJavaRecognizer.java:429)
	at com.puppycrawl.tools.checkstyle.grammar.GeneratedJavaRecognizer.compilationUnit(GeneratedJavaRecognizer.java:212)
	at com.puppycrawl.tools.checkstyle.JavaParser.parse(JavaParser.java:114)
	... 20 more
Caused by: /Users/abdiace/Desktop/CSE2231 workspace/SequenceSmooth/src/SequenceSmooth.java:44:12: unexpected token: )
	at com.puppycrawl.tools.checkstyle.grammar.GeneratedJavaRecognizer.expression(GeneratedJavaRecognizer.java:5514)
	at com.puppycrawl.tools.checkstyle.grammar.GeneratedJavaRecognizer.traditionalStatement(GeneratedJavaRecognizer.java:5828)
	at com.puppycrawl.tools.checkstyle.grammar.GeneratedJavaRecognizer.statement(GeneratedJavaRecognizer.java:4982)
	at com.puppycrawl.tools.checkstyle.grammar.GeneratedJavaRecognizer.compoundStatement(GeneratedJavaRecognizer.java:4708)
	at com.puppycrawl.tools.checkstyle.grammar.GeneratedJavaRecognizer.field(GeneratedJavaRecognizer.java:3245)
	at com.puppycrawl.tools.checkstyle.grammar.GeneratedJavaRecognizer.classBlock(GeneratedJavaRecognizer.java:3560)
	at com.puppycrawl.tools.checkstyle.grammar.GeneratedJavaRecognizer.classDefinition(GeneratedJavaRecognizer.java:655)
	at com.puppycrawl.tools.checkstyle.grammar.GeneratedJavaRecognizer.typeDefinitionInternal(GeneratedJavaRecognizer.java:566)
	at com.puppycrawl.tools.checkstyle.grammar.GeneratedJavaRecognizer.typeDefinition(GeneratedJavaRecognizer.java:407)
	... 22 more

!ENTRY net.sf.eclipsecs.core 4 0 2021-08-26 17:57:30.383
!MESSAGE Checkstyle-Plugin: Exception was thrown while processing /Users/abdiace/Desktop/CSE2231 workspace/SequencePalindrome/src/SequencePalindrome.java
!STACK 0
com.puppycrawl.tools.checkstyle.api.CheckstyleException: Exception was thrown while processing /Users/abdiace/Desktop/CSE2231 workspace/SequencePalindrome/src/SequencePalindrome.java
	at com.puppycrawl.tools.checkstyle.Checker.processFiles(Checker.java:302)
	at com.puppycrawl.tools.checkstyle.Checker.process(Checker.java:221)
	at net.sf.eclipsecs.core.builder.Auditor.runAudit(Auditor.java:146)
	at net.sf.eclipsecs.core.builder.CheckstyleBuilder.handleBuildSelection(CheckstyleBuilder.java:307)
	at net.sf.eclipsecs.core.builder.CheckstyleBuilder.build(CheckstyleBuilder.java:173)
	at org.eclipse.core.internal.events.BuildManager$2.run(BuildManager.java:846)
	at org.eclipse.core.runtime.SafeRunner.run(SafeRunner.java:45)
	at org.eclipse.core.internal.events.BuildManager.basicBuild(BuildManager.java:229)
	at org.eclipse.core.internal.events.BuildManager.basicBuild(BuildManager.java:277)
	at org.eclipse.core.internal.events.BuildManager$1.run(BuildManager.java:330)
	at org.eclipse.core.runtime.SafeRunner.run(SafeRunner.java:45)
	at org.eclipse.core.internal.events.BuildManager.basicBuild(BuildManager.java:333)
	at org.eclipse.core.internal.events.BuildManager.basicBuildLoop(BuildManager.java:385)
	at org.eclipse.core.internal.events.BuildManager.build(BuildManager.java:406)
	at org.eclipse.core.internal.events.AutoBuildJob.doBuild(AutoBuildJob.java:154)
	at org.eclipse.core.internal.events.AutoBuildJob.run(AutoBuildJob.java:244)
	at org.eclipse.core.internal.jobs.Worker.run(Worker.java:63)
Caused by: com.puppycrawl.tools.checkstyle.api.CheckstyleException: IllegalStateException occurred while parsing file /Users/abdiace/Desktop/CSE2231 workspace/SequencePalindrome/src/SequencePalindrome.java.
	at com.puppycrawl.tools.checkstyle.JavaParser.parse(JavaParser.java:120)
	at com.puppycrawl.tools.checkstyle.TreeWalker.processFiltered(TreeWalker.java:152)
	at com.puppycrawl.tools.checkstyle.api.AbstractFileSetCheck.process(AbstractFileSetCheck.java:87)
	at com.puppycrawl.tools.checkstyle.Checker.processFile(Checker.java:328)
	at com.puppycrawl.tools.checkstyle.Checker.processFiles(Checker.java:289)
	... 16 more
Caused by: java.lang.IllegalStateException: /Users/abdiace/Desktop/CSE2231 workspace/SequencePalindrome/src/SequencePalindrome.java:58:13: unexpected token: temp
	at com.puppycrawl.tools.checkstyle.JavaParser$1.reportError(JavaParser.java:108)
	at com.puppycrawl.tools.checkstyle.grammar.GeneratedJavaRecognizer.typeDefinition(GeneratedJavaRecognizer.java:429)
	at com.puppycrawl.tools.checkstyle.grammar.GeneratedJavaRecognizer.compilationUnit(GeneratedJavaRecognizer.java:212)
	at com.puppycrawl.tools.checkstyle.JavaParser.parse(JavaParser.java:114)
	... 20 more
Caused by: /Users/abdiace/Desktop/CSE2231 workspace/SequencePalindrome/src/SequencePalindrome.java:58:13: unexpected token: temp
	at com.puppycrawl.tools.checkstyle.grammar.GeneratedJavaRecognizer.traditionalStatement(GeneratedJavaRecognizer.java:6237)
	at com.puppycrawl.tools.checkstyle.grammar.GeneratedJavaRecognizer.statement(GeneratedJavaRecognizer.java:4982)
	at com.puppycrawl.tools.checkstyle.grammar.GeneratedJavaRecognizer.compoundStatement(GeneratedJavaRecognizer.java:4708)
	at com.puppycrawl.tools.checkstyle.grammar.GeneratedJavaRecognizer.traditionalStatement(GeneratedJavaRecognizer.java:5813)
	at com.puppycrawl.tools.checkstyle.grammar.GeneratedJavaRecognizer.statement(GeneratedJavaRecognizer.java:4982)
	at com.puppycrawl.tools.checkstyle.grammar.GeneratedJavaRecognizer.elseStatement(GeneratedJavaRecognizer.java:6351)
	at com.puppycrawl.tools.checkstyle.grammar.GeneratedJavaRecognizer.traditionalStatement(GeneratedJavaRecognizer.java:5838)
	at com.puppycrawl.tools.checkstyle.grammar.GeneratedJavaRecognizer.statement(GeneratedJavaRecognizer.java:4982)
	at com.puppycrawl.tools.checkstyle.grammar.GeneratedJavaRecognizer.elseStatement(GeneratedJavaRecognizer.java:6351)
	at com.puppycrawl.tools.checkstyle.grammar.GeneratedJavaRecognizer.traditionalStatement(GeneratedJavaRecognizer.java:5838)
	at com.puppycrawl.tools.checkstyle.grammar.GeneratedJavaRecognizer.statement(GeneratedJavaRecognizer.java:4982)
	at com.puppycrawl.tools.checkstyle.grammar.GeneratedJavaRecognizer.compoundStatement(GeneratedJavaRecognizer.java:4708)
	at com.puppycrawl.tools.checkstyle.grammar.GeneratedJavaRecognizer.field(GeneratedJavaRecognizer.java:3245)
	at com.puppycrawl.tools.checkstyle.grammar.GeneratedJavaRecognizer.classBlock(GeneratedJavaRecognizer.java:3560)
	at com.puppycrawl.tools.checkstyle.grammar.GeneratedJavaRecognizer.classDefinition(GeneratedJavaRecognizer.java:655)
	at com.puppycrawl.tools.checkstyle.grammar.GeneratedJavaRecognizer.typeDefinitionInternal(GeneratedJavaRecognizer.java:566)
	at com.puppycrawl.tools.checkstyle.grammar.GeneratedJavaRecognizer.typeDefinition(GeneratedJavaRecognizer.java:407)
	... 22 more

!ENTRY net.sf.eclipsecs.core 4 0 2021-08-26 18:11:58.022
!MESSAGE Checkstyle-Plugin: Exception was thrown while processing /Users/abdiace/Desktop/CSE2231 workspace/SequenceSmooth/src/SequenceSmooth.java
!STACK 0
com.puppycrawl.tools.checkstyle.api.CheckstyleException: Exception was thrown while processing /Users/abdiace/Desktop/CSE2231 workspace/SequenceSmooth/src/SequenceSmooth.java
	at com.puppycrawl.tools.checkstyle.Checker.processFiles(Checker.java:302)
	at com.puppycrawl.tools.checkstyle.Checker.process(Checker.java:221)
	at net.sf.eclipsecs.core.builder.Auditor.runAudit(Auditor.java:146)
	at net.sf.eclipsecs.core.builder.CheckstyleBuilder.handleBuildSelection(CheckstyleBuilder.java:307)
	at net.sf.eclipsecs.core.builder.CheckstyleBuilder.build(CheckstyleBuilder.java:173)
	at org.eclipse.core.internal.events.BuildManager$2.run(BuildManager.java:846)
	at org.eclipse.core.runtime.SafeRunner.run(SafeRunner.java:45)
	at org.eclipse.core.internal.events.BuildManager.basicBuild(BuildManager.java:229)
	at org.eclipse.core.internal.events.BuildManager.basicBuild(BuildManager.java:277)
	at org.eclipse.core.internal.events.BuildManager$1.run(BuildManager.java:330)
	at org.eclipse.core.runtime.SafeRunner.run(SafeRunner.java:45)
	at org.eclipse.core.internal.events.BuildManager.basicBuild(BuildManager.java:333)
	at org.eclipse.core.internal.events.BuildManager.basicBuildLoop(BuildManager.java:385)
	at org.eclipse.core.internal.events.BuildManager.build(BuildManager.java:406)
	at org.eclipse.core.internal.events.AutoBuildJob.doBuild(AutoBuildJob.java:154)
	at org.eclipse.core.internal.events.AutoBuildJob.run(AutoBuildJob.java:244)
	at org.eclipse.core.internal.jobs.Worker.run(Worker.java:63)
Caused by: com.puppycrawl.tools.checkstyle.api.CheckstyleException: IllegalStateException occurred while parsing file /Users/abdiace/Desktop/CSE2231 workspace/SequenceSmooth/src/SequenceSmooth.java.
	at com.puppycrawl.tools.checkstyle.JavaParser.parse(JavaParser.java:120)
	at com.puppycrawl.tools.checkstyle.TreeWalker.processFiltered(TreeWalker.java:152)
	at com.puppycrawl.tools.checkstyle.api.AbstractFileSetCheck.process(AbstractFileSetCheck.java:87)
	at com.puppycrawl.tools.checkstyle.Checker.processFile(Checker.java:328)
	at com.puppycrawl.tools.checkstyle.Checker.processFiles(Checker.java:289)
	... 16 more
Caused by: java.lang.IllegalStateException: /Users/abdiace/Desktop/CSE2231 workspace/SequenceSmooth/src/SequenceSmooth.java:47:13: unexpected token: {
	at com.puppycrawl.tools.checkstyle.JavaParser$1.reportError(JavaParser.java:108)
	at com.puppycrawl.tools.checkstyle.grammar.GeneratedJavaRecognizer.typeDefinition(GeneratedJavaRecognizer.java:429)
	at com.puppycrawl.tools.checkstyle.grammar.GeneratedJavaRecognizer.compilationUnit(GeneratedJavaRecognizer.java:212)
	at com.puppycrawl.tools.checkstyle.JavaParser.parse(JavaParser.java:114)
	... 20 more
Caused by: /Users/abdiace/Desktop/CSE2231 workspace/SequenceSmooth/src/SequenceSmooth.java:47:13: unexpected token: {
	at com.puppycrawl.tools.checkstyle.grammar.GeneratedJavaRecognizer.expression(GeneratedJavaRecognizer.java:5514)
	at com.puppycrawl.tools.checkstyle.grammar.GeneratedJavaRecognizer.traditionalStatement(GeneratedJavaRecognizer.java:5828)
	at com.puppycrawl.tools.checkstyle.grammar.GeneratedJavaRecognizer.statement(GeneratedJavaRecognizer.java:4982)
	at com.puppycrawl.tools.checkstyle.grammar.GeneratedJavaRecognizer.compoundStatement(GeneratedJavaRecognizer.java:4708)
	at com.puppycrawl.tools.checkstyle.grammar.GeneratedJavaRecognizer.field(GeneratedJavaRecognizer.java:3245)
	at com.puppycrawl.tools.checkstyle.grammar.GeneratedJavaRecognizer.classBlock(GeneratedJavaRecognizer.java:3560)
	at com.puppycrawl.tools.checkstyle.grammar.GeneratedJavaRecognizer.classDefinition(GeneratedJavaRecognizer.java:655)
	at com.puppycrawl.tools.checkstyle.grammar.GeneratedJavaRecognizer.typeDefinitionInternal(GeneratedJavaRecognizer.java:566)
	at com.puppycrawl.tools.checkstyle.grammar.GeneratedJavaRecognizer.typeDefinition(GeneratedJavaRecognizer.java:407)
	... 22 more

!ENTRY net.sf.eclipsecs.core 4 0 2021-08-26 18:17:54.199
!MESSAGE Checkstyle-Plugin: Exception was thrown while processing /Users/abdiace/Desktop/CSE2231 workspace/SequenceSmooth/src/SequenceSmooth.java
!STACK 0
com.puppycrawl.tools.checkstyle.api.CheckstyleException: Exception was thrown while processing /Users/abdiace/Desktop/CSE2231 workspace/SequenceSmooth/src/SequenceSmooth.java
	at com.puppycrawl.tools.checkstyle.Checker.processFiles(Checker.java:302)
	at com.puppycrawl.tools.checkstyle.Checker.process(Checker.java:221)
	at net.sf.eclipsecs.core.builder.Auditor.runAudit(Auditor.java:146)
	at net.sf.eclipsecs.core.builder.CheckstyleBuilder.handleBuildSelection(CheckstyleBuilder.java:307)
	at net.sf.eclipsecs.core.builder.CheckstyleBuilder.build(CheckstyleBuilder.java:173)
	at org.eclipse.core.internal.events.BuildManager$2.run(BuildManager.java:846)
	at org.eclipse.core.runtime.SafeRunner.run(SafeRunner.java:45)
	at org.eclipse.core.internal.events.BuildManager.basicBuild(BuildManager.java:229)
	at org.eclipse.core.internal.events.BuildManager.basicBuild(BuildManager.java:277)
	at org.eclipse.core.internal.events.BuildManager$1.run(BuildManager.java:330)
	at org.eclipse.core.runtime.SafeRunner.run(SafeRunner.java:45)
	at org.eclipse.core.internal.events.BuildManager.basicBuild(BuildManager.java:333)
	at org.eclipse.core.internal.events.BuildManager.basicBuild(BuildManager.java:292)
	at org.eclipse.core.internal.events.BuildManager.build(BuildManager.java:481)
	at org.eclipse.core.internal.resources.Project$1.run(Project.java:565)
	at org.eclipse.core.internal.resources.Workspace.run(Workspace.java:2313)
	at org.eclipse.core.internal.resources.Project.internalBuild(Project.java:603)
	at org.eclipse.core.internal.resources.Project.build(Project.java:116)
	at org.eclipse.debug.core.model.LaunchConfigurationDelegate.lambda$0(LaunchConfigurationDelegate.java:406)
	at org.eclipse.core.internal.resources.Workspace.run(Workspace.java:2313)
	at org.eclipse.core.internal.resources.Workspace.run(Workspace.java:2333)
	at org.eclipse.debug.core.model.LaunchConfigurationDelegate.buildProjects(LaunchConfigurationDelegate.java:412)
	at org.eclipse.debug.core.model.LaunchConfigurationDelegate.buildForLaunch(LaunchConfigurationDelegate.java:122)
	at org.eclipse.debug.internal.core.LaunchConfiguration.launch(LaunchConfiguration.java:777)
	at org.eclipse.debug.internal.core.LaunchConfiguration.launch(LaunchConfiguration.java:716)
	at org.eclipse.debug.internal.ui.DebugUIPlugin.buildAndLaunch(DebugUIPlugin.java:1021)
	at org.eclipse.debug.internal.ui.DebugUIPlugin$2.run(DebugUIPlugin.java:1224)
	at org.eclipse.core.internal.jobs.Worker.run(Worker.java:63)
Caused by: com.puppycrawl.tools.checkstyle.api.CheckstyleException: IllegalStateException occurred while parsing file /Users/abdiace/Desktop/CSE2231 workspace/SequenceSmooth/src/SequenceSmooth.java.
	at com.puppycrawl.tools.checkstyle.JavaParser.parse(JavaParser.java:120)
	at com.puppycrawl.tools.checkstyle.TreeWalker.processFiltered(TreeWalker.java:152)
	at com.puppycrawl.tools.checkstyle.api.AbstractFileSetCheck.process(AbstractFileSetCheck.java:87)
	at com.puppycrawl.tools.checkstyle.Checker.processFile(Checker.java:328)
	at com.puppycrawl.tools.checkstyle.Checker.processFiles(Checker.java:289)
	... 27 more
Caused by: java.lang.IllegalStateException: /Users/abdiace/Desktop/CSE2231 workspace/SequenceSmooth/src/SequenceSmooth.java:44:13: unexpected token: {
	at com.puppycrawl.tools.checkstyle.JavaParser$1.reportError(JavaParser.java:108)
	at com.puppycrawl.tools.checkstyle.grammar.GeneratedJavaRecognizer.typeDefinition(GeneratedJavaRecognizer.java:429)
	at com.puppycrawl.tools.checkstyle.grammar.GeneratedJavaRecognizer.compilationUnit(GeneratedJavaRecognizer.java:212)
	at com.puppycrawl.tools.checkstyle.JavaParser.parse(JavaParser.java:114)
	... 31 more
Caused by: /Users/abdiace/Desktop/CSE2231 workspace/SequenceSmooth/src/SequenceSmooth.java:44:13: unexpected token: {
	at com.puppycrawl.tools.checkstyle.grammar.GeneratedJavaRecognizer.expression(GeneratedJavaRecognizer.java:5514)
	at com.puppycrawl.tools.checkstyle.grammar.GeneratedJavaRecognizer.traditionalStatement(GeneratedJavaRecognizer.java:5828)
	at com.puppycrawl.tools.checkstyle.grammar.GeneratedJavaRecognizer.statement(GeneratedJavaRecognizer.java:4982)
	at com.puppycrawl.tools.checkstyle.grammar.GeneratedJavaRecognizer.compoundStatement(GeneratedJavaRecognizer.java:4708)
	at com.puppycrawl.tools.checkstyle.grammar.GeneratedJavaRecognizer.field(GeneratedJavaRecognizer.java:3245)
	at com.puppycrawl.tools.checkstyle.grammar.GeneratedJavaRecognizer.classBlock(GeneratedJavaRecognizer.java:3560)
	at com.puppycrawl.tools.checkstyle.grammar.GeneratedJavaRecognizer.classDefinition(GeneratedJavaRecognizer.java:655)
	at com.puppycrawl.tools.checkstyle.grammar.GeneratedJavaRecognizer.typeDefinitionInternal(GeneratedJavaRecognizer.java:566)
	at com.puppycrawl.tools.checkstyle.grammar.GeneratedJavaRecognizer.typeDefinition(GeneratedJavaRecognizer.java:407)
	... 33 more

!ENTRY net.sf.eclipsecs.core 4 0 2021-08-26 18:28:27.494
!MESSAGE Checkstyle-Plugin: Exception was thrown while processing /Users/abdiace/Desktop/CSE2231 workspace/SequenceSmooth/src/SequenceSmooth.java
!STACK 0
com.puppycrawl.tools.checkstyle.api.CheckstyleException: Exception was thrown while processing /Users/abdiace/Desktop/CSE2231 workspace/SequenceSmooth/src/SequenceSmooth.java
	at com.puppycrawl.tools.checkstyle.Checker.processFiles(Checker.java:302)
	at com.puppycrawl.tools.checkstyle.Checker.process(Checker.java:221)
	at net.sf.eclipsecs.core.builder.Auditor.runAudit(Auditor.java:146)
	at net.sf.eclipsecs.core.builder.CheckstyleBuilder.handleBuildSelection(CheckstyleBuilder.java:307)
	at net.sf.eclipsecs.core.builder.CheckstyleBuilder.build(CheckstyleBuilder.java:173)
	at org.eclipse.core.internal.events.BuildManager$2.run(BuildManager.java:846)
	at org.eclipse.core.runtime.SafeRunner.run(SafeRunner.java:45)
	at org.eclipse.core.internal.events.BuildManager.basicBuild(BuildManager.java:229)
	at org.eclipse.core.internal.events.BuildManager.basicBuild(BuildManager.java:277)
	at org.eclipse.core.internal.events.BuildManager$1.run(BuildManager.java:330)
	at org.eclipse.core.runtime.SafeRunner.run(SafeRunner.java:45)
	at org.eclipse.core.internal.events.BuildManager.basicBuild(BuildManager.java:333)
	at org.eclipse.core.internal.events.BuildManager.basicBuild(BuildManager.java:292)
	at org.eclipse.core.internal.events.BuildManager.build(BuildManager.java:481)
	at org.eclipse.core.internal.resources.Project$1.run(Project.java:565)
	at org.eclipse.core.internal.resources.Workspace.run(Workspace.java:2313)
	at org.eclipse.core.internal.resources.Project.internalBuild(Project.java:603)
	at org.eclipse.core.internal.resources.Project.build(Project.java:116)
	at org.eclipse.debug.core.model.LaunchConfigurationDelegate.lambda$0(LaunchConfigurationDelegate.java:406)
	at org.eclipse.core.internal.resources.Workspace.run(Workspace.java:2313)
	at org.eclipse.core.internal.resources.Workspace.run(Workspace.java:2333)
	at org.eclipse.debug.core.model.LaunchConfigurationDelegate.buildProjects(LaunchConfigurationDelegate.java:412)
	at org.eclipse.debug.core.model.LaunchConfigurationDelegate.buildForLaunch(LaunchConfigurationDelegate.java:122)
	at org.eclipse.debug.internal.core.LaunchConfiguration.launch(LaunchConfiguration.java:777)
	at org.eclipse.debug.internal.core.LaunchConfiguration.launch(LaunchConfiguration.java:716)
	at org.eclipse.debug.internal.ui.DebugUIPlugin.buildAndLaunch(DebugUIPlugin.java:1021)
	at org.eclipse.debug.internal.ui.DebugUIPlugin$2.run(DebugUIPlugin.java:1224)
	at org.eclipse.core.internal.jobs.Worker.run(Worker.java:63)
Caused by: com.puppycrawl.tools.checkstyle.api.CheckstyleException: IllegalStateException occurred while parsing file /Users/abdiace/Desktop/CSE2231 workspace/SequenceSmooth/src/SequenceSmooth.java.
	at com.puppycrawl.tools.checkstyle.JavaParser.parse(JavaParser.java:120)
	at com.puppycrawl.tools.checkstyle.TreeWalker.processFiltered(TreeWalker.java:152)
	at com.puppycrawl.tools.checkstyle.api.AbstractFileSetCheck.process(AbstractFileSetCheck.java:87)
	at com.puppycrawl.tools.checkstyle.Checker.processFile(Checker.java:328)
	at com.puppycrawl.tools.checkstyle.Checker.processFiles(Checker.java:289)
	... 27 more
Caused by: java.lang.IllegalStateException: /Users/abdiace/Desktop/CSE2231 workspace/SequenceSmooth/src/SequenceSmooth.java:44:13: unexpected token: {
	at com.puppycrawl.tools.checkstyle.JavaParser$1.reportError(JavaParser.java:108)
	at com.puppycrawl.tools.checkstyle.grammar.GeneratedJavaRecognizer.typeDefinition(GeneratedJavaRecognizer.java:429)
	at com.puppycrawl.tools.checkstyle.grammar.GeneratedJavaRecognizer.compilationUnit(GeneratedJavaRecognizer.java:212)
	at com.puppycrawl.tools.checkstyle.JavaParser.parse(JavaParser.java:114)
	... 31 more
Caused by: /Users/abdiace/Desktop/CSE2231 workspace/SequenceSmooth/src/SequenceSmooth.java:44:13: unexpected token: {
	at com.puppycrawl.tools.checkstyle.grammar.GeneratedJavaRecognizer.expression(GeneratedJavaRecognizer.java:5514)
	at com.puppycrawl.tools.checkstyle.grammar.GeneratedJavaRecognizer.traditionalStatement(GeneratedJavaRecognizer.java:5828)
	at com.puppycrawl.tools.checkstyle.grammar.GeneratedJavaRecognizer.statement(GeneratedJavaRecognizer.java:4982)
	at com.puppycrawl.tools.checkstyle.grammar.GeneratedJavaRecognizer.compoundStatement(GeneratedJavaRecognizer.java:4708)
	at com.puppycrawl.tools.checkstyle.grammar.GeneratedJavaRecognizer.field(GeneratedJavaRecognizer.java:3245)
	at com.puppycrawl.tools.checkstyle.grammar.GeneratedJavaRecognizer.classBlock(GeneratedJavaRecognizer.java:3560)
	at com.puppycrawl.tools.checkstyle.grammar.GeneratedJavaRecognizer.classDefinition(GeneratedJavaRecognizer.java:655)
	at com.puppycrawl.tools.checkstyle.grammar.GeneratedJavaRecognizer.typeDefinitionInternal(GeneratedJavaRecognizer.java:566)
	at com.puppycrawl.tools.checkstyle.grammar.GeneratedJavaRecognizer.typeDefinition(GeneratedJavaRecognizer.java:407)
	... 33 more

!ENTRY net.sf.eclipsecs.core 4 0 2021-08-26 18:37:12.728
!MESSAGE Checkstyle-Plugin: Exception was thrown while processing /Users/abdiace/Desktop/CSE2231 workspace/SequenceSmooth/src/SequenceSmooth.java
!STACK 0
com.puppycrawl.tools.checkstyle.api.CheckstyleException: Exception was thrown while processing /Users/abdiace/Desktop/CSE2231 workspace/SequenceSmooth/src/SequenceSmooth.java
	at com.puppycrawl.tools.checkstyle.Checker.processFiles(Checker.java:302)
	at com.puppycrawl.tools.checkstyle.Checker.process(Checker.java:221)
	at net.sf.eclipsecs.core.builder.Auditor.runAudit(Auditor.java:146)
	at net.sf.eclipsecs.core.builder.CheckstyleBuilder.handleBuildSelection(CheckstyleBuilder.java:307)
	at net.sf.eclipsecs.core.builder.CheckstyleBuilder.build(CheckstyleBuilder.java:173)
	at org.eclipse.core.internal.events.BuildManager$2.run(BuildManager.java:846)
	at org.eclipse.core.runtime.SafeRunner.run(SafeRunner.java:45)
	at org.eclipse.core.internal.events.BuildManager.basicBuild(BuildManager.java:229)
	at org.eclipse.core.internal.events.BuildManager.basicBuild(BuildManager.java:277)
	at org.eclipse.core.internal.events.BuildManager$1.run(BuildManager.java:330)
	at org.eclipse.core.runtime.SafeRunner.run(SafeRunner.java:45)
	at org.eclipse.core.internal.events.BuildManager.basicBuild(BuildManager.java:333)
	at org.eclipse.core.internal.events.BuildManager.basicBuild(BuildManager.java:292)
	at org.eclipse.core.internal.events.BuildManager.build(BuildManager.java:481)
	at org.eclipse.core.internal.resources.Project$1.run(Project.java:565)
	at org.eclipse.core.internal.resources.Workspace.run(Workspace.java:2313)
	at org.eclipse.core.internal.resources.Project.internalBuild(Project.java:603)
	at org.eclipse.core.internal.resources.Project.build(Project.java:116)
	at org.eclipse.debug.core.model.LaunchConfigurationDelegate.lambda$0(LaunchConfigurationDelegate.java:406)
	at org.eclipse.core.internal.resources.Workspace.run(Workspace.java:2313)
	at org.eclipse.core.internal.resources.Workspace.run(Workspace.java:2333)
	at org.eclipse.debug.core.model.LaunchConfigurationDelegate.buildProjects(LaunchConfigurationDelegate.java:412)
	at org.eclipse.debug.core.model.LaunchConfigurationDelegate.buildForLaunch(LaunchConfigurationDelegate.java:122)
	at org.eclipse.debug.internal.core.LaunchConfiguration.launch(LaunchConfiguration.java:777)
	at org.eclipse.debug.internal.core.LaunchConfiguration.launch(LaunchConfiguration.java:716)
	at org.eclipse.debug.internal.ui.DebugUIPlugin.buildAndLaunch(DebugUIPlugin.java:1021)
	at org.eclipse.debug.internal.ui.DebugUIPlugin$2.run(DebugUIPlugin.java:1224)
	at org.eclipse.core.internal.jobs.Worker.run(Worker.java:63)
Caused by: com.puppycrawl.tools.checkstyle.api.CheckstyleException: IllegalStateException occurred while parsing file /Users/abdiace/Desktop/CSE2231 workspace/SequenceSmooth/src/SequenceSmooth.java.
	at com.puppycrawl.tools.checkstyle.JavaParser.parse(JavaParser.java:120)
	at com.puppycrawl.tools.checkstyle.TreeWalker.processFiltered(TreeWalker.java:152)
	at com.puppycrawl.tools.checkstyle.api.AbstractFileSetCheck.process(AbstractFileSetCheck.java:87)
	at com.puppycrawl.tools.checkstyle.Checker.processFile(Checker.java:328)
	at com.puppycrawl.tools.checkstyle.Checker.processFiles(Checker.java:289)
	... 27 more
Caused by: java.lang.IllegalStateException: /Users/abdiace/Desktop/CSE2231 workspace/SequenceSmooth/src/SequenceSmooth.java:44:13: unexpected token: {
	at com.puppycrawl.tools.checkstyle.JavaParser$1.reportError(JavaParser.java:108)
	at com.puppycrawl.tools.checkstyle.grammar.GeneratedJavaRecognizer.typeDefinition(GeneratedJavaRecognizer.java:429)
	at com.puppycrawl.tools.checkstyle.grammar.GeneratedJavaRecognizer.compilationUnit(GeneratedJavaRecognizer.java:212)
	at com.puppycrawl.tools.checkstyle.JavaParser.parse(JavaParser.java:114)
	... 31 more
Caused by: /Users/abdiace/Desktop/CSE2231 workspace/SequenceSmooth/src/SequenceSmooth.java:44:13: unexpected token: {
	at com.puppycrawl.tools.checkstyle.grammar.GeneratedJavaRecognizer.expression(GeneratedJavaRecognizer.java:5514)
	at com.puppycrawl.tools.checkstyle.grammar.GeneratedJavaRecognizer.traditionalStatement(GeneratedJavaRecognizer.java:5828)
	at com.puppycrawl.tools.checkstyle.grammar.GeneratedJavaRecognizer.statement(GeneratedJavaRecognizer.java:4982)
	at com.puppycrawl.tools.checkstyle.grammar.GeneratedJavaRecognizer.compoundStatement(GeneratedJavaRecognizer.java:4708)
	at com.puppycrawl.tools.checkstyle.grammar.GeneratedJavaRecognizer.field(GeneratedJavaRecognizer.java:3245)
	at com.puppycrawl.tools.checkstyle.grammar.GeneratedJavaRecognizer.classBlock(GeneratedJavaRecognizer.java:3560)
	at com.puppycrawl.tools.checkstyle.grammar.GeneratedJavaRecognizer.classDefinition(GeneratedJavaRecognizer.java:655)
	at com.puppycrawl.tools.checkstyle.grammar.GeneratedJavaRecognizer.typeDefinitionInternal(GeneratedJavaRecognizer.java:566)
	at com.puppycrawl.tools.checkstyle.grammar.GeneratedJavaRecognizer.typeDefinition(GeneratedJavaRecognizer.java:407)
	... 33 more

!ENTRY net.sf.eclipsecs.core 4 0 2021-08-26 18:39:22.897
!MESSAGE Checkstyle-Plugin: Exception was thrown while processing /Users/abdiace/Desktop/CSE2231 workspace/SequenceSmooth/src/SequenceSmooth.java
!STACK 0
com.puppycrawl.tools.checkstyle.api.CheckstyleException: Exception was thrown while processing /Users/abdiace/Desktop/CSE2231 workspace/SequenceSmooth/src/SequenceSmooth.java
	at com.puppycrawl.tools.checkstyle.Checker.processFiles(Checker.java:302)
	at com.puppycrawl.tools.checkstyle.Checker.process(Checker.java:221)
	at net.sf.eclipsecs.core.builder.Auditor.runAudit(Auditor.java:146)
	at net.sf.eclipsecs.core.builder.CheckstyleBuilder.handleBuildSelection(CheckstyleBuilder.java:307)
	at net.sf.eclipsecs.core.builder.CheckstyleBuilder.build(CheckstyleBuilder.java:173)
	at org.eclipse.core.internal.events.BuildManager$2.run(BuildManager.java:846)
	at org.eclipse.core.runtime.SafeRunner.run(SafeRunner.java:45)
	at org.eclipse.core.internal.events.BuildManager.basicBuild(BuildManager.java:229)
	at org.eclipse.core.internal.events.BuildManager.basicBuild(BuildManager.java:277)
	at org.eclipse.core.internal.events.BuildManager$1.run(BuildManager.java:330)
	at org.eclipse.core.runtime.SafeRunner.run(SafeRunner.java:45)
	at org.eclipse.core.internal.events.BuildManager.basicBuild(BuildManager.java:333)
	at org.eclipse.core.internal.events.BuildManager.basicBuildLoop(BuildManager.java:385)
	at org.eclipse.core.internal.events.BuildManager.build(BuildManager.java:406)
	at org.eclipse.core.internal.events.AutoBuildJob.doBuild(AutoBuildJob.java:154)
	at org.eclipse.core.internal.events.AutoBuildJob.run(AutoBuildJob.java:244)
	at org.eclipse.core.internal.jobs.Worker.run(Worker.java:63)
Caused by: com.puppycrawl.tools.checkstyle.api.CheckstyleException: MismatchedTokenException occurred while parsing file /Users/abdiace/Desktop/CSE2231 workspace/SequenceSmooth/src/SequenceSmooth.java.
	at com.puppycrawl.tools.checkstyle.JavaParser.parse(JavaParser.java:120)
	at com.puppycrawl.tools.checkstyle.TreeWalker.processFiltered(TreeWalker.java:152)
	at com.puppycrawl.tools.checkstyle.api.AbstractFileSetCheck.process(AbstractFileSetCheck.java:87)
	at com.puppycrawl.tools.checkstyle.Checker.processFile(Checker.java:328)
	at com.puppycrawl.tools.checkstyle.Checker.processFiles(Checker.java:289)
	... 16 more
Caused by: /Users/abdiace/Desktop/CSE2231 workspace/SequenceSmooth/src/SequenceSmooth.java:67:1: expecting EOF, found '}'
	at antlr.Parser.match(Parser.java:211)
	at com.puppycrawl.tools.checkstyle.grammar.GeneratedJavaRecognizer.compilationUnit(GeneratedJavaRecognizer.java:221)
	at com.puppycrawl.tools.checkstyle.JavaParser.parse(JavaParser.java:114)
	... 20 more

!ENTRY net.sf.eclipsecs.core 4 0 2021-08-26 19:29:55.009
!MESSAGE Checkstyle-Plugin: Exception was thrown while processing /Users/abdiace/Desktop/CSE2231 workspace/SequenceSmooth/src/SequenceSmooth.java
!STACK 0
com.puppycrawl.tools.checkstyle.api.CheckstyleException: Exception was thrown while processing /Users/abdiace/Desktop/CSE2231 workspace/SequenceSmooth/src/SequenceSmooth.java
	at com.puppycrawl.tools.checkstyle.Checker.processFiles(Checker.java:302)
	at com.puppycrawl.tools.checkstyle.Checker.process(Checker.java:221)
	at net.sf.eclipsecs.core.builder.Auditor.runAudit(Auditor.java:146)
	at net.sf.eclipsecs.core.builder.CheckstyleBuilder.handleBuildSelection(CheckstyleBuilder.java:307)
	at net.sf.eclipsecs.core.builder.CheckstyleBuilder.build(CheckstyleBuilder.java:173)
	at org.eclipse.core.internal.events.BuildManager$2.run(BuildManager.java:846)
	at org.eclipse.core.runtime.SafeRunner.run(SafeRunner.java:45)
	at org.eclipse.core.internal.events.BuildManager.basicBuild(BuildManager.java:229)
	at org.eclipse.core.internal.events.BuildManager.basicBuild(BuildManager.java:277)
	at org.eclipse.core.internal.events.BuildManager$1.run(BuildManager.java:330)
	at org.eclipse.core.runtime.SafeRunner.run(SafeRunner.java:45)
	at org.eclipse.core.internal.events.BuildManager.basicBuild(BuildManager.java:333)
	at org.eclipse.core.internal.events.BuildManager.basicBuildLoop(BuildManager.java:385)
	at org.eclipse.core.internal.events.BuildManager.build(BuildManager.java:406)
	at org.eclipse.core.internal.events.AutoBuildJob.doBuild(AutoBuildJob.java:154)
	at org.eclipse.core.internal.events.AutoBuildJob.run(AutoBuildJob.java:244)
	at org.eclipse.core.internal.jobs.Worker.run(Worker.java:63)
Caused by: com.puppycrawl.tools.checkstyle.api.CheckstyleException: IllegalStateException occurred while parsing file /Users/abdiace/Desktop/CSE2231 workspace/SequenceSmooth/src/SequenceSmooth.java.
	at com.puppycrawl.tools.checkstyle.JavaParser.parse(JavaParser.java:120)
	at com.puppycrawl.tools.checkstyle.TreeWalker.processFiltered(TreeWalker.java:152)
	at com.puppycrawl.tools.checkstyle.api.AbstractFileSetCheck.process(AbstractFileSetCheck.java:87)
	at com.puppycrawl.tools.checkstyle.Checker.processFile(Checker.java:328)
	at com.puppycrawl.tools.checkstyle.Checker.processFiles(Checker.java:289)
	... 16 more
Caused by: java.lang.IllegalStateException: /Users/abdiace/Desktop/CSE2231 workspace/SequenceSmooth/src/SequenceSmooth.java:51:34: expecting RPAREN, found '{'
	at com.puppycrawl.tools.checkstyle.JavaParser$1.reportError(JavaParser.java:108)
	at com.puppycrawl.tools.checkstyle.grammar.GeneratedJavaRecognizer.typeDefinition(GeneratedJavaRecognizer.java:429)
	at com.puppycrawl.tools.checkstyle.grammar.GeneratedJavaRecognizer.compilationUnit(GeneratedJavaRecognizer.java:212)
	at com.puppycrawl.tools.checkstyle.JavaParser.parse(JavaParser.java:114)
	... 20 more
Caused by: /Users/abdiace/Desktop/CSE2231 workspace/SequenceSmooth/src/SequenceSmooth.java:51:34: expecting RPAREN, found '{'
	at antlr.Parser.match(Parser.java:211)
	at com.puppycrawl.tools.checkstyle.grammar.GeneratedJavaRecognizer.traditionalStatement(GeneratedJavaRecognizer.java:5833)
	at com.puppycrawl.tools.checkstyle.grammar.GeneratedJavaRecognizer.statement(GeneratedJavaRecognizer.java:4982)
	at com.puppycrawl.tools.checkstyle.grammar.GeneratedJavaRecognizer.compoundStatement(GeneratedJavaRecognizer.java:4708)
	at com.puppycrawl.tools.checkstyle.grammar.GeneratedJavaRecognizer.traditionalStatement(GeneratedJavaRecognizer.java:5813)
	at com.puppycrawl.tools.checkstyle.grammar.GeneratedJavaRecognizer.statement(GeneratedJavaRecognizer.java:4982)
	at com.puppycrawl.tools.checkstyle.grammar.GeneratedJavaRecognizer.traditionalStatement(GeneratedJavaRecognizer.java:5874)
	at com.puppycrawl.tools.checkstyle.grammar.GeneratedJavaRecognizer.statement(GeneratedJavaRecognizer.java:4982)
	at com.puppycrawl.tools.checkstyle.grammar.GeneratedJavaRecognizer.compoundStatement(GeneratedJavaRecognizer.java:4708)
	at com.puppycrawl.tools.checkstyle.grammar.GeneratedJavaRecognizer.traditionalStatement(GeneratedJavaRecognizer.java:5813)
	at com.puppycrawl.tools.checkstyle.grammar.GeneratedJavaRecognizer.statement(GeneratedJavaRecognizer.java:4982)
	at com.puppycrawl.tools.checkstyle.grammar.GeneratedJavaRecognizer.traditionalStatement(GeneratedJavaRecognizer.java:5834)
	at com.puppycrawl.tools.checkstyle.grammar.GeneratedJavaRecognizer.statement(GeneratedJavaRecognizer.java:4982)
	at com.puppycrawl.tools.checkstyle.grammar.GeneratedJavaRecognizer.compoundStatement(GeneratedJavaRecognizer.java:4708)
	at com.puppycrawl.tools.checkstyle.grammar.GeneratedJavaRecognizer.field(GeneratedJavaRecognizer.java:3245)
	at com.puppycrawl.tools.checkstyle.grammar.GeneratedJavaRecognizer.classBlock(GeneratedJavaRecognizer.java:3560)
	at com.puppycrawl.tools.checkstyle.grammar.GeneratedJavaRecognizer.classDefinition(GeneratedJavaRecognizer.java:655)
	at com.puppycrawl.tools.checkstyle.grammar.GeneratedJavaRecognizer.typeDefinitionInternal(GeneratedJavaRecognizer.java:566)
	at com.puppycrawl.tools.checkstyle.grammar.GeneratedJavaRecognizer.typeDefinition(GeneratedJavaRecognizer.java:407)
	... 22 more

!ENTRY net.sf.eclipsecs.core 4 0 2021-08-26 19:43:02.928
!MESSAGE Checkstyle-Plugin: Exception was thrown while processing /Users/abdiace/Desktop/CSE2231 workspace/SequenceSmooth/test/SequenceSmoothTest.java
!STACK 0
com.puppycrawl.tools.checkstyle.api.CheckstyleException: Exception was thrown while processing /Users/abdiace/Desktop/CSE2231 workspace/SequenceSmooth/test/SequenceSmoothTest.java
	at com.puppycrawl.tools.checkstyle.Checker.processFiles(Checker.java:302)
	at com.puppycrawl.tools.checkstyle.Checker.process(Checker.java:221)
	at net.sf.eclipsecs.core.builder.Auditor.runAudit(Auditor.java:146)
	at net.sf.eclipsecs.core.builder.CheckstyleBuilder.handleBuildSelection(CheckstyleBuilder.java:307)
	at net.sf.eclipsecs.core.builder.CheckstyleBuilder.build(CheckstyleBuilder.java:173)
	at org.eclipse.core.internal.events.BuildManager$2.run(BuildManager.java:846)
	at org.eclipse.core.runtime.SafeRunner.run(SafeRunner.java:45)
	at org.eclipse.core.internal.events.BuildManager.basicBuild(BuildManager.java:229)
	at org.eclipse.core.internal.events.BuildManager.basicBuild(BuildManager.java:277)
	at org.eclipse.core.internal.events.BuildManager$1.run(BuildManager.java:330)
	at org.eclipse.core.runtime.SafeRunner.run(SafeRunner.java:45)
	at org.eclipse.core.internal.events.BuildManager.basicBuild(BuildManager.java:333)
	at org.eclipse.core.internal.events.BuildManager.basicBuildLoop(BuildManager.java:385)
	at org.eclipse.core.internal.events.BuildManager.build(BuildManager.java:406)
	at org.eclipse.core.internal.events.AutoBuildJob.doBuild(AutoBuildJob.java:154)
	at org.eclipse.core.internal.events.AutoBuildJob.run(AutoBuildJob.java:244)
	at org.eclipse.core.internal.jobs.Worker.run(Worker.java:63)
Caused by: com.puppycrawl.tools.checkstyle.api.CheckstyleException: IllegalStateException occurred while parsing file /Users/abdiace/Desktop/CSE2231 workspace/SequenceSmooth/test/SequenceSmoothTest.java.
	at com.puppycrawl.tools.checkstyle.JavaParser.parse(JavaParser.java:120)
	at com.puppycrawl.tools.checkstyle.TreeWalker.processFiltered(TreeWalker.java:152)
	at com.puppycrawl.tools.checkstyle.api.AbstractFileSetCheck.process(AbstractFileSetCheck.java:87)
	at com.puppycrawl.tools.checkstyle.Checker.processFile(Checker.java:328)
	at com.puppycrawl.tools.checkstyle.Checker.processFiles(Checker.java:289)
	... 16 more
Caused by: java.lang.IllegalStateException: /Users/abdiace/Desktop/CSE2231 workspace/SequenceSmooth/test/SequenceSmoothTest.java:113:2: expecting RCURLY, found 'null'
	at com.puppycrawl.tools.checkstyle.JavaParser$1.reportError(JavaParser.java:108)
	at com.puppycrawl.tools.checkstyle.grammar.GeneratedJavaRecognizer.typeDefinition(GeneratedJavaRecognizer.java:429)
	at com.puppycrawl.tools.checkstyle.grammar.GeneratedJavaRecognizer.compilationUnit(GeneratedJavaRecognizer.java:212)
	at com.puppycrawl.tools.checkstyle.JavaParser.parse(JavaParser.java:114)
	... 20 more
Caused by: /Users/abdiace/Desktop/CSE2231 workspace/SequenceSmooth/test/SequenceSmoothTest.java:113:2: expecting RCURLY, found 'null'
	at antlr.Parser.match(Parser.java:211)
	at com.puppycrawl.tools.checkstyle.grammar.GeneratedJavaRecognizer.classBlock(GeneratedJavaRecognizer.java:3582)
	at com.puppycrawl.tools.checkstyle.grammar.GeneratedJavaRecognizer.classDefinition(GeneratedJavaRecognizer.java:655)
	at com.puppycrawl.tools.checkstyle.grammar.GeneratedJavaRecognizer.typeDefinitionInternal(GeneratedJavaRecognizer.java:566)
	at com.puppycrawl.tools.checkstyle.grammar.GeneratedJavaRecognizer.typeDefinition(GeneratedJavaRecognizer.java:407)
	... 22 more

!ENTRY net.sf.eclipsecs.core 4 0 2021-08-26 19:43:26.152
!MESSAGE Checkstyle-Plugin: Exception was thrown while processing /Users/abdiace/Desktop/CSE2231 workspace/SequenceSmooth/src/SequenceSmooth.java
!STACK 0
com.puppycrawl.tools.checkstyle.api.CheckstyleException: Exception was thrown while processing /Users/abdiace/Desktop/CSE2231 workspace/SequenceSmooth/src/SequenceSmooth.java
	at com.puppycrawl.tools.checkstyle.Checker.processFiles(Checker.java:302)
	at com.puppycrawl.tools.checkstyle.Checker.process(Checker.java:221)
	at net.sf.eclipsecs.core.builder.Auditor.runAudit(Auditor.java:146)
	at net.sf.eclipsecs.core.builder.CheckstyleBuilder.handleBuildSelection(CheckstyleBuilder.java:307)
	at net.sf.eclipsecs.core.builder.CheckstyleBuilder.build(CheckstyleBuilder.java:173)
	at org.eclipse.core.internal.events.BuildManager$2.run(BuildManager.java:846)
	at org.eclipse.core.runtime.SafeRunner.run(SafeRunner.java:45)
	at org.eclipse.core.internal.events.BuildManager.basicBuild(BuildManager.java:229)
	at org.eclipse.core.internal.events.BuildManager.basicBuild(BuildManager.java:277)
	at org.eclipse.core.internal.events.BuildManager$1.run(BuildManager.java:330)
	at org.eclipse.core.runtime.SafeRunner.run(SafeRunner.java:45)
	at org.eclipse.core.internal.events.BuildManager.basicBuild(BuildManager.java:333)
	at org.eclipse.core.internal.events.BuildManager.basicBuild(BuildManager.java:292)
	at org.eclipse.core.internal.events.BuildManager.build(BuildManager.java:481)
	at org.eclipse.core.internal.resources.Project$1.run(Project.java:565)
	at org.eclipse.core.internal.resources.Workspace.run(Workspace.java:2313)
	at org.eclipse.core.internal.resources.Project.internalBuild(Project.java:603)
	at org.eclipse.core.internal.resources.Project.build(Project.java:116)
	at org.eclipse.debug.core.model.LaunchConfigurationDelegate.lambda$0(LaunchConfigurationDelegate.java:406)
	at org.eclipse.core.internal.resources.Workspace.run(Workspace.java:2313)
	at org.eclipse.core.internal.resources.Workspace.run(Workspace.java:2333)
	at org.eclipse.debug.core.model.LaunchConfigurationDelegate.buildProjects(LaunchConfigurationDelegate.java:412)
	at org.eclipse.debug.core.model.LaunchConfigurationDelegate.buildForLaunch(LaunchConfigurationDelegate.java:122)
	at org.eclipse.debug.internal.core.LaunchConfiguration.launch(LaunchConfiguration.java:777)
	at org.eclipse.debug.internal.core.LaunchConfiguration.launch(LaunchConfiguration.java:716)
	at org.eclipse.debug.internal.ui.DebugUIPlugin.buildAndLaunch(DebugUIPlugin.java:1021)
	at org.eclipse.debug.internal.ui.DebugUIPlugin$2.run(DebugUIPlugin.java:1224)
	at org.eclipse.core.internal.jobs.Worker.run(Worker.java:63)
Caused by: com.puppycrawl.tools.checkstyle.api.CheckstyleException: IllegalStateException occurred while parsing file /Users/abdiace/Desktop/CSE2231 workspace/SequenceSmooth/src/SequenceSmooth.java.
	at com.puppycrawl.tools.checkstyle.JavaParser.parse(JavaParser.java:120)
	at com.puppycrawl.tools.checkstyle.TreeWalker.processFiltered(TreeWalker.java:152)
	at com.puppycrawl.tools.checkstyle.api.AbstractFileSetCheck.process(AbstractFileSetCheck.java:87)
	at com.puppycrawl.tools.checkstyle.Checker.processFile(Checker.java:328)
	at com.puppycrawl.tools.checkstyle.Checker.processFiles(Checker.java:289)
	... 27 more
Caused by: java.lang.IllegalStateException: /Users/abdiace/Desktop/CSE2231 workspace/SequenceSmooth/src/SequenceSmooth.java:61:5: unexpected token: }
	at com.puppycrawl.tools.checkstyle.JavaParser$1.reportError(JavaParser.java:108)
	at com.puppycrawl.tools.checkstyle.grammar.GeneratedJavaRecognizer.typeDefinition(GeneratedJavaRecognizer.java:429)
	at com.puppycrawl.tools.checkstyle.grammar.GeneratedJavaRecognizer.compilationUnit(GeneratedJavaRecognizer.java:212)
	at com.puppycrawl.tools.checkstyle.JavaParser.parse(JavaParser.java:114)
	... 31 more
Caused by: /Users/abdiace/Desktop/CSE2231 workspace/SequenceSmooth/src/SequenceSmooth.java:61:5: unexpected token: }
	at com.puppycrawl.tools.checkstyle.grammar.GeneratedJavaRecognizer.traditionalStatement(GeneratedJavaRecognizer.java:5844)
	at com.puppycrawl.tools.checkstyle.grammar.GeneratedJavaRecognizer.statement(GeneratedJavaRecognizer.java:4982)
	at com.puppycrawl.tools.checkstyle.grammar.GeneratedJavaRecognizer.compoundStatement(GeneratedJavaRecognizer.java:4708)
	at com.puppycrawl.tools.checkstyle.grammar.GeneratedJavaRecognizer.field(GeneratedJavaRecognizer.java:3245)
	at com.puppycrawl.tools.checkstyle.grammar.GeneratedJavaRecognizer.classBlock(GeneratedJavaRecognizer.java:3560)
	at com.puppycrawl.tools.checkstyle.grammar.GeneratedJavaRecognizer.classDefinition(GeneratedJavaRecognizer.java:655)
	at com.puppycrawl.tools.checkstyle.grammar.GeneratedJavaRecognizer.typeDefinitionInternal(GeneratedJavaRecognizer.java:566)
	at com.puppycrawl.tools.checkstyle.grammar.GeneratedJavaRecognizer.typeDefinition(GeneratedJavaRecognizer.java:407)
	... 33 more

!ENTRY net.sf.eclipsecs.core 4 0 2021-08-29 14:23:52.828
!MESSAGE Checkstyle-Plugin: Exception was thrown while processing /Users/abdiace/Desktop/CSE2231 workspace/WordCounter/src/WordCounter.java
!STACK 0
com.puppycrawl.tools.checkstyle.api.CheckstyleException: Exception was thrown while processing /Users/abdiace/Desktop/CSE2231 workspace/WordCounter/src/WordCounter.java
	at com.puppycrawl.tools.checkstyle.Checker.processFiles(Checker.java:302)
	at com.puppycrawl.tools.checkstyle.Checker.process(Checker.java:221)
	at net.sf.eclipsecs.core.builder.Auditor.runAudit(Auditor.java:146)
	at net.sf.eclipsecs.core.builder.CheckstyleBuilder.handleBuildSelection(CheckstyleBuilder.java:307)
	at net.sf.eclipsecs.core.builder.CheckstyleBuilder.build(CheckstyleBuilder.java:173)
	at org.eclipse.core.internal.events.BuildManager$2.run(BuildManager.java:846)
	at org.eclipse.core.runtime.SafeRunner.run(SafeRunner.java:45)
	at org.eclipse.core.internal.events.BuildManager.basicBuild(BuildManager.java:229)
	at org.eclipse.core.internal.events.BuildManager.basicBuild(BuildManager.java:277)
	at org.eclipse.core.internal.events.BuildManager$1.run(BuildManager.java:330)
	at org.eclipse.core.runtime.SafeRunner.run(SafeRunner.java:45)
	at org.eclipse.core.internal.events.BuildManager.basicBuild(BuildManager.java:333)
	at org.eclipse.core.internal.events.BuildManager.basicBuildLoop(BuildManager.java:385)
	at org.eclipse.core.internal.events.BuildManager.build(BuildManager.java:406)
	at org.eclipse.core.internal.events.AutoBuildJob.doBuild(AutoBuildJob.java:154)
	at org.eclipse.core.internal.events.AutoBuildJob.run(AutoBuildJob.java:244)
	at org.eclipse.core.internal.jobs.Worker.run(Worker.java:63)
Caused by: com.puppycrawl.tools.checkstyle.api.CheckstyleException: IllegalStateException occurred while parsing file /Users/abdiace/Desktop/CSE2231 workspace/WordCounter/src/WordCounter.java.
	at com.puppycrawl.tools.checkstyle.JavaParser.parse(JavaParser.java:120)
	at com.puppycrawl.tools.checkstyle.TreeWalker.processFiltered(TreeWalker.java:152)
	at com.puppycrawl.tools.checkstyle.api.AbstractFileSetCheck.process(AbstractFileSetCheck.java:87)
	at com.puppycrawl.tools.checkstyle.Checker.processFile(Checker.java:328)
	at com.puppycrawl.tools.checkstyle.Checker.processFiles(Checker.java:289)
	... 16 more
Caused by: java.lang.IllegalStateException: /Users/abdiace/Desktop/CSE2231 workspace/WordCounter/src/WordCounter.java:41:9: unexpected token: output
	at com.puppycrawl.tools.checkstyle.JavaParser$1.reportError(JavaParser.java:108)
	at com.puppycrawl.tools.checkstyle.grammar.GeneratedJavaRecognizer.typeDefinition(GeneratedJavaRecognizer.java:429)
	at com.puppycrawl.tools.checkstyle.grammar.GeneratedJavaRecognizer.compilationUnit(GeneratedJavaRecognizer.java:212)
	at com.puppycrawl.tools.checkstyle.JavaParser.parse(JavaParser.java:114)
	... 20 more
Caused by: /Users/abdiace/Desktop/CSE2231 workspace/WordCounter/src/WordCounter.java:41:9: unexpected token: output
	at com.puppycrawl.tools.checkstyle.grammar.GeneratedJavaRecognizer.traditionalStatement(GeneratedJavaRecognizer.java:6237)
	at com.puppycrawl.tools.checkstyle.grammar.GeneratedJavaRecognizer.statement(GeneratedJavaRecognizer.java:4982)
	at com.puppycrawl.tools.checkstyle.grammar.GeneratedJavaRecognizer.compoundStatement(GeneratedJavaRecognizer.java:4708)
	at com.puppycrawl.tools.checkstyle.grammar.GeneratedJavaRecognizer.field(GeneratedJavaRecognizer.java:3245)
	at com.puppycrawl.tools.checkstyle.grammar.GeneratedJavaRecognizer.classBlock(GeneratedJavaRecognizer.java:3560)
	at com.puppycrawl.tools.checkstyle.grammar.GeneratedJavaRecognizer.classDefinition(GeneratedJavaRecognizer.java:655)
	at com.puppycrawl.tools.checkstyle.grammar.GeneratedJavaRecognizer.typeDefinitionInternal(GeneratedJavaRecognizer.java:566)
	at com.puppycrawl.tools.checkstyle.grammar.GeneratedJavaRecognizer.typeDefinition(GeneratedJavaRecognizer.java:407)
	... 22 more

!ENTRY com.github.spotbugs.plugin.eclipse 2 2 2021-08-29 14:23:53.870
!MESSAGE The following classes needed for SpotBugs analysis on project WordCounter were missing:
!SUBENTRY 1 com.github.spotbugs.plugin.eclipse 2 0 2021-08-29 14:23:53.870
!MESSAGE Set

!ENTRY net.sf.eclipsecs.core 4 0 2021-08-30 12:36:09.505
!MESSAGE Checkstyle-Plugin: Exception was thrown while processing /Users/abdiace/Desktop/CSE2231 workspace/WordCounter/src/WordCounter.java
!STACK 0
com.puppycrawl.tools.checkstyle.api.CheckstyleException: Exception was thrown while processing /Users/abdiace/Desktop/CSE2231 workspace/WordCounter/src/WordCounter.java
	at com.puppycrawl.tools.checkstyle.Checker.processFiles(Checker.java:302)
	at com.puppycrawl.tools.checkstyle.Checker.process(Checker.java:221)
	at net.sf.eclipsecs.core.builder.Auditor.runAudit(Auditor.java:146)
	at net.sf.eclipsecs.core.builder.CheckstyleBuilder.handleBuildSelection(CheckstyleBuilder.java:307)
	at net.sf.eclipsecs.core.builder.CheckstyleBuilder.build(CheckstyleBuilder.java:173)
	at org.eclipse.core.internal.events.BuildManager$2.run(BuildManager.java:846)
	at org.eclipse.core.runtime.SafeRunner.run(SafeRunner.java:45)
	at org.eclipse.core.internal.events.BuildManager.basicBuild(BuildManager.java:229)
	at org.eclipse.core.internal.events.BuildManager.basicBuild(BuildManager.java:277)
	at org.eclipse.core.internal.events.BuildManager$1.run(BuildManager.java:330)
	at org.eclipse.core.runtime.SafeRunner.run(SafeRunner.java:45)
	at org.eclipse.core.internal.events.BuildManager.basicBuild(BuildManager.java:333)
	at org.eclipse.core.internal.events.BuildManager.basicBuildLoop(BuildManager.java:385)
	at org.eclipse.core.internal.events.BuildManager.build(BuildManager.java:406)
	at org.eclipse.core.internal.resources.Workspace.buildInternal(Workspace.java:516)
	at org.eclipse.core.internal.resources.Workspace.build(Workspace.java:406)
	at org.eclipse.ui.actions.GlobalBuildAction$1.run(GlobalBuildAction.java:180)
	at org.eclipse.core.internal.jobs.Worker.run(Worker.java:63)
Caused by: com.puppycrawl.tools.checkstyle.api.CheckstyleException: IllegalStateException occurred while parsing file /Users/abdiace/Desktop/CSE2231 workspace/WordCounter/src/WordCounter.java.
	at com.puppycrawl.tools.checkstyle.JavaParser.parse(JavaParser.java:120)
	at com.puppycrawl.tools.checkstyle.TreeWalker.processFiltered(TreeWalker.java:152)
	at com.puppycrawl.tools.checkstyle.api.AbstractFileSetCheck.process(AbstractFileSetCheck.java:87)
	at com.puppycrawl.tools.checkstyle.Checker.processFile(Checker.java:328)
	at com.puppycrawl.tools.checkstyle.Checker.processFiles(Checker.java:289)
	... 17 more
Caused by: java.lang.IllegalStateException: /Users/abdiace/Desktop/CSE2231 workspace/WordCounter/src/WordCounter.java:43:9: unexpected token: output
	at com.puppycrawl.tools.checkstyle.JavaParser$1.reportError(JavaParser.java:108)
	at com.puppycrawl.tools.checkstyle.grammar.GeneratedJavaRecognizer.typeDefinition(GeneratedJavaRecognizer.java:429)
	at com.puppycrawl.tools.checkstyle.grammar.GeneratedJavaRecognizer.compilationUnit(GeneratedJavaRecognizer.java:212)
	at com.puppycrawl.tools.checkstyle.JavaParser.parse(JavaParser.java:114)
	... 21 more
Caused by: /Users/abdiace/Desktop/CSE2231 workspace/WordCounter/src/WordCounter.java:43:9: unexpected token: output
	at com.puppycrawl.tools.checkstyle.grammar.GeneratedJavaRecognizer.traditionalStatement(GeneratedJavaRecognizer.java:6237)
	at com.puppycrawl.tools.checkstyle.grammar.GeneratedJavaRecognizer.statement(GeneratedJavaRecognizer.java:4982)
	at com.puppycrawl.tools.checkstyle.grammar.GeneratedJavaRecognizer.compoundStatement(GeneratedJavaRecognizer.java:4708)
	at com.puppycrawl.tools.checkstyle.grammar.GeneratedJavaRecognizer.field(GeneratedJavaRecognizer.java:3245)
	at com.puppycrawl.tools.checkstyle.grammar.GeneratedJavaRecognizer.classBlock(GeneratedJavaRecognizer.java:3560)
	at com.puppycrawl.tools.checkstyle.grammar.GeneratedJavaRecognizer.classDefinition(GeneratedJavaRecognizer.java:655)
	at com.puppycrawl.tools.checkstyle.grammar.GeneratedJavaRecognizer.typeDefinitionInternal(GeneratedJavaRecognizer.java:566)
	at com.puppycrawl.tools.checkstyle.grammar.GeneratedJavaRecognizer.typeDefinition(GeneratedJavaRecognizer.java:407)
	... 23 more

!ENTRY net.sf.eclipsecs.core 4 0 2021-08-30 12:47:59.199
!MESSAGE Checkstyle-Plugin: Exception was thrown while processing /Users/abdiace/Desktop/CSE2231 workspace/WordCounter/src/WordCounter2.java
!STACK 0
com.puppycrawl.tools.checkstyle.api.CheckstyleException: Exception was thrown while processing /Users/abdiace/Desktop/CSE2231 workspace/WordCounter/src/WordCounter2.java
	at com.puppycrawl.tools.checkstyle.Checker.processFiles(Checker.java:302)
	at com.puppycrawl.tools.checkstyle.Checker.process(Checker.java:221)
	at net.sf.eclipsecs.core.builder.Auditor.runAudit(Auditor.java:146)
	at net.sf.eclipsecs.core.builder.CheckstyleBuilder.handleBuildSelection(CheckstyleBuilder.java:307)
	at net.sf.eclipsecs.core.builder.CheckstyleBuilder.build(CheckstyleBuilder.java:173)
	at org.eclipse.core.internal.events.BuildManager$2.run(BuildManager.java:846)
	at org.eclipse.core.runtime.SafeRunner.run(SafeRunner.java:45)
	at org.eclipse.core.internal.events.BuildManager.basicBuild(BuildManager.java:229)
	at org.eclipse.core.internal.events.BuildManager.basicBuild(BuildManager.java:277)
	at org.eclipse.core.internal.events.BuildManager$1.run(BuildManager.java:330)
	at org.eclipse.core.runtime.SafeRunner.run(SafeRunner.java:45)
	at org.eclipse.core.internal.events.BuildManager.basicBuild(BuildManager.java:333)
	at org.eclipse.core.internal.events.BuildManager.basicBuildLoop(BuildManager.java:385)
	at org.eclipse.core.internal.events.BuildManager.build(BuildManager.java:406)
	at org.eclipse.core.internal.events.AutoBuildJob.doBuild(AutoBuildJob.java:154)
	at org.eclipse.core.internal.events.AutoBuildJob.run(AutoBuildJob.java:244)
	at org.eclipse.core.internal.jobs.Worker.run(Worker.java:63)
Caused by: com.puppycrawl.tools.checkstyle.api.CheckstyleException: IllegalStateException occurred while parsing file /Users/abdiace/Desktop/CSE2231 workspace/WordCounter/src/WordCounter2.java.
	at com.puppycrawl.tools.checkstyle.JavaParser.parse(JavaParser.java:120)
	at com.puppycrawl.tools.checkstyle.TreeWalker.processFiltered(TreeWalker.java:152)
	at com.puppycrawl.tools.checkstyle.api.AbstractFileSetCheck.process(AbstractFileSetCheck.java:87)
	at com.puppycrawl.tools.checkstyle.Checker.processFile(Checker.java:328)
	at com.puppycrawl.tools.checkstyle.Checker.processFiles(Checker.java:289)
	... 16 more
Caused by: java.lang.IllegalStateException: /Users/abdiace/Desktop/CSE2231 workspace/WordCounter/src/WordCounter2.java:298:22: unexpected token: inFile
	at com.puppycrawl.tools.checkstyle.JavaParser$1.reportError(JavaParser.java:108)
	at com.puppycrawl.tools.checkstyle.grammar.GeneratedJavaRecognizer.typeDefinition(GeneratedJavaRecognizer.java:429)
	at com.puppycrawl.tools.checkstyle.grammar.GeneratedJavaRecognizer.compilationUnit(GeneratedJavaRecognizer.java:212)
	at com.puppycrawl.tools.checkstyle.JavaParser.parse(JavaParser.java:114)
	... 20 more
Caused by: /Users/abdiace/Desktop/CSE2231 workspace/WordCounter/src/WordCounter2.java:298:22: unexpected token: inFile
	at com.puppycrawl.tools.checkstyle.grammar.GeneratedJavaRecognizer.traditionalStatement(GeneratedJavaRecognizer.java:6237)
	at com.puppycrawl.tools.checkstyle.grammar.GeneratedJavaRecognizer.statement(GeneratedJavaRecognizer.java:4982)
	at com.puppycrawl.tools.checkstyle.grammar.GeneratedJavaRecognizer.compoundStatement(GeneratedJavaRecognizer.java:4708)
	at com.puppycrawl.tools.checkstyle.grammar.GeneratedJavaRecognizer.field(GeneratedJavaRecognizer.java:3245)
	at com.puppycrawl.tools.checkstyle.grammar.GeneratedJavaRecognizer.classBlock(GeneratedJavaRecognizer.java:3560)
	at com.puppycrawl.tools.checkstyle.grammar.GeneratedJavaRecognizer.classDefinition(GeneratedJavaRecognizer.java:655)
	at com.puppycrawl.tools.checkstyle.grammar.GeneratedJavaRecognizer.typeDefinitionInternal(GeneratedJavaRecognizer.java:566)
	at com.puppycrawl.tools.checkstyle.grammar.GeneratedJavaRecognizer.typeDefinition(GeneratedJavaRecognizer.java:407)
	... 22 more

!ENTRY com.github.spotbugs.plugin.eclipse 1 0 2021-08-31 16:25:17.597
!MESSAGE creating new bug collection: /Users/abdiace/Desktop/CSE2231 workspace/.metadata/.plugins/com.github.spotbugs.plugin.eclipse/JUnitTestingRevisited.fbwarnings.xml
!SESSION 2021-09-03 15:35:08.361 -----------------------------------------------
eclipse.buildId=4.20.0.I20210611-1600
java.version=15.0.1
java.vendor=Oracle Corporation
BootLoader constants: OS=macosx, ARCH=x86_64, WS=cocoa, NL=en_US
Framework arguments:  -product org.eclipse.epp.package.java.product -keyring /Users/abdiace/.eclipse_keyring
Command-line arguments:  -os macosx -ws cocoa -arch x86_64 -product org.eclipse.epp.package.java.product -keyring /Users/abdiace/.eclipse_keyring

!ENTRY org.eclipse.jface 2 0 2021-09-03 15:35:19.108
!MESSAGE Keybinding conflicts occurred.  They may interfere with normal accelerator operation.
!SUBENTRY 1 org.eclipse.jface 2 0 2021-09-03 15:35:19.109
!MESSAGE A conflict occurred for COMMAND+SHIFT+T:
Binding(COMMAND+SHIFT+T,
	ParameterizedCommand(Command(org.eclipse.jdt.ui.navigate.open.type,Open Type,
		Open a type in a Java editor,
		Category(org.eclipse.ui.category.navigate,Navigate,null,true),
		org.eclipse.ui.internal.WorkbenchHandlerServiceHandler@74f89bad,
		,,true),null),
	org.eclipse.ui.defaultAcceleratorConfiguration,
	org.eclipse.ui.contexts.window,,,system)
Binding(COMMAND+SHIFT+T,
	ParameterizedCommand(Command(org.eclipse.lsp4e.symbolinworkspace,Go to Symbol in Workspace,
		,
		Category(org.eclipse.lsp4e.category,Language Servers,null,true),
		org.eclipse.ui.internal.WorkbenchHandlerServiceHandler@5ad50b02,
		,,true),null),
	org.eclipse.ui.defaultAcceleratorConfiguration,
	org.eclipse.ui.contexts.window,,,system)

!ENTRY org.eclipse.e4.ui.workbench 4 0 2021-09-03 15:35:29.644
!MESSAGE Unable to retrieve the bundle from the URI: bundleclass://org.eclipse.recommenders.news.rcp/org.eclipse.recommenders.internal.news.rcp.toolbar.NewsToolControl

!ENTRY net.sf.eclipsecs.core 4 0 2021-09-03 16:11:32.890
!MESSAGE Checkstyle-Plugin: Exception was thrown while processing /Users/abdiace/Desktop/CSE2231 workspace/WordCounter/src/WordCounter.java
!STACK 0
com.puppycrawl.tools.checkstyle.api.CheckstyleException: Exception was thrown while processing /Users/abdiace/Desktop/CSE2231 workspace/WordCounter/src/WordCounter.java
	at com.puppycrawl.tools.checkstyle.Checker.processFiles(Checker.java:302)
	at com.puppycrawl.tools.checkstyle.Checker.process(Checker.java:221)
	at net.sf.eclipsecs.core.builder.Auditor.runAudit(Auditor.java:146)
	at net.sf.eclipsecs.core.builder.CheckstyleBuilder.handleBuildSelection(CheckstyleBuilder.java:307)
	at net.sf.eclipsecs.core.builder.CheckstyleBuilder.build(CheckstyleBuilder.java:173)
	at org.eclipse.core.internal.events.BuildManager$2.run(BuildManager.java:846)
	at org.eclipse.core.runtime.SafeRunner.run(SafeRunner.java:45)
	at org.eclipse.core.internal.events.BuildManager.basicBuild(BuildManager.java:229)
	at org.eclipse.core.internal.events.BuildManager.basicBuild(BuildManager.java:277)
	at org.eclipse.core.internal.events.BuildManager$1.run(BuildManager.java:330)
	at org.eclipse.core.runtime.SafeRunner.run(SafeRunner.java:45)
	at org.eclipse.core.internal.events.BuildManager.basicBuild(BuildManager.java:333)
	at org.eclipse.core.internal.events.BuildManager.basicBuild(BuildManager.java:292)
	at org.eclipse.core.internal.events.BuildManager.build(BuildManager.java:481)
	at org.eclipse.core.internal.resources.Project$1.run(Project.java:565)
	at org.eclipse.core.internal.resources.Workspace.run(Workspace.java:2313)
	at org.eclipse.core.internal.resources.Project.internalBuild(Project.java:603)
	at org.eclipse.core.internal.resources.Project.build(Project.java:116)
	at org.eclipse.debug.core.model.LaunchConfigurationDelegate.lambda$0(LaunchConfigurationDelegate.java:406)
	at org.eclipse.core.internal.resources.Workspace.run(Workspace.java:2313)
	at org.eclipse.core.internal.resources.Workspace.run(Workspace.java:2333)
	at org.eclipse.debug.core.model.LaunchConfigurationDelegate.buildProjects(LaunchConfigurationDelegate.java:412)
	at org.eclipse.debug.core.model.LaunchConfigurationDelegate.buildForLaunch(LaunchConfigurationDelegate.java:122)
	at org.eclipse.debug.internal.core.LaunchConfiguration.launch(LaunchConfiguration.java:777)
	at org.eclipse.debug.internal.core.LaunchConfiguration.launch(LaunchConfiguration.java:716)
	at org.eclipse.debug.internal.ui.DebugUIPlugin.buildAndLaunch(DebugUIPlugin.java:1021)
	at org.eclipse.debug.internal.ui.DebugUIPlugin$2.run(DebugUIPlugin.java:1224)
	at org.eclipse.core.internal.jobs.Worker.run(Worker.java:63)
Caused by: com.puppycrawl.tools.checkstyle.api.CheckstyleException: IllegalStateException occurred while parsing file /Users/abdiace/Desktop/CSE2231 workspace/WordCounter/src/WordCounter.java.
	at com.puppycrawl.tools.checkstyle.JavaParser.parse(JavaParser.java:120)
	at com.puppycrawl.tools.checkstyle.TreeWalker.processFiltered(TreeWalker.java:152)
	at com.puppycrawl.tools.checkstyle.api.AbstractFileSetCheck.process(AbstractFileSetCheck.java:87)
	at com.puppycrawl.tools.checkstyle.Checker.processFile(Checker.java:328)
	at com.puppycrawl.tools.checkstyle.Checker.processFiles(Checker.java:289)
	... 27 more
Caused by: java.lang.IllegalStateException: /Users/abdiace/Desktop/CSE2231 workspace/WordCounter/src/WordCounter.java:43:9: unexpected token: output
	at com.puppycrawl.tools.checkstyle.JavaParser$1.reportError(JavaParser.java:108)
	at com.puppycrawl.tools.checkstyle.grammar.GeneratedJavaRecognizer.typeDefinition(GeneratedJavaRecognizer.java:429)
	at com.puppycrawl.tools.checkstyle.grammar.GeneratedJavaRecognizer.compilationUnit(GeneratedJavaRecognizer.java:212)
	at com.puppycrawl.tools.checkstyle.JavaParser.parse(JavaParser.java:114)
	... 31 more
Caused by: /Users/abdiace/Desktop/CSE2231 workspace/WordCounter/src/WordCounter.java:43:9: unexpected token: output
	at com.puppycrawl.tools.checkstyle.grammar.GeneratedJavaRecognizer.traditionalStatement(GeneratedJavaRecognizer.java:6237)
	at com.puppycrawl.tools.checkstyle.grammar.GeneratedJavaRecognizer.statement(GeneratedJavaRecognizer.java:4982)
	at com.puppycrawl.tools.checkstyle.grammar.GeneratedJavaRecognizer.compoundStatement(GeneratedJavaRecognizer.java:4708)
	at com.puppycrawl.tools.checkstyle.grammar.GeneratedJavaRecognizer.field(GeneratedJavaRecognizer.java:3245)
	at com.puppycrawl.tools.checkstyle.grammar.GeneratedJavaRecognizer.classBlock(GeneratedJavaRecognizer.java:3560)
	at com.puppycrawl.tools.checkstyle.grammar.GeneratedJavaRecognizer.classDefinition(GeneratedJavaRecognizer.java:655)
	at com.puppycrawl.tools.checkstyle.grammar.GeneratedJavaRecognizer.typeDefinitionInternal(GeneratedJavaRecognizer.java:566)
	at com.puppycrawl.tools.checkstyle.grammar.GeneratedJavaRecognizer.typeDefinition(GeneratedJavaRecognizer.java:407)
	... 33 more

!ENTRY com.github.spotbugs.plugin.eclipse 2 2 2021-09-03 17:24:49.729
!MESSAGE The following classes needed for SpotBugs analysis on project WordCounter were missing:
!SUBENTRY 1 com.github.spotbugs.plugin.eclipse 2 0 2021-09-03 17:24:49.729
!MESSAGE Queue

!ENTRY net.sf.eclipsecs.core 4 0 2021-09-03 17:48:23.080
!MESSAGE Checkstyle-Plugin: Exception was thrown while processing /Users/abdiace/Desktop/CSE2231 workspace/WordCounter/src/WordCounter.java
!STACK 0
com.puppycrawl.tools.checkstyle.api.CheckstyleException: Exception was thrown while processing /Users/abdiace/Desktop/CSE2231 workspace/WordCounter/src/WordCounter.java
	at com.puppycrawl.tools.checkstyle.Checker.processFiles(Checker.java:302)
	at com.puppycrawl.tools.checkstyle.Checker.process(Checker.java:221)
	at net.sf.eclipsecs.core.builder.Auditor.runAudit(Auditor.java:146)
	at net.sf.eclipsecs.core.builder.CheckstyleBuilder.handleBuildSelection(CheckstyleBuilder.java:307)
	at net.sf.eclipsecs.core.builder.CheckstyleBuilder.build(CheckstyleBuilder.java:173)
	at org.eclipse.core.internal.events.BuildManager$2.run(BuildManager.java:846)
	at org.eclipse.core.runtime.SafeRunner.run(SafeRunner.java:45)
	at org.eclipse.core.internal.events.BuildManager.basicBuild(BuildManager.java:229)
	at org.eclipse.core.internal.events.BuildManager.basicBuild(BuildManager.java:277)
	at org.eclipse.core.internal.events.BuildManager$1.run(BuildManager.java:330)
	at org.eclipse.core.runtime.SafeRunner.run(SafeRunner.java:45)
	at org.eclipse.core.internal.events.BuildManager.basicBuild(BuildManager.java:333)
	at org.eclipse.core.internal.events.BuildManager.basicBuildLoop(BuildManager.java:385)
	at org.eclipse.core.internal.events.BuildManager.build(BuildManager.java:406)
	at org.eclipse.core.internal.events.AutoBuildJob.doBuild(AutoBuildJob.java:154)
	at org.eclipse.core.internal.events.AutoBuildJob.run(AutoBuildJob.java:244)
	at org.eclipse.core.internal.jobs.Worker.run(Worker.java:63)
Caused by: com.puppycrawl.tools.checkstyle.api.CheckstyleException: IllegalStateException occurred while parsing file /Users/abdiace/Desktop/CSE2231 workspace/WordCounter/src/WordCounter.java.
	at com.puppycrawl.tools.checkstyle.JavaParser.parse(JavaParser.java:120)
	at com.puppycrawl.tools.checkstyle.TreeWalker.processFiltered(TreeWalker.java:152)
	at com.puppycrawl.tools.checkstyle.api.AbstractFileSetCheck.process(AbstractFileSetCheck.java:87)
	at com.puppycrawl.tools.checkstyle.Checker.processFile(Checker.java:328)
	at com.puppycrawl.tools.checkstyle.Checker.processFiles(Checker.java:289)
	... 16 more
Caused by: java.lang.IllegalStateException: /Users/abdiace/Desktop/CSE2231 workspace/WordCounter/src/WordCounter.java:299:9: unexpected token: Sortwords
	at com.puppycrawl.tools.checkstyle.JavaParser$1.reportError(JavaParser.java:108)
	at com.puppycrawl.tools.checkstyle.grammar.GeneratedJavaRecognizer.typeDefinition(GeneratedJavaRecognizer.java:429)
	at com.puppycrawl.tools.checkstyle.grammar.GeneratedJavaRecognizer.compilationUnit(GeneratedJavaRecognizer.java:212)
	at com.puppycrawl.tools.checkstyle.JavaParser.parse(JavaParser.java:114)
	... 20 more
Caused by: /Users/abdiace/Desktop/CSE2231 workspace/WordCounter/src/WordCounter.java:299:9: unexpected token: Sortwords
	at com.puppycrawl.tools.checkstyle.grammar.GeneratedJavaRecognizer.traditionalStatement(GeneratedJavaRecognizer.java:6237)
	at com.puppycrawl.tools.checkstyle.grammar.GeneratedJavaRecognizer.statement(GeneratedJavaRecognizer.java:4982)
	at com.puppycrawl.tools.checkstyle.grammar.GeneratedJavaRecognizer.compoundStatement(GeneratedJavaRecognizer.java:4708)
	at com.puppycrawl.tools.checkstyle.grammar.GeneratedJavaRecognizer.field(GeneratedJavaRecognizer.java:3245)
	at com.puppycrawl.tools.checkstyle.grammar.GeneratedJavaRecognizer.classBlock(GeneratedJavaRecognizer.java:3560)
	at com.puppycrawl.tools.checkstyle.grammar.GeneratedJavaRecognizer.classDefinition(GeneratedJavaRecognizer.java:655)
	at com.puppycrawl.tools.checkstyle.grammar.GeneratedJavaRecognizer.typeDefinitionInternal(GeneratedJavaRecognizer.java:566)
	at com.puppycrawl.tools.checkstyle.grammar.GeneratedJavaRecognizer.typeDefinition(GeneratedJavaRecognizer.java:407)
	... 22 more

!ENTRY net.sf.eclipsecs.core 4 0 2021-09-03 17:51:11.132
!MESSAGE Checkstyle-Plugin: Exception was thrown while processing /Users/abdiace/Desktop/CSE2231 workspace/WordCounter/src/WordCounter.java
!STACK 0
com.puppycrawl.tools.checkstyle.api.CheckstyleException: Exception was thrown while processing /Users/abdiace/Desktop/CSE2231 workspace/WordCounter/src/WordCounter.java
	at com.puppycrawl.tools.checkstyle.Checker.processFiles(Checker.java:302)
	at com.puppycrawl.tools.checkstyle.Checker.process(Checker.java:221)
	at net.sf.eclipsecs.core.builder.Auditor.runAudit(Auditor.java:146)
	at net.sf.eclipsecs.core.builder.CheckstyleBuilder.handleBuildSelection(CheckstyleBuilder.java:307)
	at net.sf.eclipsecs.core.builder.CheckstyleBuilder.build(CheckstyleBuilder.java:173)
	at org.eclipse.core.internal.events.BuildManager$2.run(BuildManager.java:846)
	at org.eclipse.core.runtime.SafeRunner.run(SafeRunner.java:45)
	at org.eclipse.core.internal.events.BuildManager.basicBuild(BuildManager.java:229)
	at org.eclipse.core.internal.events.BuildManager.basicBuild(BuildManager.java:277)
	at org.eclipse.core.internal.events.BuildManager$1.run(BuildManager.java:330)
	at org.eclipse.core.runtime.SafeRunner.run(SafeRunner.java:45)
	at org.eclipse.core.internal.events.BuildManager.basicBuild(BuildManager.java:333)
	at org.eclipse.core.internal.events.BuildManager.basicBuildLoop(BuildManager.java:385)
	at org.eclipse.core.internal.events.BuildManager.build(BuildManager.java:406)
	at org.eclipse.core.internal.events.AutoBuildJob.doBuild(AutoBuildJob.java:154)
	at org.eclipse.core.internal.events.AutoBuildJob.run(AutoBuildJob.java:244)
	at org.eclipse.core.internal.jobs.Worker.run(Worker.java:63)
Caused by: com.puppycrawl.tools.checkstyle.api.CheckstyleException: IllegalStateException occurred while parsing file /Users/abdiace/Desktop/CSE2231 workspace/WordCounter/src/WordCounter.java.
	at com.puppycrawl.tools.checkstyle.JavaParser.parse(JavaParser.java:120)
	at com.puppycrawl.tools.checkstyle.TreeWalker.processFiltered(TreeWalker.java:152)
	at com.puppycrawl.tools.checkstyle.api.AbstractFileSetCheck.process(AbstractFileSetCheck.java:87)
	at com.puppycrawl.tools.checkstyle.Checker.processFile(Checker.java:328)
	at com.puppycrawl.tools.checkstyle.Checker.processFiles(Checker.java:289)
	... 16 more
Caused by: java.lang.IllegalStateException: /Users/abdiace/Desktop/CSE2231 workspace/WordCounter/src/WordCounter.java:295:9: unexpected token: Sortwords
	at com.puppycrawl.tools.checkstyle.JavaParser$1.reportError(JavaParser.java:108)
	at com.puppycrawl.tools.checkstyle.grammar.GeneratedJavaRecognizer.typeDefinition(GeneratedJavaRecognizer.java:429)
	at com.puppycrawl.tools.checkstyle.grammar.GeneratedJavaRecognizer.compilationUnit(GeneratedJavaRecognizer.java:212)
	at com.puppycrawl.tools.checkstyle.JavaParser.parse(JavaParser.java:114)
	... 20 more
Caused by: /Users/abdiace/Desktop/CSE2231 workspace/WordCounter/src/WordCounter.java:295:9: unexpected token: Sortwords
	at com.puppycrawl.tools.checkstyle.grammar.GeneratedJavaRecognizer.traditionalStatement(GeneratedJavaRecognizer.java:6237)
	at com.puppycrawl.tools.checkstyle.grammar.GeneratedJavaRecognizer.statement(GeneratedJavaRecognizer.java:4982)
	at com.puppycrawl.tools.checkstyle.grammar.GeneratedJavaRecognizer.compoundStatement(GeneratedJavaRecognizer.java:4708)
	at com.puppycrawl.tools.checkstyle.grammar.GeneratedJavaRecognizer.field(GeneratedJavaRecognizer.java:3245)
	at com.puppycrawl.tools.checkstyle.grammar.GeneratedJavaRecognizer.classBlock(GeneratedJavaRecognizer.java:3560)
	at com.puppycrawl.tools.checkstyle.grammar.GeneratedJavaRecognizer.classDefinition(GeneratedJavaRecognizer.java:655)
	at com.puppycrawl.tools.checkstyle.grammar.GeneratedJavaRecognizer.typeDefinitionInternal(GeneratedJavaRecognizer.java:566)
	at com.puppycrawl.tools.checkstyle.grammar.GeneratedJavaRecognizer.typeDefinition(GeneratedJavaRecognizer.java:407)
	... 22 more
!SESSION 2021-09-07 16:14:47.798 -----------------------------------------------
eclipse.buildId=4.20.0.I20210611-1600
java.version=15.0.1
java.vendor=Oracle Corporation
BootLoader constants: OS=macosx, ARCH=x86_64, WS=cocoa, NL=en_US
Framework arguments:  -product org.eclipse.epp.package.java.product -keyring /Users/abdiace/.eclipse_keyring
Command-line arguments:  -os macosx -ws cocoa -arch x86_64 -product org.eclipse.epp.package.java.product -keyring /Users/abdiace/.eclipse_keyring

!ENTRY org.eclipse.jface 2 0 2021-09-07 16:14:58.377
!MESSAGE Keybinding conflicts occurred.  They may interfere with normal accelerator operation.
!SUBENTRY 1 org.eclipse.jface 2 0 2021-09-07 16:14:58.377
!MESSAGE A conflict occurred for COMMAND+SHIFT+T:
Binding(COMMAND+SHIFT+T,
	ParameterizedCommand(Command(org.eclipse.jdt.ui.navigate.open.type,Open Type,
		Open a type in a Java editor,
		Category(org.eclipse.ui.category.navigate,Navigate,null,true),
		org.eclipse.ui.internal.WorkbenchHandlerServiceHandler@254513e8,
		,,true),null),
	org.eclipse.ui.defaultAcceleratorConfiguration,
	org.eclipse.ui.contexts.window,,,system)
Binding(COMMAND+SHIFT+T,
	ParameterizedCommand(Command(org.eclipse.lsp4e.symbolinworkspace,Go to Symbol in Workspace,
		,
		Category(org.eclipse.lsp4e.category,Language Servers,null,true),
		org.eclipse.ui.internal.WorkbenchHandlerServiceHandler@74450c9b,
		,,true),null),
	org.eclipse.ui.defaultAcceleratorConfiguration,
	org.eclipse.ui.contexts.window,,,system)

!ENTRY org.eclipse.e4.ui.workbench 4 0 2021-09-07 16:15:08.446
!MESSAGE Unable to retrieve the bundle from the URI: bundleclass://org.eclipse.recommenders.news.rcp/org.eclipse.recommenders.internal.news.rcp.toolbar.NewsToolControl

!ENTRY com.github.spotbugs.plugin.eclipse 1 0 2021-09-07 17:16:53.358
!MESSAGE creating new bug collection: /Users/abdiace/Desktop/CSE2231 workspace/.metadata/.plugins/com.github.spotbugs.plugin.eclipse/SequenceOnStack.fbwarnings.xml

!ENTRY com.github.spotbugs.plugin.eclipse 1 0 2021-09-09 17:12:15.299
!MESSAGE creating new bug collection: /Users/abdiace/Desktop/CSE2231 workspace/.metadata/.plugins/com.github.spotbugs.plugin.eclipse/SetOnQueue.fbwarnings.xml

!ENTRY net.sf.eclipsecs.core 4 0 2021-09-09 17:21:42.139
!MESSAGE Checkstyle-Plugin: Exception was thrown while processing /Users/abdiace/Desktop/CSE2231 workspace/SetOnQueue/src/Set2.java
!STACK 0
com.puppycrawl.tools.checkstyle.api.CheckstyleException: Exception was thrown while processing /Users/abdiace/Desktop/CSE2231 workspace/SetOnQueue/src/Set2.java
	at com.puppycrawl.tools.checkstyle.Checker.processFiles(Checker.java:302)
	at com.puppycrawl.tools.checkstyle.Checker.process(Checker.java:221)
	at net.sf.eclipsecs.core.builder.Auditor.runAudit(Auditor.java:146)
	at net.sf.eclipsecs.core.builder.CheckstyleBuilder.handleBuildSelection(CheckstyleBuilder.java:307)
	at net.sf.eclipsecs.core.builder.CheckstyleBuilder.build(CheckstyleBuilder.java:173)
	at org.eclipse.core.internal.events.BuildManager$2.run(BuildManager.java:846)
	at org.eclipse.core.runtime.SafeRunner.run(SafeRunner.java:45)
	at org.eclipse.core.internal.events.BuildManager.basicBuild(BuildManager.java:229)
	at org.eclipse.core.internal.events.BuildManager.basicBuild(BuildManager.java:277)
	at org.eclipse.core.internal.events.BuildManager$1.run(BuildManager.java:330)
	at org.eclipse.core.runtime.SafeRunner.run(SafeRunner.java:45)
	at org.eclipse.core.internal.events.BuildManager.basicBuild(BuildManager.java:333)
	at org.eclipse.core.internal.events.BuildManager.basicBuildLoop(BuildManager.java:385)
	at org.eclipse.core.internal.events.BuildManager.build(BuildManager.java:406)
	at org.eclipse.core.internal.events.AutoBuildJob.doBuild(AutoBuildJob.java:154)
	at org.eclipse.core.internal.events.AutoBuildJob.run(AutoBuildJob.java:244)
	at org.eclipse.core.internal.jobs.Worker.run(Worker.java:63)
Caused by: com.puppycrawl.tools.checkstyle.api.CheckstyleException: IllegalStateException occurred while parsing file /Users/abdiace/Desktop/CSE2231 workspace/SetOnQueue/src/Set2.java.
	at com.puppycrawl.tools.checkstyle.JavaParser.parse(JavaParser.java:120)
	at com.puppycrawl.tools.checkstyle.TreeWalker.processFiltered(TreeWalker.java:152)
	at com.puppycrawl.tools.checkstyle.api.AbstractFileSetCheck.process(AbstractFileSetCheck.java:87)
	at com.puppycrawl.tools.checkstyle.Checker.processFile(Checker.java:328)
	at com.puppycrawl.tools.checkstyle.Checker.processFiles(Checker.java:289)
	... 16 more
Caused by: java.lang.IllegalStateException: /Users/abdiace/Desktop/CSE2231 workspace/SetOnQueue/src/Set2.java:51:17: expecting SEMI, found 'int'
	at com.puppycrawl.tools.checkstyle.JavaParser$1.reportError(JavaParser.java:108)
	at com.puppycrawl.tools.checkstyle.grammar.GeneratedJavaRecognizer.typeDefinition(GeneratedJavaRecognizer.java:429)
	at com.puppycrawl.tools.checkstyle.grammar.GeneratedJavaRecognizer.compilationUnit(GeneratedJavaRecognizer.java:212)
	at com.puppycrawl.tools.checkstyle.JavaParser.parse(JavaParser.java:114)
	... 20 more
Caused by: /Users/abdiace/Desktop/CSE2231 workspace/SetOnQueue/src/Set2.java:51:17: expecting SEMI, found 'int'
	at antlr.Parser.match(Parser.java:211)
	at com.puppycrawl.tools.checkstyle.grammar.GeneratedJavaRecognizer.traditionalStatement(GeneratedJavaRecognizer.java:6105)
	at com.puppycrawl.tools.checkstyle.grammar.GeneratedJavaRecognizer.statement(GeneratedJavaRecognizer.java:4982)
	at com.puppycrawl.tools.checkstyle.grammar.GeneratedJavaRecognizer.compoundStatement(GeneratedJavaRecognizer.java:4708)
	at com.puppycrawl.tools.checkstyle.grammar.GeneratedJavaRecognizer.field(GeneratedJavaRecognizer.java:3245)
	at com.puppycrawl.tools.checkstyle.grammar.GeneratedJavaRecognizer.classBlock(GeneratedJavaRecognizer.java:3560)
	at com.puppycrawl.tools.checkstyle.grammar.GeneratedJavaRecognizer.classDefinition(GeneratedJavaRecognizer.java:655)
	at com.puppycrawl.tools.checkstyle.grammar.GeneratedJavaRecognizer.typeDefinitionInternal(GeneratedJavaRecognizer.java:566)
	at com.puppycrawl.tools.checkstyle.grammar.GeneratedJavaRecognizer.typeDefinition(GeneratedJavaRecognizer.java:407)
	... 22 more

!ENTRY com.github.spotbugs.plugin.eclipse 1 0 2021-09-15 17:35:43.884
!MESSAGE creating new bug collection: /Users/abdiace/Desktop/CSE2231 workspace/.metadata/.plugins/com.github.spotbugs.plugin.eclipse/MapOnQueue.fbwarnings.xml

!ENTRY com.github.spotbugs.plugin.eclipse 1 0 2021-09-15 18:55:05.277
!MESSAGE creating new bug collection: /Users/abdiace/Desktop/CSE2231 workspace/.metadata/.plugins/com.github.spotbugs.plugin.eclipse/NaturalNumberOnString.fbwarnings.xml

!ENTRY com.github.spotbugs.plugin.eclipse 1 0 2021-09-21 17:44:34.997
!MESSAGE creating new bug collection: /Users/abdiace/Desktop/CSE2231 workspace/.metadata/.plugins/com.github.spotbugs.plugin.eclipse/BinaryTreeMethods.fbwarnings.xml

!ENTRY net.sf.eclipsecs.core 4 0 2021-09-21 17:46:36.112
!MESSAGE Checkstyle-Plugin: Exception was thrown while processing /Users/abdiace/Desktop/CSE2231 workspace/BinaryTreeMethods/src/BinaryTreeMethods.java
!STACK 0
com.puppycrawl.tools.checkstyle.api.CheckstyleException: Exception was thrown while processing /Users/abdiace/Desktop/CSE2231 workspace/BinaryTreeMethods/src/BinaryTreeMethods.java
	at com.puppycrawl.tools.checkstyle.Checker.processFiles(Checker.java:302)
	at com.puppycrawl.tools.checkstyle.Checker.process(Checker.java:221)
	at net.sf.eclipsecs.core.builder.Auditor.runAudit(Auditor.java:146)
	at net.sf.eclipsecs.core.builder.CheckstyleBuilder.handleBuildSelection(CheckstyleBuilder.java:307)
	at net.sf.eclipsecs.core.builder.CheckstyleBuilder.build(CheckstyleBuilder.java:173)
	at org.eclipse.core.internal.events.BuildManager$2.run(BuildManager.java:846)
	at org.eclipse.core.runtime.SafeRunner.run(SafeRunner.java:45)
	at org.eclipse.core.internal.events.BuildManager.basicBuild(BuildManager.java:229)
	at org.eclipse.core.internal.events.BuildManager.basicBuild(BuildManager.java:277)
	at org.eclipse.core.internal.events.BuildManager$1.run(BuildManager.java:330)
	at org.eclipse.core.runtime.SafeRunner.run(SafeRunner.java:45)
	at org.eclipse.core.internal.events.BuildManager.basicBuild(BuildManager.java:333)
	at org.eclipse.core.internal.events.BuildManager.basicBuildLoop(BuildManager.java:385)
	at org.eclipse.core.internal.events.BuildManager.build(BuildManager.java:406)
	at org.eclipse.core.internal.events.AutoBuildJob.doBuild(AutoBuildJob.java:154)
	at org.eclipse.core.internal.events.AutoBuildJob.run(AutoBuildJob.java:244)
	at org.eclipse.core.internal.jobs.Worker.run(Worker.java:63)
Caused by: com.puppycrawl.tools.checkstyle.api.CheckstyleException: IllegalStateException occurred while parsing file /Users/abdiace/Desktop/CSE2231 workspace/BinaryTreeMethods/src/BinaryTreeMethods.java.
	at com.puppycrawl.tools.checkstyle.JavaParser.parse(JavaParser.java:120)
	at com.puppycrawl.tools.checkstyle.TreeWalker.processFiltered(TreeWalker.java:152)
	at com.puppycrawl.tools.checkstyle.api.AbstractFileSetCheck.process(AbstractFileSetCheck.java:87)
	at com.puppycrawl.tools.checkstyle.Checker.processFile(Checker.java:328)
	at com.puppycrawl.tools.checkstyle.Checker.processFiles(Checker.java:289)
	... 16 more
Caused by: java.lang.IllegalStateException: /Users/abdiace/Desktop/CSE2231 workspace/BinaryTreeMethods/src/BinaryTreeMethods.java:61:15: unexpected token: )
	at com.puppycrawl.tools.checkstyle.JavaParser$1.reportError(JavaParser.java:108)
	at com.puppycrawl.tools.checkstyle.grammar.GeneratedJavaRecognizer.typeDefinition(GeneratedJavaRecognizer.java:429)
	at com.puppycrawl.tools.checkstyle.grammar.GeneratedJavaRecognizer.compilationUnit(GeneratedJavaRecognizer.java:212)
	at com.puppycrawl.tools.checkstyle.JavaParser.parse(JavaParser.java:114)
	... 20 more
Caused by: /Users/abdiace/Desktop/CSE2231 workspace/BinaryTreeMethods/src/BinaryTreeMethods.java:61:15: unexpected token: )
	at com.puppycrawl.tools.checkstyle.grammar.GeneratedJavaRecognizer.postfixExpression(GeneratedJavaRecognizer.java:8924)
	at com.puppycrawl.tools.checkstyle.grammar.GeneratedJavaRecognizer.castExpression(GeneratedJavaRecognizer.java:8760)
	at com.puppycrawl.tools.checkstyle.grammar.GeneratedJavaRecognizer.unaryExpressionNotPlusMinus(GeneratedJavaRecognizer.java:8616)
	at com.puppycrawl.tools.checkstyle.grammar.GeneratedJavaRecognizer.unaryExpression(GeneratedJavaRecognizer.java:8543)
	at com.puppycrawl.tools.checkstyle.grammar.GeneratedJavaRecognizer.multiplicativeExpression(GeneratedJavaRecognizer.java:8401)
	at com.puppycrawl.tools.checkstyle.grammar.GeneratedJavaRecognizer.additiveExpression(GeneratedJavaRecognizer.java:8352)
	at com.puppycrawl.tools.checkstyle.grammar.GeneratedJavaRecognizer.shiftExpression(GeneratedJavaRecognizer.java:8227)
	at com.puppycrawl.tools.checkstyle.grammar.GeneratedJavaRecognizer.relationalExpression(GeneratedJavaRecognizer.java:8114)
	at com.puppycrawl.tools.checkstyle.grammar.GeneratedJavaRecognizer.equalityExpression(GeneratedJavaRecognizer.java:8065)
	at com.puppycrawl.tools.checkstyle.grammar.GeneratedJavaRecognizer.andExpression(GeneratedJavaRecognizer.java:8036)
	at com.puppycrawl.tools.checkstyle.grammar.GeneratedJavaRecognizer.exclusiveOrExpression(GeneratedJavaRecognizer.java:8007)
	at com.puppycrawl.tools.checkstyle.grammar.GeneratedJavaRecognizer.inclusiveOrExpression(GeneratedJavaRecognizer.java:7978)
	at com.puppycrawl.tools.checkstyle.grammar.GeneratedJavaRecognizer.logicalAndExpression(GeneratedJavaRecognizer.java:7949)
	at com.puppycrawl.tools.checkstyle.grammar.GeneratedJavaRecognizer.logicalOrExpression(GeneratedJavaRecognizer.java:7920)
	at com.puppycrawl.tools.checkstyle.grammar.GeneratedJavaRecognizer.conditionalExpression(GeneratedJavaRecognizer.java:2497)
	at com.puppycrawl.tools.checkstyle.grammar.GeneratedJavaRecognizer.assignmentExpression(GeneratedJavaRecognizer.java:7666)
	at com.puppycrawl.tools.checkstyle.grammar.GeneratedJavaRecognizer.expression(GeneratedJavaRecognizer.java:5501)
	at com.puppycrawl.tools.checkstyle.grammar.GeneratedJavaRecognizer.traditionalStatement(GeneratedJavaRecognizer.java:5828)
	at com.puppycrawl.tools.checkstyle.grammar.GeneratedJavaRecognizer.statement(GeneratedJavaRecognizer.java:4982)
	at com.puppycrawl.tools.checkstyle.grammar.GeneratedJavaRecognizer.compoundStatement(GeneratedJavaRecognizer.java:4708)
	at com.puppycrawl.tools.checkstyle.grammar.GeneratedJavaRecognizer.field(GeneratedJavaRecognizer.java:3245)
	at com.puppycrawl.tools.checkstyle.grammar.GeneratedJavaRecognizer.classBlock(GeneratedJavaRecognizer.java:3560)
	at com.puppycrawl.tools.checkstyle.grammar.GeneratedJavaRecognizer.classDefinition(GeneratedJavaRecognizer.java:655)
	at com.puppycrawl.tools.checkstyle.grammar.GeneratedJavaRecognizer.typeDefinitionInternal(GeneratedJavaRecognizer.java:566)
	at com.puppycrawl.tools.checkstyle.grammar.GeneratedJavaRecognizer.typeDefinition(GeneratedJavaRecognizer.java:407)
	... 22 more

!ENTRY com.github.spotbugs.plugin.eclipse 1 0 2021-09-22 17:29:08.682
!MESSAGE creating new bug collection: /Users/abdiace/Desktop/CSE2231 workspace/.metadata/.plugins/com.github.spotbugs.plugin.eclipse/MapWithHashing.fbwarnings.xml

!ENTRY com.github.spotbugs.plugin.eclipse 1 0 2021-09-23 16:30:00.666
!MESSAGE creating new bug collection: /Users/abdiace/Desktop/CSE2231 workspace/.metadata/.plugins/com.github.spotbugs.plugin.eclipse/BinarySearchTreeMethods.fbwarnings.xml

!ENTRY com.github.spotbugs.plugin.eclipse 1 0 2021-10-07 17:34:40.804
!MESSAGE creating new bug collection: /Users/abdiace/Desktop/CSE2231 workspace/.metadata/.plugins/com.github.spotbugs.plugin.eclipse/SetOnBST.fbwarnings.xml

!ENTRY com.github.spotbugs.plugin.eclipse 1 0 2021-10-19 17:21:06.482
!MESSAGE creating new bug collection: /Users/abdiace/Desktop/CSE2231 workspace/.metadata/.plugins/com.github.spotbugs.plugin.eclipse/SortingMachineWithHeapsort.fbwarnings.xml

!ENTRY com.github.spotbugs.plugin.eclipse 1 0 2021-10-26 17:21:30.064
!MESSAGE creating new bug collection: /Users/abdiace/Desktop/CSE2231 workspace/.metadata/.plugins/com.github.spotbugs.plugin.eclipse/StatementCountPrimitiveCalls.fbwarnings.xml

!ENTRY com.github.spotbugs.plugin.eclipse 1 0 2021-10-27 17:05:01.841
!MESSAGE creating new bug collection: /Users/abdiace/Desktop/CSE2231 workspace/.metadata/.plugins/com.github.spotbugs.plugin.eclipse/ListWithRetreat.fbwarnings.xml

!ENTRY net.sf.eclipsecs.core 4 0 2021-10-27 17:19:46.679
!MESSAGE Checkstyle-Plugin: Exception was thrown while processing /Users/abdiace/Desktop/CSE2231 workspace/ListWithRetreat/test/ListTest.java
!STACK 0
com.puppycrawl.tools.checkstyle.api.CheckstyleException: Exception was thrown while processing /Users/abdiace/Desktop/CSE2231 workspace/ListWithRetreat/test/ListTest.java
	at com.puppycrawl.tools.checkstyle.Checker.processFiles(Checker.java:302)
	at com.puppycrawl.tools.checkstyle.Checker.process(Checker.java:221)
	at net.sf.eclipsecs.core.builder.Auditor.runAudit(Auditor.java:146)
	at net.sf.eclipsecs.core.builder.CheckstyleBuilder.handleBuildSelection(CheckstyleBuilder.java:307)
	at net.sf.eclipsecs.core.builder.CheckstyleBuilder.build(CheckstyleBuilder.java:173)
	at org.eclipse.core.internal.events.BuildManager$2.run(BuildManager.java:846)
	at org.eclipse.core.runtime.SafeRunner.run(SafeRunner.java:45)
	at org.eclipse.core.internal.events.BuildManager.basicBuild(BuildManager.java:229)
	at org.eclipse.core.internal.events.BuildManager.basicBuild(BuildManager.java:277)
	at org.eclipse.core.internal.events.BuildManager$1.run(BuildManager.java:330)
	at org.eclipse.core.runtime.SafeRunner.run(SafeRunner.java:45)
	at org.eclipse.core.internal.events.BuildManager.basicBuild(BuildManager.java:333)
	at org.eclipse.core.internal.events.BuildManager.basicBuildLoop(BuildManager.java:385)
	at org.eclipse.core.internal.events.BuildManager.build(BuildManager.java:406)
	at org.eclipse.core.internal.events.AutoBuildJob.doBuild(AutoBuildJob.java:154)
	at org.eclipse.core.internal.events.AutoBuildJob.run(AutoBuildJob.java:244)
	at org.eclipse.core.internal.jobs.Worker.run(Worker.java:63)
Caused by: com.puppycrawl.tools.checkstyle.api.CheckstyleException: MismatchedTokenException occurred while parsing file /Users/abdiace/Desktop/CSE2231 workspace/ListWithRetreat/test/ListTest.java.
	at com.puppycrawl.tools.checkstyle.JavaParser.parse(JavaParser.java:120)
	at com.puppycrawl.tools.checkstyle.TreeWalker.processFiltered(TreeWalker.java:152)
	at com.puppycrawl.tools.checkstyle.api.AbstractFileSetCheck.process(AbstractFileSetCheck.java:87)
	at com.puppycrawl.tools.checkstyle.Checker.processFile(Checker.java:328)
	at com.puppycrawl.tools.checkstyle.Checker.processFiles(Checker.java:289)
	... 16 more
Caused by: /Users/abdiace/Desktop/CSE2231 workspace/ListWithRetreat/test/ListTest.java:857:1: expecting EOF, found '}'
	at antlr.Parser.match(Parser.java:211)
	at com.puppycrawl.tools.checkstyle.grammar.GeneratedJavaRecognizer.compilationUnit(GeneratedJavaRecognizer.java:221)
	at com.puppycrawl.tools.checkstyle.JavaParser.parse(JavaParser.java:114)
	... 20 more

!ENTRY com.github.spotbugs.plugin.eclipse 1 0 2021-11-02 17:06:08.767
!MESSAGE creating new bug collection: /Users/abdiace/Desktop/CSE2231 workspace/.metadata/.plugins/com.github.spotbugs.plugin.eclipse/HashingExperiments.fbwarnings.xml

!ENTRY com.github.spotbugs.plugin.eclipse 1 0 2021-11-02 17:50:51.711
!MESSAGE creating new bug collection: /Users/abdiace/Desktop/CSE2231 workspace/.metadata/.plugins/com.github.spotbugs.plugin.eclipse/ProgramPrettyPrint.fbwarnings.xml

!ENTRY com.github.spotbugs.plugin.eclipse 1 0 2021-11-04 15:00:59.009
!MESSAGE creating new bug collection: /Users/abdiace/Desktop/CSE2231 workspace/.metadata/.plugins/com.github.spotbugs.plugin.eclipse/QueueInsertionSort.fbwarnings.xml

!ENTRY com.github.spotbugs.plugin.eclipse 1 0 2021-11-06 17:02:55.701
!MESSAGE creating new bug collection: /Users/abdiace/Desktop/CSE2231 workspace/.metadata/.plugins/com.github.spotbugs.plugin.eclipse/ExpressionEvaluator.fbwarnings.xml

!ENTRY net.sf.eclipsecs.core 4 0 2021-11-09 15:44:38.206
!MESSAGE Checkstyle-Plugin: Exception was thrown while processing /Users/abdiace/Desktop/CSE2231 workspace/QueueInsertionSort/test/SortingMachineTest.java
!STACK 0
com.puppycrawl.tools.checkstyle.api.CheckstyleException: Exception was thrown while processing /Users/abdiace/Desktop/CSE2231 workspace/QueueInsertionSort/test/SortingMachineTest.java
	at com.puppycrawl.tools.checkstyle.Checker.processFiles(Checker.java:302)
	at com.puppycrawl.tools.checkstyle.Checker.process(Checker.java:221)
	at net.sf.eclipsecs.core.builder.Auditor.runAudit(Auditor.java:146)
	at net.sf.eclipsecs.core.builder.CheckstyleBuilder.handleBuildSelection(CheckstyleBuilder.java:307)
	at net.sf.eclipsecs.core.builder.CheckstyleBuilder.build(CheckstyleBuilder.java:173)
	at org.eclipse.core.internal.events.BuildManager$2.run(BuildManager.java:846)
	at org.eclipse.core.runtime.SafeRunner.run(SafeRunner.java:45)
	at org.eclipse.core.internal.events.BuildManager.basicBuild(BuildManager.java:229)
	at org.eclipse.core.internal.events.BuildManager.basicBuild(BuildManager.java:277)
	at org.eclipse.core.internal.events.BuildManager$1.run(BuildManager.java:330)
	at org.eclipse.core.runtime.SafeRunner.run(SafeRunner.java:45)
	at org.eclipse.core.internal.events.BuildManager.basicBuild(BuildManager.java:333)
	at org.eclipse.core.internal.events.BuildManager.basicBuild(BuildManager.java:292)
	at org.eclipse.core.internal.events.BuildManager.build(BuildManager.java:481)
	at org.eclipse.core.internal.resources.Project$1.run(Project.java:565)
	at org.eclipse.core.internal.resources.Workspace.run(Workspace.java:2313)
	at org.eclipse.core.internal.resources.Project.internalBuild(Project.java:603)
	at org.eclipse.core.internal.resources.Project.build(Project.java:116)
	at org.eclipse.debug.core.model.LaunchConfigurationDelegate.lambda$0(LaunchConfigurationDelegate.java:406)
	at org.eclipse.core.internal.resources.Workspace.run(Workspace.java:2313)
	at org.eclipse.core.internal.resources.Workspace.run(Workspace.java:2333)
	at org.eclipse.debug.core.model.LaunchConfigurationDelegate.buildProjects(LaunchConfigurationDelegate.java:412)
	at org.eclipse.debug.core.model.LaunchConfigurationDelegate.buildForLaunch(LaunchConfigurationDelegate.java:122)
	at org.eclipse.debug.internal.core.LaunchConfiguration.launch(LaunchConfiguration.java:777)
	at org.eclipse.debug.internal.core.LaunchConfiguration.launch(LaunchConfiguration.java:716)
	at org.eclipse.debug.internal.ui.DebugUIPlugin.buildAndLaunch(DebugUIPlugin.java:1021)
	at org.eclipse.debug.internal.ui.DebugUIPlugin$2.run(DebugUIPlugin.java:1224)
	at org.eclipse.core.internal.jobs.Worker.run(Worker.java:63)
Caused by: com.puppycrawl.tools.checkstyle.api.CheckstyleException: IllegalStateException occurred while parsing file /Users/abdiace/Desktop/CSE2231 workspace/QueueInsertionSort/test/SortingMachineTest.java.
	at com.puppycrawl.tools.checkstyle.JavaParser.parse(JavaParser.java:120)
	at com.puppycrawl.tools.checkstyle.TreeWalker.processFiltered(TreeWalker.java:152)
	at com.puppycrawl.tools.checkstyle.api.AbstractFileSetCheck.process(AbstractFileSetCheck.java:87)
	at com.puppycrawl.tools.checkstyle.Checker.processFile(Checker.java:328)
	at com.puppycrawl.tools.checkstyle.Checker.processFiles(Checker.java:289)
	... 27 more
Caused by: java.lang.IllegalStateException: /Users/abdiace/Desktop/CSE2231 workspace/QueueInsertionSort/test/SortingMachineTest.java:173:123: expecting RCURLY, found ')'
	at com.puppycrawl.tools.checkstyle.JavaParser$1.reportError(JavaParser.java:108)
	at com.puppycrawl.tools.checkstyle.grammar.GeneratedJavaRecognizer.typeDefinition(GeneratedJavaRecognizer.java:429)
	at com.puppycrawl.tools.checkstyle.grammar.GeneratedJavaRecognizer.compilationUnit(GeneratedJavaRecognizer.java:212)
	at com.puppycrawl.tools.checkstyle.JavaParser.parse(JavaParser.java:114)
	... 31 more
Caused by: /Users/abdiace/Desktop/CSE2231 workspace/QueueInsertionSort/test/SortingMachineTest.java:173:123: expecting RCURLY, found ')'
	at antlr.Parser.match(Parser.java:211)
	at com.puppycrawl.tools.checkstyle.grammar.GeneratedJavaRecognizer.compoundStatement(GeneratedJavaRecognizer.java:4720)
	at com.puppycrawl.tools.checkstyle.grammar.GeneratedJavaRecognizer.field(GeneratedJavaRecognizer.java:3245)
	at com.puppycrawl.tools.checkstyle.grammar.GeneratedJavaRecognizer.classBlock(GeneratedJavaRecognizer.java:3560)
	at com.puppycrawl.tools.checkstyle.grammar.GeneratedJavaRecognizer.classDefinition(GeneratedJavaRecognizer.java:655)
	at com.puppycrawl.tools.checkstyle.grammar.GeneratedJavaRecognizer.typeDefinitionInternal(GeneratedJavaRecognizer.java:566)
	at com.puppycrawl.tools.checkstyle.grammar.GeneratedJavaRecognizer.typeDefinition(GeneratedJavaRecognizer.java:407)
	... 33 more

!ENTRY net.sf.eclipsecs.core 4 0 2021-11-09 16:28:59.675
!MESSAGE Checkstyle-Plugin: Exception was thrown while processing /Users/abdiace/Desktop/CSE2231 workspace/QueueInsertionSort/test/SortingMachineTest.java
!STACK 0
com.puppycrawl.tools.checkstyle.api.CheckstyleException: Exception was thrown while processing /Users/abdiace/Desktop/CSE2231 workspace/QueueInsertionSort/test/SortingMachineTest.java
	at com.puppycrawl.tools.checkstyle.Checker.processFiles(Checker.java:302)
	at com.puppycrawl.tools.checkstyle.Checker.process(Checker.java:221)
	at net.sf.eclipsecs.core.builder.Auditor.runAudit(Auditor.java:146)
	at net.sf.eclipsecs.core.builder.CheckstyleBuilder.handleBuildSelection(CheckstyleBuilder.java:307)
	at net.sf.eclipsecs.core.builder.CheckstyleBuilder.build(CheckstyleBuilder.java:173)
	at org.eclipse.core.internal.events.BuildManager$2.run(BuildManager.java:846)
	at org.eclipse.core.runtime.SafeRunner.run(SafeRunner.java:45)
	at org.eclipse.core.internal.events.BuildManager.basicBuild(BuildManager.java:229)
	at org.eclipse.core.internal.events.BuildManager.basicBuild(BuildManager.java:277)
	at org.eclipse.core.internal.events.BuildManager$1.run(BuildManager.java:330)
	at org.eclipse.core.runtime.SafeRunner.run(SafeRunner.java:45)
	at org.eclipse.core.internal.events.BuildManager.basicBuild(BuildManager.java:333)
	at org.eclipse.core.internal.events.BuildManager.basicBuild(BuildManager.java:292)
	at org.eclipse.core.internal.events.BuildManager.build(BuildManager.java:481)
	at org.eclipse.core.internal.resources.Project$1.run(Project.java:565)
	at org.eclipse.core.internal.resources.Workspace.run(Workspace.java:2313)
	at org.eclipse.core.internal.resources.Project.internalBuild(Project.java:603)
	at org.eclipse.core.internal.resources.Project.build(Project.java:116)
	at org.eclipse.debug.core.model.LaunchConfigurationDelegate.lambda$0(LaunchConfigurationDelegate.java:406)
	at org.eclipse.core.internal.resources.Workspace.run(Workspace.java:2313)
	at org.eclipse.core.internal.resources.Workspace.run(Workspace.java:2333)
	at org.eclipse.debug.core.model.LaunchConfigurationDelegate.buildProjects(LaunchConfigurationDelegate.java:412)
	at org.eclipse.debug.core.model.LaunchConfigurationDelegate.buildForLaunch(LaunchConfigurationDelegate.java:122)
	at org.eclipse.debug.internal.core.LaunchConfiguration.launch(LaunchConfiguration.java:777)
	at org.eclipse.debug.internal.core.LaunchConfiguration.launch(LaunchConfiguration.java:716)
	at org.eclipse.debug.internal.ui.DebugUIPlugin.buildAndLaunch(DebugUIPlugin.java:1021)
	at org.eclipse.debug.internal.ui.DebugUIPlugin$2.run(DebugUIPlugin.java:1224)
	at org.eclipse.core.internal.jobs.Worker.run(Worker.java:63)
Caused by: com.puppycrawl.tools.checkstyle.api.CheckstyleException: IllegalStateException occurred while parsing file /Users/abdiace/Desktop/CSE2231 workspace/QueueInsertionSort/test/SortingMachineTest.java.
	at com.puppycrawl.tools.checkstyle.JavaParser.parse(JavaParser.java:120)
	at com.puppycrawl.tools.checkstyle.TreeWalker.processFiltered(TreeWalker.java:152)
	at com.puppycrawl.tools.checkstyle.api.AbstractFileSetCheck.process(AbstractFileSetCheck.java:87)
	at com.puppycrawl.tools.checkstyle.Checker.processFile(Checker.java:328)
	at com.puppycrawl.tools.checkstyle.Checker.processFiles(Checker.java:289)
	... 27 more
Caused by: java.lang.IllegalStateException: /Users/abdiace/Desktop/CSE2231 workspace/QueueInsertionSort/test/SortingMachineTest.java:174:9: unexpected token: SortingMachine
	at com.puppycrawl.tools.checkstyle.JavaParser$1.reportError(JavaParser.java:108)
	at com.puppycrawl.tools.checkstyle.grammar.GeneratedJavaRecognizer.typeDefinition(GeneratedJavaRecognizer.java:429)
	at com.puppycrawl.tools.checkstyle.grammar.GeneratedJavaRecognizer.compilationUnit(GeneratedJavaRecognizer.java:212)
	at com.puppycrawl.tools.checkstyle.JavaParser.parse(JavaParser.java:114)
	... 31 more
Caused by: /Users/abdiace/Desktop/CSE2231 workspace/QueueInsertionSort/test/SortingMachineTest.java:174:9: unexpected token: SortingMachine
	at com.puppycrawl.tools.checkstyle.grammar.GeneratedJavaRecognizer.traditionalStatement(GeneratedJavaRecognizer.java:6237)
	at com.puppycrawl.tools.checkstyle.grammar.GeneratedJavaRecognizer.statement(GeneratedJavaRecognizer.java:4982)
	at com.puppycrawl.tools.checkstyle.grammar.GeneratedJavaRecognizer.compoundStatement(GeneratedJavaRecognizer.java:4708)
	at com.puppycrawl.tools.checkstyle.grammar.GeneratedJavaRecognizer.field(GeneratedJavaRecognizer.java:3245)
	at com.puppycrawl.tools.checkstyle.grammar.GeneratedJavaRecognizer.classBlock(GeneratedJavaRecognizer.java:3560)
	at com.puppycrawl.tools.checkstyle.grammar.GeneratedJavaRecognizer.classDefinition(GeneratedJavaRecognizer.java:655)
	at com.puppycrawl.tools.checkstyle.grammar.GeneratedJavaRecognizer.typeDefinitionInternal(GeneratedJavaRecognizer.java:566)
	at com.puppycrawl.tools.checkstyle.grammar.GeneratedJavaRecognizer.typeDefinition(GeneratedJavaRecognizer.java:407)
	... 33 more

!ENTRY com.github.spotbugs.plugin.eclipse 1 0 2021-11-12 18:03:06.059
!MESSAGE creating new bug collection: /Users/abdiace/Desktop/CSE2231 workspace/.metadata/.plugins/com.github.spotbugs.plugin.eclipse/QueueQuicksort.fbwarnings.xml

!ENTRY com.github.spotbugs.plugin.eclipse 1 0 2021-11-14 15:47:43.699
!MESSAGE creating new bug collection: /Users/abdiace/Desktop/CSE2231 workspace/.metadata/.plugins/com.github.spotbugs.plugin.eclipse/ArraySiftDown.fbwarnings.xml

!ENTRY com.github.spotbugs.plugin.eclipse 1 0 2021-11-15 01:17:14.047
!MESSAGE creating new bug collection: /Users/abdiace/Desktop/CSE2231 workspace/.metadata/.plugins/com.github.spotbugs.plugin.eclipse/StackWithLinkedList.fbwarnings.xml

!ENTRY com.github.spotbugs.plugin.eclipse 1 0 2021-11-15 18:00:15.479
!MESSAGE creating new bug collection: /Users/abdiace/Desktop/CSE2231 workspace/.metadata/.plugins/com.github.spotbugs.plugin.eclipse/ListWithTwoSmartNodes.fbwarnings.xml

!ENTRY org.eclipse.equinox.p2.metadata.repository 4 1000 2021-12-10 11:00:58.782
!MESSAGE No repository found at http://checkstyle.org/eclipse-cs/update.

!ENTRY org.eclipse.equinox.p2.transport.ecf 4 1002 2021-12-10 11:01:02.986
!MESSAGE HTTP Server 'Bad Gateway' : http://dl.bintray.com/subclipse/archive/release/1.10.x/content.xml
!STACK 1
org.eclipse.ecf.filetransfer.BrowseFileTransferException: HttpComponents connection error response code 502.
	at org.eclipse.ecf.provider.filetransfer.httpclient45.HttpClientFileSystemBrowser.runRequest(HttpClientFileSystemBrowser.java:278)
	at org.eclipse.ecf.provider.filetransfer.browse.AbstractFileSystemBrowser$DirectoryJob.run(AbstractFileSystemBrowser.java:71)
	at org.eclipse.core.internal.jobs.Worker.run(Worker.java:63)
!SUBENTRY 1 org.eclipse.ecf.identity 4 0 2021-12-10 11:01:02.989
!MESSAGE HttpComponents connection error response code 502.

!ENTRY org.eclipse.equinox.p2.artifact.repository 2 0 2021-12-10 17:05:34.087
!MESSAGE Failure reporting download statistics to URL: https://download.eclipse.org/stats/releases/2021-12/org.eclipse.ui.genericeditor/1.2.100.v20211021-1148
!STACK 1
org.eclipse.core.runtime.CoreException: Unable to read repository at https://download.eclipse.org/stats/releases/2021-12/org.eclipse.ui.genericeditor/1.2.100.v20211021-1148.
	at org.eclipse.equinox.internal.p2.transport.ecf.RepositoryTransport.getLastModified(RepositoryTransport.java:257)
	at org.eclipse.equinox.internal.p2.artifact.repository.MirrorRequest.collectStats(MirrorRequest.java:269)
	at org.eclipse.equinox.internal.p2.artifact.repository.MirrorRequest.transfer(MirrorRequest.java:236)
	at org.eclipse.equinox.internal.p2.artifact.repository.MirrorRequest.perform(MirrorRequest.java:155)
	at org.eclipse.equinox.internal.p2.artifact.repository.simple.SimpleArtifactRepository.getArtifact(SimpleArtifactRepository.java:770)
	at org.eclipse.equinox.internal.p2.artifact.repository.simple.DownloadJob.run(DownloadJob.java:64)
	at org.eclipse.core.internal.jobs.Worker.run(Worker.java:63)
Caused by: org.apache.http.conn.ConnectTimeoutException: Connect to download.eclipse.org:443 [download.eclipse.org/198.41.30.199] failed: Read timed out
	at org.apache.http.impl.conn.DefaultHttpClientConnectionOperator.connect(DefaultHttpClientConnectionOperator.java:151)
	at org.apache.http.impl.conn.PoolingHttpClientConnectionManager.connect(PoolingHttpClientConnectionManager.java:376)
	at org.apache.http.impl.execchain.MainClientExec.establishRoute(MainClientExec.java:393)
	at org.apache.http.impl.execchain.MainClientExec.execute(MainClientExec.java:236)
	at org.apache.http.impl.execchain.ProtocolExec.execute(ProtocolExec.java:186)
	at org.apache.http.impl.execchain.RetryExec.execute(RetryExec.java:89)
	at org.apache.http.impl.execchain.RedirectExec.execute(RedirectExec.java:110)
	at org.apache.http.impl.client.InternalHttpClient.doExecute(InternalHttpClient.java:185)
	at org.apache.http.impl.client.CloseableHttpClient.execute(CloseableHttpClient.java:83)
	at org.eclipse.ecf.provider.filetransfer.httpclient45.HttpClientFileSystemBrowser.runRequest(HttpClientFileSystemBrowser.java:248)
	at org.eclipse.ecf.provider.filetransfer.browse.AbstractFileSystemBrowser$DirectoryJob.run(AbstractFileSystemBrowser.java:71)
	... 1 more
Caused by: java.net.SocketTimeoutException: Read timed out
	at java.base/sun.nio.ch.NioSocketImpl.timedRead(NioSocketImpl.java:283)
	at java.base/sun.nio.ch.NioSocketImpl.implRead(NioSocketImpl.java:309)
	at java.base/sun.nio.ch.NioSocketImpl.read(NioSocketImpl.java:350)
	at java.base/sun.nio.ch.NioSocketImpl$1.read(NioSocketImpl.java:803)
	at java.base/java.net.Socket$SocketInputStream.read(Socket.java:981)
	at java.base/sun.security.ssl.SSLSocketInputRecord.read(SSLSocketInputRecord.java:478)
	at java.base/sun.security.ssl.SSLSocketInputRecord.readFully(SSLSocketInputRecord.java:461)
	at java.base/sun.security.ssl.SSLSocketInputRecord.decodeInputRecord(SSLSocketInputRecord.java:243)
	at java.base/sun.security.ssl.SSLSocketInputRecord.decode(SSLSocketInputRecord.java:181)
	at java.base/sun.security.ssl.SSLTransport.decode(SSLTransport.java:110)
	at java.base/sun.security.ssl.SSLSocketImpl.decode(SSLSocketImpl.java:1488)
	at java.base/sun.security.ssl.SSLSocketImpl.readHandshakeRecord(SSLSocketImpl.java:1394)
	at java.base/sun.security.ssl.SSLSocketImpl.startHandshake(SSLSocketImpl.java:441)
	at java.base/sun.security.ssl.SSLSocketImpl.startHandshake(SSLSocketImpl.java:412)
	at org.apache.http.conn.ssl.SSLConnectionSocketFactory.createLayeredSocket(SSLConnectionSocketFactory.java:436)
	at org.apache.http.conn.ssl.SSLConnectionSocketFactory.connectSocket(SSLConnectionSocketFactory.java:384)
	at org.apache.http.impl.conn.DefaultHttpClientConnectionOperator.connect(DefaultHttpClientConnectionOperator.java:142)
	... 11 more
!SUBENTRY 1 org.eclipse.equinox.p2.transport.ecf 4 1002 2021-12-10 17:05:34.095
!MESSAGE Unable to read repository at https://download.eclipse.org/stats/releases/2021-12/org.eclipse.ui.genericeditor/1.2.100.v20211021-1148.
!STACK 0
org.apache.http.conn.ConnectTimeoutException: Connect to download.eclipse.org:443 [download.eclipse.org/198.41.30.199] failed: Read timed out
	at org.apache.http.impl.conn.DefaultHttpClientConnectionOperator.connect(DefaultHttpClientConnectionOperator.java:151)
	at org.apache.http.impl.conn.PoolingHttpClientConnectionManager.connect(PoolingHttpClientConnectionManager.java:376)
	at org.apache.http.impl.execchain.MainClientExec.establishRoute(MainClientExec.java:393)
	at org.apache.http.impl.execchain.MainClientExec.execute(MainClientExec.java:236)
	at org.apache.http.impl.execchain.ProtocolExec.execute(ProtocolExec.java:186)
	at org.apache.http.impl.execchain.RetryExec.execute(RetryExec.java:89)
	at org.apache.http.impl.execchain.RedirectExec.execute(RedirectExec.java:110)
	at org.apache.http.impl.client.InternalHttpClient.doExecute(InternalHttpClient.java:185)
	at org.apache.http.impl.client.CloseableHttpClient.execute(CloseableHttpClient.java:83)
	at org.eclipse.ecf.provider.filetransfer.httpclient45.HttpClientFileSystemBrowser.runRequest(HttpClientFileSystemBrowser.java:248)
	at org.eclipse.ecf.provider.filetransfer.browse.AbstractFileSystemBrowser$DirectoryJob.run(AbstractFileSystemBrowser.java:71)
	at org.eclipse.core.internal.jobs.Worker.run(Worker.java:63)
Caused by: java.net.SocketTimeoutException: Read timed out
	at java.base/sun.nio.ch.NioSocketImpl.timedRead(NioSocketImpl.java:283)
	at java.base/sun.nio.ch.NioSocketImpl.implRead(NioSocketImpl.java:309)
	at java.base/sun.nio.ch.NioSocketImpl.read(NioSocketImpl.java:350)
	at java.base/sun.nio.ch.NioSocketImpl$1.read(NioSocketImpl.java:803)
	at java.base/java.net.Socket$SocketInputStream.read(Socket.java:981)
	at java.base/sun.security.ssl.SSLSocketInputRecord.read(SSLSocketInputRecord.java:478)
	at java.base/sun.security.ssl.SSLSocketInputRecord.readFully(SSLSocketInputRecord.java:461)
	at java.base/sun.security.ssl.SSLSocketInputRecord.decodeInputRecord(SSLSocketInputRecord.java:243)
	at java.base/sun.security.ssl.SSLSocketInputRecord.decode(SSLSocketInputRecord.java:181)
	at java.base/sun.security.ssl.SSLTransport.decode(SSLTransport.java:110)
	at java.base/sun.security.ssl.SSLSocketImpl.decode(SSLSocketImpl.java:1488)
	at java.base/sun.security.ssl.SSLSocketImpl.readHandshakeRecord(SSLSocketImpl.java:1394)
	at java.base/sun.security.ssl.SSLSocketImpl.startHandshake(SSLSocketImpl.java:441)
	at java.base/sun.security.ssl.SSLSocketImpl.startHandshake(SSLSocketImpl.java:412)
	at org.apache.http.conn.ssl.SSLConnectionSocketFactory.createLayeredSocket(SSLConnectionSocketFactory.java:436)
	at org.apache.http.conn.ssl.SSLConnectionSocketFactory.connectSocket(SSLConnectionSocketFactory.java:384)
	at org.apache.http.impl.conn.DefaultHttpClientConnectionOperator.connect(DefaultHttpClientConnectionOperator.java:142)
	... 11 more

!ENTRY org.eclipse.equinox.p2.transport.ecf 2 0 2021-12-10 17:05:34.686
!MESSAGE Connection to https://mirror.umd.edu/eclipse/releases/2021-12/202112081000/plugins/org.eclipse.ui.ide_3.18.400.v20211026-0701.jar failed on Connect to mirror.umd.edu:443 [mirror.umd.edu/128.8.207.141] failed: Read timed out. Retry attempt 0 started
!STACK 0
org.apache.http.conn.ConnectTimeoutException: Connect to mirror.umd.edu:443 [mirror.umd.edu/128.8.207.141] failed: Read timed out
	at org.apache.http.impl.conn.DefaultHttpClientConnectionOperator.connect(DefaultHttpClientConnectionOperator.java:151)
	at org.apache.http.impl.conn.PoolingHttpClientConnectionManager.connect(PoolingHttpClientConnectionManager.java:376)
	at org.apache.http.impl.execchain.MainClientExec.establishRoute(MainClientExec.java:393)
	at org.apache.http.impl.execchain.MainClientExec.execute(MainClientExec.java:236)
	at org.apache.http.impl.execchain.ProtocolExec.execute(ProtocolExec.java:186)
	at org.apache.http.impl.execchain.RetryExec.execute(RetryExec.java:89)
	at org.apache.http.impl.execchain.RedirectExec.execute(RedirectExec.java:110)
	at org.apache.http.impl.client.InternalHttpClient.doExecute(InternalHttpClient.java:185)
	at org.apache.http.impl.client.CloseableHttpClient.execute(CloseableHttpClient.java:83)
	at org.eclipse.ecf.provider.filetransfer.httpclient45.HttpClientRetrieveFileTransfer.performConnect(HttpClientRetrieveFileTransfer.java:1003)
	at org.eclipse.ecf.provider.filetransfer.httpclient45.HttpClientRetrieveFileTransfer.access$0(HttpClientRetrieveFileTransfer.java:995)
	at org.eclipse.ecf.provider.filetransfer.httpclient45.HttpClientRetrieveFileTransfer$1.performFileTransfer(HttpClientRetrieveFileTransfer.java:991)
	at org.eclipse.ecf.filetransfer.FileTransferJob.run(FileTransferJob.java:76)
	at org.eclipse.core.internal.jobs.Worker.run(Worker.java:63)
Caused by: java.net.SocketTimeoutException: Read timed out
	at java.base/sun.nio.ch.NioSocketImpl.timedRead(NioSocketImpl.java:283)
	at java.base/sun.nio.ch.NioSocketImpl.implRead(NioSocketImpl.java:309)
	at java.base/sun.nio.ch.NioSocketImpl.read(NioSocketImpl.java:350)
	at java.base/sun.nio.ch.NioSocketImpl$1.read(NioSocketImpl.java:803)
	at java.base/java.net.Socket$SocketInputStream.read(Socket.java:981)
	at java.base/sun.security.ssl.SSLSocketInputRecord.read(SSLSocketInputRecord.java:478)
	at java.base/sun.security.ssl.SSLSocketInputRecord.readHeader(SSLSocketInputRecord.java:472)
	at java.base/sun.security.ssl.SSLSocketInputRecord.decode(SSLSocketInputRecord.java:160)
	at java.base/sun.security.ssl.SSLTransport.decode(SSLTransport.java:110)
	at java.base/sun.security.ssl.SSLSocketImpl.decode(SSLSocketImpl.java:1488)
	at java.base/sun.security.ssl.SSLSocketImpl.readHandshakeRecord(SSLSocketImpl.java:1394)
	at java.base/sun.security.ssl.SSLSocketImpl.startHandshake(SSLSocketImpl.java:441)
	at java.base/sun.security.ssl.SSLSocketImpl.startHandshake(SSLSocketImpl.java:412)
	at org.apache.http.conn.ssl.SSLConnectionSocketFactory.createLayeredSocket(SSLConnectionSocketFactory.java:436)
	at org.apache.http.conn.ssl.SSLConnectionSocketFactory.connectSocket(SSLConnectionSocketFactory.java:384)
	at org.apache.http.impl.conn.DefaultHttpClientConnectionOperator.connect(DefaultHttpClientConnectionOperator.java:142)
	... 13 more

!ENTRY org.eclipse.equinox.p2.artifact.repository 2 0 2021-12-10 17:05:36.016
!MESSAGE Failure reporting download statistics to URL: https://download.eclipse.org/stats/releases/2021-12/org.eclipse.ui.forms/3.11.300.v20211022-1451
!STACK 1
org.eclipse.core.runtime.CoreException: Unable to read repository at https://download.eclipse.org/stats/releases/2021-12/org.eclipse.ui.forms/3.11.300.v20211022-1451.
	at org.eclipse.equinox.internal.p2.transport.ecf.RepositoryTransport.getLastModified(RepositoryTransport.java:257)
	at org.eclipse.equinox.internal.p2.artifact.repository.MirrorRequest.collectStats(MirrorRequest.java:269)
	at org.eclipse.equinox.internal.p2.artifact.repository.MirrorRequest.transfer(MirrorRequest.java:236)
	at org.eclipse.equinox.internal.p2.artifact.repository.MirrorRequest.perform(MirrorRequest.java:155)
	at org.eclipse.equinox.internal.p2.artifact.repository.simple.SimpleArtifactRepository.getArtifact(SimpleArtifactRepository.java:770)
	at org.eclipse.equinox.internal.p2.artifact.repository.simple.DownloadJob.run(DownloadJob.java:64)
	at org.eclipse.core.internal.jobs.Worker.run(Worker.java:63)
Caused by: org.apache.http.conn.ConnectTimeoutException: Connect to download.eclipse.org:443 [download.eclipse.org/198.41.30.199] failed: Read timed out
	at org.apache.http.impl.conn.DefaultHttpClientConnectionOperator.connect(DefaultHttpClientConnectionOperator.java:151)
	at org.apache.http.impl.conn.PoolingHttpClientConnectionManager.connect(PoolingHttpClientConnectionManager.java:376)
	at org.apache.http.impl.execchain.MainClientExec.establishRoute(MainClientExec.java:393)
	at org.apache.http.impl.execchain.MainClientExec.execute(MainClientExec.java:236)
	at org.apache.http.impl.execchain.ProtocolExec.execute(ProtocolExec.java:186)
	at org.apache.http.impl.execchain.RetryExec.execute(RetryExec.java:89)
	at org.apache.http.impl.execchain.RedirectExec.execute(RedirectExec.java:110)
	at org.apache.http.impl.client.InternalHttpClient.doExecute(InternalHttpClient.java:185)
	at org.apache.http.impl.client.CloseableHttpClient.execute(CloseableHttpClient.java:83)
	at org.eclipse.ecf.provider.filetransfer.httpclient45.HttpClientFileSystemBrowser.runRequest(HttpClientFileSystemBrowser.java:248)
	at org.eclipse.ecf.provider.filetransfer.browse.AbstractFileSystemBrowser$DirectoryJob.run(AbstractFileSystemBrowser.java:71)
	... 1 more
Caused by: java.net.SocketTimeoutException: Read timed out
	at java.base/sun.nio.ch.NioSocketImpl.timedRead(NioSocketImpl.java:283)
	at java.base/sun.nio.ch.NioSocketImpl.implRead(NioSocketImpl.java:309)
	at java.base/sun.nio.ch.NioSocketImpl.read(NioSocketImpl.java:350)
	at java.base/sun.nio.ch.NioSocketImpl$1.read(NioSocketImpl.java:803)
	at java.base/java.net.Socket$SocketInputStream.read(Socket.java:981)
	at java.base/sun.security.ssl.SSLSocketInputRecord.read(SSLSocketInputRecord.java:478)
	at java.base/sun.security.ssl.SSLSocketInputRecord.readHeader(SSLSocketInputRecord.java:472)
	at java.base/sun.security.ssl.SSLSocketInputRecord.decode(SSLSocketInputRecord.java:160)
	at java.base/sun.security.ssl.SSLTransport.decode(SSLTransport.java:110)
	at java.base/sun.security.ssl.SSLSocketImpl.decode(SSLSocketImpl.java:1488)
	at java.base/sun.security.ssl.SSLSocketImpl.readHandshakeRecord(SSLSocketImpl.java:1394)
	at java.base/sun.security.ssl.SSLSocketImpl.startHandshake(SSLSocketImpl.java:441)
	at java.base/sun.security.ssl.SSLSocketImpl.startHandshake(SSLSocketImpl.java:412)
	at org.apache.http.conn.ssl.SSLConnectionSocketFactory.createLayeredSocket(SSLConnectionSocketFactory.java:436)
	at org.apache.http.conn.ssl.SSLConnectionSocketFactory.connectSocket(SSLConnectionSocketFactory.java:384)
	at org.apache.http.impl.conn.DefaultHttpClientConnectionOperator.connect(DefaultHttpClientConnectionOperator.java:142)
	... 11 more
!SUBENTRY 1 org.eclipse.equinox.p2.transport.ecf 4 1002 2021-12-10 17:05:36.017
!MESSAGE Unable to read repository at https://download.eclipse.org/stats/releases/2021-12/org.eclipse.ui.forms/3.11.300.v20211022-1451.
!STACK 0
org.apache.http.conn.ConnectTimeoutException: Connect to download.eclipse.org:443 [download.eclipse.org/198.41.30.199] failed: Read timed out
	at org.apache.http.impl.conn.DefaultHttpClientConnectionOperator.connect(DefaultHttpClientConnectionOperator.java:151)
	at org.apache.http.impl.conn.PoolingHttpClientConnectionManager.connect(PoolingHttpClientConnectionManager.java:376)
	at org.apache.http.impl.execchain.MainClientExec.establishRoute(MainClientExec.java:393)
	at org.apache.http.impl.execchain.MainClientExec.execute(MainClientExec.java:236)
	at org.apache.http.impl.execchain.ProtocolExec.execute(ProtocolExec.java:186)
	at org.apache.http.impl.execchain.RetryExec.execute(RetryExec.java:89)
	at org.apache.http.impl.execchain.RedirectExec.execute(RedirectExec.java:110)
	at org.apache.http.impl.client.InternalHttpClient.doExecute(InternalHttpClient.java:185)
	at org.apache.http.impl.client.CloseableHttpClient.execute(CloseableHttpClient.java:83)
	at org.eclipse.ecf.provider.filetransfer.httpclient45.HttpClientFileSystemBrowser.runRequest(HttpClientFileSystemBrowser.java:248)
	at org.eclipse.ecf.provider.filetransfer.browse.AbstractFileSystemBrowser$DirectoryJob.run(AbstractFileSystemBrowser.java:71)
	at org.eclipse.core.internal.jobs.Worker.run(Worker.java:63)
Caused by: java.net.SocketTimeoutException: Read timed out
	at java.base/sun.nio.ch.NioSocketImpl.timedRead(NioSocketImpl.java:283)
	at java.base/sun.nio.ch.NioSocketImpl.implRead(NioSocketImpl.java:309)
	at java.base/sun.nio.ch.NioSocketImpl.read(NioSocketImpl.java:350)
	at java.base/sun.nio.ch.NioSocketImpl$1.read(NioSocketImpl.java:803)
	at java.base/java.net.Socket$SocketInputStream.read(Socket.java:981)
	at java.base/sun.security.ssl.SSLSocketInputRecord.read(SSLSocketInputRecord.java:478)
	at java.base/sun.security.ssl.SSLSocketInputRecord.readHeader(SSLSocketInputRecord.java:472)
	at java.base/sun.security.ssl.SSLSocketInputRecord.decode(SSLSocketInputRecord.java:160)
	at java.base/sun.security.ssl.SSLTransport.decode(SSLTransport.java:110)
	at java.base/sun.security.ssl.SSLSocketImpl.decode(SSLSocketImpl.java:1488)
	at java.base/sun.security.ssl.SSLSocketImpl.readHandshakeRecord(SSLSocketImpl.java:1394)
	at java.base/sun.security.ssl.SSLSocketImpl.startHandshake(SSLSocketImpl.java:441)
	at java.base/sun.security.ssl.SSLSocketImpl.startHandshake(SSLSocketImpl.java:412)
	at org.apache.http.conn.ssl.SSLConnectionSocketFactory.createLayeredSocket(SSLConnectionSocketFactory.java:436)
	at org.apache.http.conn.ssl.SSLConnectionSocketFactory.connectSocket(SSLConnectionSocketFactory.java:384)
	at org.apache.http.impl.conn.DefaultHttpClientConnectionOperator.connect(DefaultHttpClientConnectionOperator.java:142)
	... 11 more

!ENTRY org.eclipse.ui.ide 4 4 2021-12-15 02:52:12.365
!MESSAGE Not properly disposed SWT resource
!STACK 0
java.lang.Error: SWT Resource was not properly disposed
	at org.eclipse.swt.graphics.Resource.initNonDisposeTracking(Resource.java:172)
	at org.eclipse.swt.graphics.Resource.<init>(Resource.java:120)
	at org.eclipse.swt.graphics.Font.<init>(Font.java:100)
	at org.eclipse.ui.texteditor.AbstractTextEditor$6.gesture(AbstractTextEditor.java:3863)
	at org.eclipse.swt.widgets.TypedListener.handleEvent(TypedListener.java:152)
	at org.eclipse.swt.widgets.EventTable.sendEvent(EventTable.java:89)
	at org.eclipse.swt.widgets.Display.sendEvent(Display.java:4441)
	at org.eclipse.swt.widgets.Widget.sendEvent(Widget.java:1512)
	at org.eclipse.swt.widgets.Widget.sendEvent(Widget.java:1535)
	at org.eclipse.swt.widgets.Widget.sendEvent(Widget.java:1520)
	at org.eclipse.swt.widgets.Control.gestureEvent(Control.java:1533)
	at org.eclipse.swt.widgets.Control.magnifyWithEvent(Control.java:2491)
	at org.eclipse.swt.widgets.Display.windowProc(Display.java:6408)
	at org.eclipse.swt.internal.cocoa.OS.objc_msgSendSuper(Native Method)
	at org.eclipse.swt.widgets.Widget.callSuper(Widget.java:235)
	at org.eclipse.swt.widgets.Widget.windowSendEvent(Widget.java:2150)
	at org.eclipse.swt.widgets.Shell.windowSendEvent(Shell.java:2487)
	at org.eclipse.swt.widgets.Display.windowProc(Display.java:6198)
	at org.eclipse.swt.internal.cocoa.OS.objc_msgSendSuper(Native Method)
	at org.eclipse.swt.widgets.Display.applicationSendEvent(Display.java:5442)
	at org.eclipse.swt.widgets.Display.applicationProc(Display.java:5585)
	at org.eclipse.swt.internal.cocoa.OS.objc_msgSend(Native Method)
	at org.eclipse.swt.internal.cocoa.NSApplication.sendEvent(NSApplication.java:117)
	at org.eclipse.swt.widgets.Display.readAndDispatch(Display.java:3834)
	at org.eclipse.e4.ui.internal.workbench.swt.PartRenderingEngine$5.run(PartRenderingEngine.java:1157)
	at org.eclipse.core.databinding.observable.Realm.runWithDefault(Realm.java:338)
	at org.eclipse.e4.ui.internal.workbench.swt.PartRenderingEngine.run(PartRenderingEngine.java:1046)
	at org.eclipse.e4.ui.internal.workbench.E4Workbench.createAndRunUI(E4Workbench.java:155)
	at org.eclipse.ui.internal.Workbench.lambda$3(Workbench.java:644)
	at org.eclipse.core.databinding.observable.Realm.runWithDefault(Realm.java:338)
	at org.eclipse.ui.internal.Workbench.createAndRunWorkbench(Workbench.java:551)
	at org.eclipse.ui.PlatformUI.createAndRunWorkbench(PlatformUI.java:156)
	at org.eclipse.ui.internal.ide.application.IDEApplication.start(IDEApplication.java:152)
	at org.eclipse.equinox.internal.app.EclipseAppHandle.run(EclipseAppHandle.java:203)
	at org.eclipse.core.runtime.internal.adaptor.EclipseAppLauncher.runApplication(EclipseAppLauncher.java:134)
	at org.eclipse.core.runtime.internal.adaptor.EclipseAppLauncher.start(EclipseAppLauncher.java:104)
	at org.eclipse.core.runtime.adaptor.EclipseStarter.run(EclipseStarter.java:401)
	at org.eclipse.core.runtime.adaptor.EclipseStarter.run(EclipseStarter.java:255)
	at java.base/jdk.internal.reflect.NativeMethodAccessorImpl.invoke0(Native Method)
	at java.base/jdk.internal.reflect.NativeMethodAccessorImpl.invoke(NativeMethodAccessorImpl.java:64)
	at java.base/jdk.internal.reflect.DelegatingMethodAccessorImpl.invoke(DelegatingMethodAccessorImpl.java:43)
	at java.base/java.lang.reflect.Method.invoke(Method.java:564)
	at org.eclipse.equinox.launcher.Main.invokeFramework(Main.java:654)
	at org.eclipse.equinox.launcher.Main.basicRun(Main.java:591)
	at org.eclipse.equinox.launcher.Main.run(Main.java:1462)

!ENTRY com.github.spotbugs.plugin.eclipse 1 0 2021-12-15 02:59:50.353
!MESSAGE creating new bug collection: /Users/abdiace/Desktop/CSE2231 workspace/.metadata/.plugins/com.github.spotbugs.plugin.eclipse/StatementPrettyPrint.fbwarnings.xml

!ENTRY com.github.spotbugs.plugin.eclipse 1 0 2021-12-15 03:36:14.904
!MESSAGE creating new bug collection: /Users/abdiace/Desktop/CSE2231 workspace/.metadata/.plugins/com.github.spotbugs.plugin.eclipse/Tokenizer.fbwarnings.xml
!SESSION 2021-12-15 17:50:04.561 -----------------------------------------------
eclipse.buildId=4.22.0.I20211124-1800
java.version=15.0.1
java.vendor=Oracle Corporation
BootLoader constants: OS=macosx, ARCH=x86_64, WS=cocoa, NL=en_US
Framework arguments:  -product org.eclipse.epp.package.java.product -keyring /Users/abdiace/.eclipse_keyring
Command-line arguments:  -os macosx -ws cocoa -arch x86_64 -product org.eclipse.epp.package.java.product -keyring /Users/abdiace/.eclipse_keyring

!ENTRY org.eclipse.jface 2 0 2021-12-15 17:50:44.899
!MESSAGE Keybinding conflicts occurred.  They may interfere with normal accelerator operation.
!SUBENTRY 1 org.eclipse.jface 2 0 2021-12-15 17:50:44.899
!MESSAGE A conflict occurred for COMMAND+SHIFT+T:
Binding(COMMAND+SHIFT+T,
	ParameterizedCommand(Command(org.eclipse.jdt.ui.navigate.open.type,Open Type,
		Open a type in a Java editor,
		Category(org.eclipse.ui.category.navigate,Navigate,null,true),
		org.eclipse.ui.internal.WorkbenchHandlerServiceHandler@11c40a65,
		,,true),null),
	org.eclipse.ui.defaultAcceleratorConfiguration,
	org.eclipse.ui.contexts.window,,,system)
Binding(COMMAND+SHIFT+T,
	ParameterizedCommand(Command(org.eclipse.lsp4e.symbolinworkspace,Go to Symbol in Workspace,
		,
		Category(org.eclipse.lsp4e.category,Language Servers,null,true),
		org.eclipse.ui.internal.WorkbenchHandlerServiceHandler@68c3aa38,
		,,true),null),
	org.eclipse.ui.defaultAcceleratorConfiguration,
	org.eclipse.ui.contexts.window,,,system)
!SUBENTRY 1 org.eclipse.jface 2 0 2021-12-15 17:50:44.899
!MESSAGE A conflict occurred for ALT+COMMAND+R:
Binding(ALT+COMMAND+R,
	ParameterizedCommand(Command(org.eclipse.ui.edit.rename,Rename,
		Rename the selected item,
		Category(org.eclipse.ui.category.file,File,null,true),
		org.eclipse.ui.internal.WorkbenchHandlerServiceHandler@1196537d,
		,,true),null),
	org.eclipse.ui.defaultAcceleratorConfiguration,
	org.eclipse.ui.contexts.window,,cocoa,system)
Binding(ALT+COMMAND+R,
	ParameterizedCommand(Command(org.eclipse.jdt.ui.edit.text.java.rename.element,Rename - Refactoring ,
		Rename the selected element,
		Category(org.eclipse.jdt.ui.category.refactoring,Refactor - Java,Java Refactoring Actions,true),
		org.eclipse.ui.internal.WorkbenchHandlerServiceHandler@267a8777,
		,,true),null),
	org.eclipse.ui.defaultAcceleratorConfiguration,
	org.eclipse.ui.contexts.window,,cocoa,system)

!ENTRY org.eclipse.e4.ui.workbench 4 0 2021-12-15 17:50:57.905
!MESSAGE Unable to retrieve the bundle from the URI: bundleclass://org.eclipse.recommenders.news.rcp/org.eclipse.recommenders.internal.news.rcp.toolbar.NewsToolControl

!ENTRY org.eclipse.e4.ui.workbench 2 0 2021-12-15 17:50:58.266
!MESSAGE Removing PartDescriptorImpl with the "org.eclipse.search.SearchResultView" id and the "Classic Search" label.It points to the non available "bundleclass://org.eclipse.ui.workbench/org.eclipse.ui.internal.e4.compatibility.CompatibilityView" class. Bundle might have been uninstalled

!ENTRY com.github.spotbugs.plugin.eclipse 1 0 2021-12-16 03:35:39.274
!MESSAGE creating new bug collection: /Users/abdiace/Desktop/CSE2231 workspace/.metadata/.plugins/com.github.spotbugs.plugin.eclipse/BugsWorldVMInterpreter.fbwarnings.xml

!ENTRY org.eclipse.jdt.core 4 4 2021-12-16 04:38:23.009
!MESSAGE Exception occurred during compilation unit conversion:
----------------------------------- SOURCE BEGIN -------------------------------------
import components.naturalnumber.NaturalNumber;

/**
 * Simple class to experiment with the Java Collections Framework and how it
 * compares with the OSU CSE collection components.
 *
 * @author Put your name here
 *
 */
public final class JCFExplorations {

    /**
     * Private constructor so this utility class cannot be instantiated.
     */
    private JCFExplorations() {
    }

    /**
     * Raises the salary of all the employees in {@code map} whose name starts
     * with the given {@code initial} by the given {@code raisePercent}.
     *
     * @param map
     *            the name to salary map
     * @param initial
     *            the initial of names of employees to be given a raise
     * @param raisePercent
     *            the raise to be given as a percentage of the current salary
     * @updates map
     * @requires [the salaries in map are positive] and raisePercent > 0
     * @ensures <pre>
     * DOMAIN(map) = DOMAIN(#map)  and
     * [the salaries of the employees in map whose names start with the given
     *  initial have been increased by raisePercent percent (and truncated to
     *  the nearest integer); all other employees have the same salary]
     * </pre>
     */
    public static void giveRaise(components.map.Map<String, Integer> map,
            char initial, int raisePercent) {
        assert map != null : "Violation of: map is not null";
        assert raisePercent > 0 : "Violation of: raisePercent > 0";

        // TODO - fill in body
        int size = map.size()
        for( map.size() > 0) {
            
        }

    }

    /**
     * Raises the salary of all the employees in {@code map} whose name starts
     * with the given {@code initial} by the given {@code raisePercent}.
     *
     * @param map
     *            the name to salary map
     * @param initial
     *            the initial of names of employees to be given a raise
     * @param raisePercent
     *            the raise to be given as a percentage of the current salary
     * @updates map
     * @requires <pre>
     * [the salaries in map are positive] and raisePercent > 0 and
     * [the dynamic types of map and of all objects reachable from map
     *  (including any objects returned by operations (such as
     *  entrySet() and, from there, iterator()), and so on,
     *  recursively) support all optional operations]
     * </pre>
     * @ensures <pre>
     * DOMAIN(map) = DOMAIN(#map)  and
     * [the salaries of the employees in map whose names start with the given
     *  initial have been increased by raisePercent percent (and truncated to
     *  the nearest integer); all other employees have the same salary]
     * </pre>
     */
    public static void giveRaise(java.util.Map<String, Integer> map,
            char initial, int raisePercent) {
        assert map != null : "Violation of: map is not null";
        assert raisePercent > 0 : "Violation of: raisePercent > 0";

        // TODO - fill in body

    }

    /**
     * Increments by 1 every element in the given {@code Set}.
     *
     * @param set
     *            the set whose elements to increment
     * @updates set
     * @ensures <pre>
     * DOMAIN(map) = DOMAIN(#map)  and
     * [set is the set of integers that are elements of #set incremented by 1]
     * </pre>
     */
    public static void incrementAll(components.set.Set<NaturalNumber> set) {
        assert set != null : "Violation of: set is not null";

        // TODO - fill in body

    }

    /**
     * Increments by 1 every element in the given {@code Set}.
     *
     * @param set
     *            the set whose elements to increment
     * @updates set
     * @requires <pre>
     * [the dynamic types of set and of all objects reachable from set
     *  (including any objects returned by operations (such as iterator()), and
     *  so on, recursively) support all optional operations]
     * </pre>
     * @ensures <pre>
     * DOMAIN(map) = DOMAIN(#map)  and
     * [set is the set of integers that are elements of #set incremented by 1]
     * </pre>
     */
    public static void incrementAll(java.util.Set<NaturalNumber> set) {
        assert set != null : "Violation of: set is not null";

        // TODO - fill in body

    }

}

----------------------------------- SOURCE END -------------------------------------
!STACK 0
java.lang.IllegalArgumentException
	at org.eclipse.jdt.core.dom.InfixExpression.setOperator(InfixExpression.java:383)
	at org.eclipse.jdt.core.dom.ASTConverter.convert(ASTConverter.java:1287)
	at org.eclipse.jdt.core.dom.ASTConverter.convert(ASTConverter.java:2047)
	at org.eclipse.jdt.core.dom.ASTConverter.convertToParenthesizedExpression(ASTConverter.java:3853)
	at org.eclipse.jdt.core.dom.ASTConverter.convert(ASTConverter.java:1953)
	at org.eclipse.jdt.core.dom.ASTConverter.convert(ASTConverter.java:1204)
	at org.eclipse.jdt.core.dom.ASTConverter.convert(ASTConverter.java:1990)
	at org.eclipse.jdt.core.dom.ASTConverter.convert(ASTConverter.java:3095)
	at org.eclipse.jdt.core.dom.ASTConverter.convert(ASTConverter.java:751)
	at org.eclipse.jdt.core.dom.ASTConverter.buildBodyDeclarations(ASTConverter.java:208)
	at org.eclipse.jdt.core.dom.ASTConverter.convert(ASTConverter.java:3390)
	at org.eclipse.jdt.core.dom.ASTConverter.convert(ASTConverter.java:1534)
	at org.eclipse.jdt.core.dom.AST.convertCompilationUnit(AST.java:521)
	at org.eclipse.jdt.internal.core.CompilationUnit.buildStructure(CompilationUnit.java:201)
	at org.eclipse.jdt.internal.core.Openable.generateInfos(Openable.java:266)
	at org.eclipse.jdt.internal.core.JavaElement.openWhenClosed(JavaElement.java:597)
	at org.eclipse.jdt.internal.core.CompilationUnit.makeConsistent(CompilationUnit.java:1142)
	at org.eclipse.jdt.internal.core.ReconcileWorkingCopyOperation.makeConsistent(ReconcileWorkingCopyOperation.java:173)
	at org.eclipse.jdt.internal.core.ReconcileWorkingCopyOperation.executeOperation(ReconcileWorkingCopyOperation.java:94)
	at org.eclipse.jdt.internal.core.JavaModelOperation.run(JavaModelOperation.java:740)
	at org.eclipse.jdt.internal.core.JavaModelOperation.runOperation(JavaModelOperation.java:806)
	at org.eclipse.jdt.internal.core.CompilationUnit.reconcile(CompilationUnit.java:1319)
	at org.eclipse.jdt.internal.ui.text.java.JavaReconcilingStrategy.reconcile(JavaReconcilingStrategy.java:131)
	at org.eclipse.jdt.internal.ui.text.java.JavaReconcilingStrategy$1.run(JavaReconcilingStrategy.java:93)
	at org.eclipse.core.runtime.SafeRunner.run(SafeRunner.java:45)
	at org.eclipse.jdt.internal.ui.text.java.JavaReconcilingStrategy.reconcile(JavaReconcilingStrategy.java:90)
	at org.eclipse.jdt.internal.ui.text.java.JavaReconcilingStrategy.reconcile(JavaReconcilingStrategy.java:157)
	at org.eclipse.jdt.internal.ui.text.CompositeReconcilingStrategy.reconcile(CompositeReconcilingStrategy.java:94)
	at org.eclipse.jdt.internal.ui.text.JavaCompositeReconcilingStrategy.reconcile(JavaCompositeReconcilingStrategy.java:107)
	at org.eclipse.jface.text.reconciler.MonoReconciler.process(MonoReconciler.java:76)
	at org.eclipse.jface.text.reconciler.AbstractReconciler$BackgroundThread.run(AbstractReconciler.java:210)

!ENTRY org.eclipse.jdt.ui 4 2 2021-12-16 04:38:23.013
!MESSAGE Problems occurred when invoking code from plug-in: "org.eclipse.jdt.ui".
!STACK 0
java.lang.IllegalArgumentException
	at org.eclipse.jdt.core.dom.InfixExpression.setOperator(InfixExpression.java:383)
	at org.eclipse.jdt.core.dom.ASTConverter.convert(ASTConverter.java:1287)
	at org.eclipse.jdt.core.dom.ASTConverter.convert(ASTConverter.java:2047)
	at org.eclipse.jdt.core.dom.ASTConverter.convertToParenthesizedExpression(ASTConverter.java:3853)
	at org.eclipse.jdt.core.dom.ASTConverter.convert(ASTConverter.java:1953)
	at org.eclipse.jdt.core.dom.ASTConverter.convert(ASTConverter.java:1204)
	at org.eclipse.jdt.core.dom.ASTConverter.convert(ASTConverter.java:1990)
	at org.eclipse.jdt.core.dom.ASTConverter.convert(ASTConverter.java:3095)
	at org.eclipse.jdt.core.dom.ASTConverter.convert(ASTConverter.java:751)
	at org.eclipse.jdt.core.dom.ASTConverter.buildBodyDeclarations(ASTConverter.java:208)
	at org.eclipse.jdt.core.dom.ASTConverter.convert(ASTConverter.java:3390)
	at org.eclipse.jdt.core.dom.ASTConverter.convert(ASTConverter.java:1534)
	at org.eclipse.jdt.core.dom.AST.convertCompilationUnit(AST.java:521)
	at org.eclipse.jdt.internal.core.CompilationUnit.buildStructure(CompilationUnit.java:201)
	at org.eclipse.jdt.internal.core.Openable.generateInfos(Openable.java:266)
	at org.eclipse.jdt.internal.core.JavaElement.openWhenClosed(JavaElement.java:597)
	at org.eclipse.jdt.internal.core.CompilationUnit.makeConsistent(CompilationUnit.java:1142)
	at org.eclipse.jdt.internal.core.ReconcileWorkingCopyOperation.makeConsistent(ReconcileWorkingCopyOperation.java:173)
	at org.eclipse.jdt.internal.core.ReconcileWorkingCopyOperation.executeOperation(ReconcileWorkingCopyOperation.java:94)
	at org.eclipse.jdt.internal.core.JavaModelOperation.run(JavaModelOperation.java:740)
	at org.eclipse.jdt.internal.core.JavaModelOperation.runOperation(JavaModelOperation.java:806)
	at org.eclipse.jdt.internal.core.CompilationUnit.reconcile(CompilationUnit.java:1319)
	at org.eclipse.jdt.internal.ui.text.java.JavaReconcilingStrategy.reconcile(JavaReconcilingStrategy.java:131)
	at org.eclipse.jdt.internal.ui.text.java.JavaReconcilingStrategy$1.run(JavaReconcilingStrategy.java:93)
	at org.eclipse.core.runtime.SafeRunner.run(SafeRunner.java:45)
	at org.eclipse.jdt.internal.ui.text.java.JavaReconcilingStrategy.reconcile(JavaReconcilingStrategy.java:90)
	at org.eclipse.jdt.internal.ui.text.java.JavaReconcilingStrategy.reconcile(JavaReconcilingStrategy.java:157)
	at org.eclipse.jdt.internal.ui.text.CompositeReconcilingStrategy.reconcile(CompositeReconcilingStrategy.java:94)
	at org.eclipse.jdt.internal.ui.text.JavaCompositeReconcilingStrategy.reconcile(JavaCompositeReconcilingStrategy.java:107)
	at org.eclipse.jface.text.reconciler.MonoReconciler.process(MonoReconciler.java:76)
	at org.eclipse.jface.text.reconciler.AbstractReconciler$BackgroundThread.run(AbstractReconciler.java:210)

!ENTRY org.eclipse.jdt.ui 4 0 2021-12-16 04:38:23.013
!MESSAGE Error in JDT Core during reconcile
!STACK 0
java.lang.IllegalArgumentException
	at org.eclipse.jdt.core.dom.InfixExpression.setOperator(InfixExpression.java:383)
	at org.eclipse.jdt.core.dom.ASTConverter.convert(ASTConverter.java:1287)
	at org.eclipse.jdt.core.dom.ASTConverter.convert(ASTConverter.java:2047)
	at org.eclipse.jdt.core.dom.ASTConverter.convertToParenthesizedExpression(ASTConverter.java:3853)
	at org.eclipse.jdt.core.dom.ASTConverter.convert(ASTConverter.java:1953)
	at org.eclipse.jdt.core.dom.ASTConverter.convert(ASTConverter.java:1204)
	at org.eclipse.jdt.core.dom.ASTConverter.convert(ASTConverter.java:1990)
	at org.eclipse.jdt.core.dom.ASTConverter.convert(ASTConverter.java:3095)
	at org.eclipse.jdt.core.dom.ASTConverter.convert(ASTConverter.java:751)
	at org.eclipse.jdt.core.dom.ASTConverter.buildBodyDeclarations(ASTConverter.java:208)
	at org.eclipse.jdt.core.dom.ASTConverter.convert(ASTConverter.java:3390)
	at org.eclipse.jdt.core.dom.ASTConverter.convert(ASTConverter.java:1534)
	at org.eclipse.jdt.core.dom.AST.convertCompilationUnit(AST.java:521)
	at org.eclipse.jdt.internal.core.CompilationUnit.buildStructure(CompilationUnit.java:201)
	at org.eclipse.jdt.internal.core.Openable.generateInfos(Openable.java:266)
	at org.eclipse.jdt.internal.core.JavaElement.openWhenClosed(JavaElement.java:597)
	at org.eclipse.jdt.internal.core.CompilationUnit.makeConsistent(CompilationUnit.java:1142)
	at org.eclipse.jdt.internal.core.ReconcileWorkingCopyOperation.makeConsistent(ReconcileWorkingCopyOperation.java:173)
	at org.eclipse.jdt.internal.core.ReconcileWorkingCopyOperation.executeOperation(ReconcileWorkingCopyOperation.java:94)
	at org.eclipse.jdt.internal.core.JavaModelOperation.run(JavaModelOperation.java:740)
	at org.eclipse.jdt.internal.core.JavaModelOperation.runOperation(JavaModelOperation.java:806)
	at org.eclipse.jdt.internal.core.CompilationUnit.reconcile(CompilationUnit.java:1319)
	at org.eclipse.jdt.internal.ui.text.java.JavaReconcilingStrategy.reconcile(JavaReconcilingStrategy.java:131)
	at org.eclipse.jdt.internal.ui.text.java.JavaReconcilingStrategy$1.run(JavaReconcilingStrategy.java:93)
	at org.eclipse.core.runtime.SafeRunner.run(SafeRunner.java:45)
	at org.eclipse.jdt.internal.ui.text.java.JavaReconcilingStrategy.reconcile(JavaReconcilingStrategy.java:90)
	at org.eclipse.jdt.internal.ui.text.java.JavaReconcilingStrategy.reconcile(JavaReconcilingStrategy.java:157)
	at org.eclipse.jdt.internal.ui.text.CompositeReconcilingStrategy.reconcile(CompositeReconcilingStrategy.java:94)
	at org.eclipse.jdt.internal.ui.text.JavaCompositeReconcilingStrategy.reconcile(JavaCompositeReconcilingStrategy.java:107)
	at org.eclipse.jface.text.reconciler.MonoReconciler.process(MonoReconciler.java:76)
	at org.eclipse.jface.text.reconciler.AbstractReconciler$BackgroundThread.run(AbstractReconciler.java:210)

!ENTRY org.eclipse.jdt.core 4 4 2021-12-16 04:41:36.016
!MESSAGE Exception occurred during compilation unit conversion:
----------------------------------- SOURCE BEGIN -------------------------------------
import components.naturalnumber.NaturalNumber;

/**
 * Simple class to experiment with the Java Collections Framework and how it
 * compares with the OSU CSE collection components.
 *
 * @author Put your name here
 *
 */
public final class JCFExplorations {

    /**
     * Private constructor so this utility class cannot be instantiated.
     */
    private JCFExplorations() {
    }

    /**
     * Raises the salary of all the employees in {@code map} whose name starts
     * with the given {@code initial} by the given {@code raisePercent}.
     *
     * @param map
     *            the name to salary map
     * @param initial
     *            the initial of names of employees to be given a raise
     * @param raisePercent
     *            the raise to be given as a percentage of the current salary
     * @updates map
     * @requires [the salaries in map are positive] and raisePercent > 0
     * @ensures <pre>
     * DOMAIN(map) = DOMAIN(#map)  and
     * [the salaries of the employees in map whose names start with the given
     *  initial have been increased by raisePercent percent (and truncated to
     *  the nearest integer); all other employees have the same salary]
     * </pre>
     */
    public static void giveRaise(components.map.Map<String, Integer> map,
            char initial, int raisePercent) {
        assert map != null : "Violation of: map is not null";
        assert raisePercent > 0 : "Violation of: raisePercent > 0";

        // TODO - fill in body
       (map.size() > 0) {
            
            
        }

    }

    /**
     * Raises the salary of all the employees in {@code map} whose name starts
     * with the given {@code initial} by the given {@code raisePercent}.
     *
     * @param map
     *            the name to salary map
     * @param initial
     *            the initial of names of employees to be given a raise
     * @param raisePercent
     *            the raise to be given as a percentage of the current salary
     * @updates map
     * @requires <pre>
     * [the salaries in map are positive] and raisePercent > 0 and
     * [the dynamic types of map and of all objects reachable from map
     *  (including any objects returned by operations (such as
     *  entrySet() and, from there, iterator()), and so on,
     *  recursively) support all optional operations]
     * </pre>
     * @ensures <pre>
     * DOMAIN(map) = DOMAIN(#map)  and
     * [the salaries of the employees in map whose names start with the given
     *  initial have been increased by raisePercent percent (and truncated to
     *  the nearest integer); all other employees have the same salary]
     * </pre>
     */
    public static void giveRaise(java.util.Map<String, Integer> map,
            char initial, int raisePercent) {
        assert map != null : "Violation of: map is not null";
        assert raisePercent > 0 : "Violation of: raisePercent > 0";

        // TODO - fill in body

    }

    /**
     * Increments by 1 every element in the given {@code Set}.
     *
     * @param set
     *            the set whose elements to increment
     * @updates set
     * @ensures <pre>
     * DOMAIN(map) = DOMAIN(#map)  and
     * [set is the set of integers that are elements of #set incremented by 1]
     * </pre>
     */
    public static void incrementAll(components.set.Set<NaturalNumber> set) {
        assert set != null : "Violation of: set is not null";

        // TODO - fill in body

    }

    /**
     * Increments by 1 every element in the given {@code Set}.
     *
     * @param set
     *            the set whose elements to increment
     * @updates set
     * @requires <pre>
     * [the dynamic types of set and of all objects reachable from set
     *  (including any objects returned by operations (such as iterator()), and
     *  so on, recursively) support all optional operations]
     * </pre>
     * @ensures <pre>
     * DOMAIN(map) = DOMAIN(#map)  and
     * [set is the set of integers that are elements of #set incremented by 1]
     * </pre>
     */
    public static void incrementAll(java.util.Set<NaturalNumber> set) {
        assert set != null : "Violation of: set is not null";

        // TODO - fill in body

    }

}

----------------------------------- SOURCE END -------------------------------------
!STACK 0
java.lang.IllegalArgumentException
	at org.eclipse.jdt.core.dom.InfixExpression.setOperator(InfixExpression.java:383)
	at org.eclipse.jdt.core.dom.ASTConverter.convert(ASTConverter.java:1287)
	at org.eclipse.jdt.core.dom.ASTConverter.convert(ASTConverter.java:2047)
	at org.eclipse.jdt.core.dom.ASTConverter.convertToParenthesizedExpression(ASTConverter.java:3853)
	at org.eclipse.jdt.core.dom.ASTConverter.convert(ASTConverter.java:1953)
	at org.eclipse.jdt.core.dom.ASTConverter.convert(ASTConverter.java:1204)
	at org.eclipse.jdt.core.dom.ASTConverter.convert(ASTConverter.java:1990)
	at org.eclipse.jdt.core.dom.ASTConverter.convert(ASTConverter.java:3095)
	at org.eclipse.jdt.core.dom.ASTConverter.convert(ASTConverter.java:751)
	at org.eclipse.jdt.core.dom.ASTConverter.buildBodyDeclarations(ASTConverter.java:208)
	at org.eclipse.jdt.core.dom.ASTConverter.convert(ASTConverter.java:3390)
	at org.eclipse.jdt.core.dom.ASTConverter.convert(ASTConverter.java:1534)
	at org.eclipse.jdt.core.dom.AST.convertCompilationUnit(AST.java:521)
	at org.eclipse.jdt.internal.core.CompilationUnit.buildStructure(CompilationUnit.java:201)
	at org.eclipse.jdt.internal.core.Openable.generateInfos(Openable.java:266)
	at org.eclipse.jdt.internal.core.JavaElement.openWhenClosed(JavaElement.java:597)
	at org.eclipse.jdt.internal.core.CompilationUnit.makeConsistent(CompilationUnit.java:1142)
	at org.eclipse.jdt.internal.core.ReconcileWorkingCopyOperation.makeConsistent(ReconcileWorkingCopyOperation.java:173)
	at org.eclipse.jdt.internal.core.ReconcileWorkingCopyOperation.executeOperation(ReconcileWorkingCopyOperation.java:94)
	at org.eclipse.jdt.internal.core.JavaModelOperation.run(JavaModelOperation.java:740)
	at org.eclipse.jdt.internal.core.JavaModelOperation.runOperation(JavaModelOperation.java:806)
	at org.eclipse.jdt.internal.core.CompilationUnit.reconcile(CompilationUnit.java:1319)
	at org.eclipse.jdt.internal.ui.text.java.JavaReconcilingStrategy.reconcile(JavaReconcilingStrategy.java:131)
	at org.eclipse.jdt.internal.ui.text.java.JavaReconcilingStrategy$1.run(JavaReconcilingStrategy.java:93)
	at org.eclipse.core.runtime.SafeRunner.run(SafeRunner.java:45)
	at org.eclipse.jdt.internal.ui.text.java.JavaReconcilingStrategy.reconcile(JavaReconcilingStrategy.java:90)
	at org.eclipse.jdt.internal.ui.text.java.JavaReconcilingStrategy.reconcile(JavaReconcilingStrategy.java:157)
	at org.eclipse.jdt.internal.ui.text.CompositeReconcilingStrategy.reconcile(CompositeReconcilingStrategy.java:94)
	at org.eclipse.jdt.internal.ui.text.JavaCompositeReconcilingStrategy.reconcile(JavaCompositeReconcilingStrategy.java:107)
	at org.eclipse.jface.text.reconciler.MonoReconciler.process(MonoReconciler.java:76)
	at org.eclipse.jface.text.reconciler.AbstractReconciler$BackgroundThread.run(AbstractReconciler.java:210)

!ENTRY org.eclipse.jdt.ui 4 2 2021-12-16 04:41:36.019
!MESSAGE Problems occurred when invoking code from plug-in: "org.eclipse.jdt.ui".
!STACK 0
java.lang.IllegalArgumentException
	at org.eclipse.jdt.core.dom.InfixExpression.setOperator(InfixExpression.java:383)
	at org.eclipse.jdt.core.dom.ASTConverter.convert(ASTConverter.java:1287)
	at org.eclipse.jdt.core.dom.ASTConverter.convert(ASTConverter.java:2047)
	at org.eclipse.jdt.core.dom.ASTConverter.convertToParenthesizedExpression(ASTConverter.java:3853)
	at org.eclipse.jdt.core.dom.ASTConverter.convert(ASTConverter.java:1953)
	at org.eclipse.jdt.core.dom.ASTConverter.convert(ASTConverter.java:1204)
	at org.eclipse.jdt.core.dom.ASTConverter.convert(ASTConverter.java:1990)
	at org.eclipse.jdt.core.dom.ASTConverter.convert(ASTConverter.java:3095)
	at org.eclipse.jdt.core.dom.ASTConverter.convert(ASTConverter.java:751)
	at org.eclipse.jdt.core.dom.ASTConverter.buildBodyDeclarations(ASTConverter.java:208)
	at org.eclipse.jdt.core.dom.ASTConverter.convert(ASTConverter.java:3390)
	at org.eclipse.jdt.core.dom.ASTConverter.convert(ASTConverter.java:1534)
	at org.eclipse.jdt.core.dom.AST.convertCompilationUnit(AST.java:521)
	at org.eclipse.jdt.internal.core.CompilationUnit.buildStructure(CompilationUnit.java:201)
	at org.eclipse.jdt.internal.core.Openable.generateInfos(Openable.java:266)
	at org.eclipse.jdt.internal.core.JavaElement.openWhenClosed(JavaElement.java:597)
	at org.eclipse.jdt.internal.core.CompilationUnit.makeConsistent(CompilationUnit.java:1142)
	at org.eclipse.jdt.internal.core.ReconcileWorkingCopyOperation.makeConsistent(ReconcileWorkingCopyOperation.java:173)
	at org.eclipse.jdt.internal.core.ReconcileWorkingCopyOperation.executeOperation(ReconcileWorkingCopyOperation.java:94)
	at org.eclipse.jdt.internal.core.JavaModelOperation.run(JavaModelOperation.java:740)
	at org.eclipse.jdt.internal.core.JavaModelOperation.runOperation(JavaModelOperation.java:806)
	at org.eclipse.jdt.internal.core.CompilationUnit.reconcile(CompilationUnit.java:1319)
	at org.eclipse.jdt.internal.ui.text.java.JavaReconcilingStrategy.reconcile(JavaReconcilingStrategy.java:131)
	at org.eclipse.jdt.internal.ui.text.java.JavaReconcilingStrategy$1.run(JavaReconcilingStrategy.java:93)
	at org.eclipse.core.runtime.SafeRunner.run(SafeRunner.java:45)
	at org.eclipse.jdt.internal.ui.text.java.JavaReconcilingStrategy.reconcile(JavaReconcilingStrategy.java:90)
	at org.eclipse.jdt.internal.ui.text.java.JavaReconcilingStrategy.reconcile(JavaReconcilingStrategy.java:157)
	at org.eclipse.jdt.internal.ui.text.CompositeReconcilingStrategy.reconcile(CompositeReconcilingStrategy.java:94)
	at org.eclipse.jdt.internal.ui.text.JavaCompositeReconcilingStrategy.reconcile(JavaCompositeReconcilingStrategy.java:107)
	at org.eclipse.jface.text.reconciler.MonoReconciler.process(MonoReconciler.java:76)
	at org.eclipse.jface.text.reconciler.AbstractReconciler$BackgroundThread.run(AbstractReconciler.java:210)

!ENTRY org.eclipse.jdt.ui 4 0 2021-12-16 04:41:36.019
!MESSAGE Error in JDT Core during reconcile
!STACK 0
java.lang.IllegalArgumentException
	at org.eclipse.jdt.core.dom.InfixExpression.setOperator(InfixExpression.java:383)
	at org.eclipse.jdt.core.dom.ASTConverter.convert(ASTConverter.java:1287)
	at org.eclipse.jdt.core.dom.ASTConverter.convert(ASTConverter.java:2047)
	at org.eclipse.jdt.core.dom.ASTConverter.convertToParenthesizedExpression(ASTConverter.java:3853)
	at org.eclipse.jdt.core.dom.ASTConverter.convert(ASTConverter.java:1953)
	at org.eclipse.jdt.core.dom.ASTConverter.convert(ASTConverter.java:1204)
	at org.eclipse.jdt.core.dom.ASTConverter.convert(ASTConverter.java:1990)
	at org.eclipse.jdt.core.dom.ASTConverter.convert(ASTConverter.java:3095)
	at org.eclipse.jdt.core.dom.ASTConverter.convert(ASTConverter.java:751)
	at org.eclipse.jdt.core.dom.ASTConverter.buildBodyDeclarations(ASTConverter.java:208)
	at org.eclipse.jdt.core.dom.ASTConverter.convert(ASTConverter.java:3390)
	at org.eclipse.jdt.core.dom.ASTConverter.convert(ASTConverter.java:1534)
	at org.eclipse.jdt.core.dom.AST.convertCompilationUnit(AST.java:521)
	at org.eclipse.jdt.internal.core.CompilationUnit.buildStructure(CompilationUnit.java:201)
	at org.eclipse.jdt.internal.core.Openable.generateInfos(Openable.java:266)
	at org.eclipse.jdt.internal.core.JavaElement.openWhenClosed(JavaElement.java:597)
	at org.eclipse.jdt.internal.core.CompilationUnit.makeConsistent(CompilationUnit.java:1142)
	at org.eclipse.jdt.internal.core.ReconcileWorkingCopyOperation.makeConsistent(ReconcileWorkingCopyOperation.java:173)
	at org.eclipse.jdt.internal.core.ReconcileWorkingCopyOperation.executeOperation(ReconcileWorkingCopyOperation.java:94)
	at org.eclipse.jdt.internal.core.JavaModelOperation.run(JavaModelOperation.java:740)
	at org.eclipse.jdt.internal.core.JavaModelOperation.runOperation(JavaModelOperation.java:806)
	at org.eclipse.jdt.internal.core.CompilationUnit.reconcile(CompilationUnit.java:1319)
	at org.eclipse.jdt.internal.ui.text.java.JavaReconcilingStrategy.reconcile(JavaReconcilingStrategy.java:131)
	at org.eclipse.jdt.internal.ui.text.java.JavaReconcilingStrategy$1.run(JavaReconcilingStrategy.java:93)
	at org.eclipse.core.runtime.SafeRunner.run(SafeRunner.java:45)
	at org.eclipse.jdt.internal.ui.text.java.JavaReconcilingStrategy.reconcile(JavaReconcilingStrategy.java:90)
	at org.eclipse.jdt.internal.ui.text.java.JavaReconcilingStrategy.reconcile(JavaReconcilingStrategy.java:157)
	at org.eclipse.jdt.internal.ui.text.CompositeReconcilingStrategy.reconcile(CompositeReconcilingStrategy.java:94)
	at org.eclipse.jdt.internal.ui.text.JavaCompositeReconcilingStrategy.reconcile(JavaCompositeReconcilingStrategy.java:107)
	at org.eclipse.jface.text.reconciler.MonoReconciler.process(MonoReconciler.java:76)
	at org.eclipse.jface.text.reconciler.AbstractReconciler$BackgroundThread.run(AbstractReconciler.java:210)

!ENTRY org.eclipse.jdt.core 4 4 2021-12-16 04:41:36.034
!MESSAGE Exception occurred during compilation unit conversion:
----------------------------------- SOURCE BEGIN -------------------------------------
import components.naturalnumber.NaturalNumber;

/**
 * Simple class to experiment with the Java Collections Framework and how it
 * compares with the OSU CSE collection components.
 *
 * @author Put your name here
 *
 */
public final class JCFExplorations {

    /**
     * Private constructor so this utility class cannot be instantiated.
     */
    private JCFExplorations() {
    }

    /**
     * Raises the salary of all the employees in {@code map} whose name starts
     * with the given {@code initial} by the given {@code raisePercent}.
     *
     * @param map
     *            the name to salary map
     * @param initial
     *            the initial of names of employees to be given a raise
     * @param raisePercent
     *            the raise to be given as a percentage of the current salary
     * @updates map
     * @requires [the salaries in map are positive] and raisePercent > 0
     * @ensures <pre>
     * DOMAIN(map) = DOMAIN(#map)  and
     * [the salaries of the employees in map whose names start with the given
     *  initial have been increased by raisePercent percent (and truncated to
     *  the nearest integer); all other employees have the same salary]
     * </pre>
     */
    public static void giveRaise(components.map.Map<String, Integer> map,
            char initial, int raisePercent) {
        assert map != null : "Violation of: map is not null";
        assert raisePercent > 0 : "Violation of: raisePercent > 0";

        // TODO - fill in body
       (map.size() > 0) {
            
            
        }

    }

    /**
     * Raises the salary of all the employees in {@code map} whose name starts
     * with the given {@code initial} by the given {@code raisePercent}.
     *
     * @param map
     *            the name to salary map
     * @param initial
     *            the initial of names of employees to be given a raise
     * @param raisePercent
     *            the raise to be given as a percentage of the current salary
     * @updates map
     * @requires <pre>
     * [the salaries in map are positive] and raisePercent > 0 and
     * [the dynamic types of map and of all objects reachable from map
     *  (including any objects returned by operations (such as
     *  entrySet() and, from there, iterator()), and so on,
     *  recursively) support all optional operations]
     * </pre>
     * @ensures <pre>
     * DOMAIN(map) = DOMAIN(#map)  and
     * [the salaries of the employees in map whose names start with the given
     *  initial have been increased by raisePercent percent (and truncated to
     *  the nearest integer); all other employees have the same salary]
     * </pre>
     */
    public static void giveRaise(java.util.Map<String, Integer> map,
            char initial, int raisePercent) {
        assert map != null : "Violation of: map is not null";
        assert raisePercent > 0 : "Violation of: raisePercent > 0";

        // TODO - fill in body

    }

    /**
     * Increments by 1 every element in the given {@code Set}.
     *
     * @param set
     *            the set whose elements to increment
     * @updates set
     * @ensures <pre>
     * DOMAIN(map) = DOMAIN(#map)  and
     * [set is the set of integers that are elements of #set incremented by 1]
     * </pre>
     */
    public static void incrementAll(components.set.Set<NaturalNumber> set) {
        assert set != null : "Violation of: set is not null";

        // TODO - fill in body

    }

    /**
     * Increments by 1 every element in the given {@code Set}.
     *
     * @param set
     *            the set whose elements to increment
     * @updates set
     * @requires <pre>
     * [the dynamic types of set and of all objects reachable from set
     *  (including any objects returned by operations (such as iterator()), and
     *  so on, recursively) support all optional operations]
     * </pre>
     * @ensures <pre>
     * DOMAIN(map) = DOMAIN(#map)  and
     * [set is the set of integers that are elements of #set incremented by 1]
     * </pre>
     */
    public static void incrementAll(java.util.Set<NaturalNumber> set) {
        assert set != null : "Violation of: set is not null";

        // TODO - fill in body

    }

}

----------------------------------- SOURCE END -------------------------------------
!STACK 0
java.lang.IllegalArgumentException
	at org.eclipse.jdt.core.dom.InfixExpression.setOperator(InfixExpression.java:383)
	at org.eclipse.jdt.core.dom.ASTConverter.convert(ASTConverter.java:1287)
	at org.eclipse.jdt.core.dom.ASTConverter.convert(ASTConverter.java:2047)
	at org.eclipse.jdt.core.dom.ASTConverter.convertToParenthesizedExpression(ASTConverter.java:3853)
	at org.eclipse.jdt.core.dom.ASTConverter.convert(ASTConverter.java:1953)
	at org.eclipse.jdt.core.dom.ASTConverter.convert(ASTConverter.java:1204)
	at org.eclipse.jdt.core.dom.ASTConverter.convert(ASTConverter.java:1990)
	at org.eclipse.jdt.core.dom.ASTConverter.convert(ASTConverter.java:3095)
	at org.eclipse.jdt.core.dom.ASTConverter.convert(ASTConverter.java:751)
	at org.eclipse.jdt.core.dom.ASTConverter.buildBodyDeclarations(ASTConverter.java:208)
	at org.eclipse.jdt.core.dom.ASTConverter.convert(ASTConverter.java:3390)
	at org.eclipse.jdt.core.dom.ASTConverter.convert(ASTConverter.java:1534)
	at org.eclipse.jdt.core.dom.CompilationUnitResolver.convert(CompilationUnitResolver.java:323)
	at org.eclipse.jdt.core.dom.ASTParser.internalCreateAST(ASTParser.java:1271)
	at org.eclipse.jdt.core.dom.ASTParser.createAST(ASTParser.java:868)
	at org.eclipse.jdt.core.manipulation.CoreASTProvider$1.run(CoreASTProvider.java:272)
	at org.eclipse.core.runtime.SafeRunner.run(SafeRunner.java:45)
	at org.eclipse.jdt.core.manipulation.CoreASTProvider.createAST(CoreASTProvider.java:264)
	at org.eclipse.jdt.core.manipulation.CoreASTProvider.getAST(CoreASTProvider.java:197)
	at org.eclipse.jdt.core.manipulation.CoreASTProvider.getAST(CoreASTProvider.java:187)
	at org.eclipse.jdt.core.manipulation.SharedASTProviderCore.getAST(SharedASTProviderCore.java:138)
	at org.eclipse.jdt.internal.ui.viewsupport.SelectionListenerWithASTManager$PartListenerGroup.calculateASTandInform(SelectionListenerWithASTManager.java:166)
	at org.eclipse.jdt.internal.ui.viewsupport.SelectionListenerWithASTManager$PartListenerGroup$1.run(SelectionListenerWithASTManager.java:151)
	at org.eclipse.core.internal.jobs.Worker.run(Worker.java:63)

!ENTRY org.eclipse.jdt.core.manipulation 4 2 2021-12-16 04:41:36.035
!MESSAGE Problems occurred when invoking code from plug-in: "org.eclipse.jdt.core.manipulation".
!STACK 0
java.lang.IllegalArgumentException
	at org.eclipse.jdt.core.dom.InfixExpression.setOperator(InfixExpression.java:383)
	at org.eclipse.jdt.core.dom.ASTConverter.convert(ASTConverter.java:1287)
	at org.eclipse.jdt.core.dom.ASTConverter.convert(ASTConverter.java:2047)
	at org.eclipse.jdt.core.dom.ASTConverter.convertToParenthesizedExpression(ASTConverter.java:3853)
	at org.eclipse.jdt.core.dom.ASTConverter.convert(ASTConverter.java:1953)
	at org.eclipse.jdt.core.dom.ASTConverter.convert(ASTConverter.java:1204)
	at org.eclipse.jdt.core.dom.ASTConverter.convert(ASTConverter.java:1990)
	at org.eclipse.jdt.core.dom.ASTConverter.convert(ASTConverter.java:3095)
	at org.eclipse.jdt.core.dom.ASTConverter.convert(ASTConverter.java:751)
	at org.eclipse.jdt.core.dom.ASTConverter.buildBodyDeclarations(ASTConverter.java:208)
	at org.eclipse.jdt.core.dom.ASTConverter.convert(ASTConverter.java:3390)
	at org.eclipse.jdt.core.dom.ASTConverter.convert(ASTConverter.java:1534)
	at org.eclipse.jdt.core.dom.CompilationUnitResolver.convert(CompilationUnitResolver.java:323)
	at org.eclipse.jdt.core.dom.ASTParser.internalCreateAST(ASTParser.java:1271)
	at org.eclipse.jdt.core.dom.ASTParser.createAST(ASTParser.java:868)
	at org.eclipse.jdt.core.manipulation.CoreASTProvider$1.run(CoreASTProvider.java:272)
	at org.eclipse.core.runtime.SafeRunner.run(SafeRunner.java:45)
	at org.eclipse.jdt.core.manipulation.CoreASTProvider.createAST(CoreASTProvider.java:264)
	at org.eclipse.jdt.core.manipulation.CoreASTProvider.getAST(CoreASTProvider.java:197)
	at org.eclipse.jdt.core.manipulation.CoreASTProvider.getAST(CoreASTProvider.java:187)
	at org.eclipse.jdt.core.manipulation.SharedASTProviderCore.getAST(SharedASTProviderCore.java:138)
	at org.eclipse.jdt.internal.ui.viewsupport.SelectionListenerWithASTManager$PartListenerGroup.calculateASTandInform(SelectionListenerWithASTManager.java:166)
	at org.eclipse.jdt.internal.ui.viewsupport.SelectionListenerWithASTManager$PartListenerGroup$1.run(SelectionListenerWithASTManager.java:151)
	at org.eclipse.core.internal.jobs.Worker.run(Worker.java:63)

!ENTRY org.eclipse.jdt.core.manipulation 4 0 2021-12-16 04:41:36.037
!MESSAGE Error in JDT Core during AST creation
!STACK 0
java.lang.IllegalArgumentException
	at org.eclipse.jdt.core.dom.InfixExpression.setOperator(InfixExpression.java:383)
	at org.eclipse.jdt.core.dom.ASTConverter.convert(ASTConverter.java:1287)
	at org.eclipse.jdt.core.dom.ASTConverter.convert(ASTConverter.java:2047)
	at org.eclipse.jdt.core.dom.ASTConverter.convertToParenthesizedExpression(ASTConverter.java:3853)
	at org.eclipse.jdt.core.dom.ASTConverter.convert(ASTConverter.java:1953)
	at org.eclipse.jdt.core.dom.ASTConverter.convert(ASTConverter.java:1204)
	at org.eclipse.jdt.core.dom.ASTConverter.convert(ASTConverter.java:1990)
	at org.eclipse.jdt.core.dom.ASTConverter.convert(ASTConverter.java:3095)
	at org.eclipse.jdt.core.dom.ASTConverter.convert(ASTConverter.java:751)
	at org.eclipse.jdt.core.dom.ASTConverter.buildBodyDeclarations(ASTConverter.java:208)
	at org.eclipse.jdt.core.dom.ASTConverter.convert(ASTConverter.java:3390)
	at org.eclipse.jdt.core.dom.ASTConverter.convert(ASTConverter.java:1534)
	at org.eclipse.jdt.core.dom.CompilationUnitResolver.convert(CompilationUnitResolver.java:323)
	at org.eclipse.jdt.core.dom.ASTParser.internalCreateAST(ASTParser.java:1271)
	at org.eclipse.jdt.core.dom.ASTParser.createAST(ASTParser.java:868)
	at org.eclipse.jdt.core.manipulation.CoreASTProvider$1.run(CoreASTProvider.java:272)
	at org.eclipse.core.runtime.SafeRunner.run(SafeRunner.java:45)
	at org.eclipse.jdt.core.manipulation.CoreASTProvider.createAST(CoreASTProvider.java:264)
	at org.eclipse.jdt.core.manipulation.CoreASTProvider.getAST(CoreASTProvider.java:197)
	at org.eclipse.jdt.core.manipulation.CoreASTProvider.getAST(CoreASTProvider.java:187)
	at org.eclipse.jdt.core.manipulation.SharedASTProviderCore.getAST(SharedASTProviderCore.java:138)
	at org.eclipse.jdt.internal.ui.viewsupport.SelectionListenerWithASTManager$PartListenerGroup.calculateASTandInform(SelectionListenerWithASTManager.java:166)
	at org.eclipse.jdt.internal.ui.viewsupport.SelectionListenerWithASTManager$PartListenerGroup$1.run(SelectionListenerWithASTManager.java:151)
	at org.eclipse.core.internal.jobs.Worker.run(Worker.java:63)

!ENTRY com.github.spotbugs.plugin.eclipse 1 0 2021-12-16 04:55:26.763
!MESSAGE creating new bug collection: /Users/abdiace/Desktop/CSE2231 workspace/.metadata/.plugins/com.github.spotbugs.plugin.eclipse/JCFExplorations.fbwarnings.xml
!SESSION 2022-01-12 13:20:53.691 -----------------------------------------------
eclipse.buildId=4.22.0.I20211124-1800
java.version=15.0.1
java.vendor=Oracle Corporation
BootLoader constants: OS=macosx, ARCH=x86_64, WS=cocoa, NL=en_US
Framework arguments:  -product org.eclipse.epp.package.java.product -keyring /Users/abdiace/.eclipse_keyring
Command-line arguments:  -os macosx -ws cocoa -arch x86_64 -product org.eclipse.epp.package.java.product -keyring /Users/abdiace/.eclipse_keyring

!ENTRY org.eclipse.jface 2 0 2022-01-12 13:21:04.662
!MESSAGE Keybinding conflicts occurred.  They may interfere with normal accelerator operation.
!SUBENTRY 1 org.eclipse.jface 2 0 2022-01-12 13:21:04.662
!MESSAGE A conflict occurred for COMMAND+SHIFT+T:
Binding(COMMAND+SHIFT+T,
	ParameterizedCommand(Command(org.eclipse.jdt.ui.navigate.open.type,Open Type,
		Open a type in a Java editor,
		Category(org.eclipse.ui.category.navigate,Navigate,null,true),
		org.eclipse.ui.internal.WorkbenchHandlerServiceHandler@240f2efd,
		,,true),null),
	org.eclipse.ui.defaultAcceleratorConfiguration,
	org.eclipse.ui.contexts.window,,,system)
Binding(COMMAND+SHIFT+T,
	ParameterizedCommand(Command(org.eclipse.lsp4e.symbolinworkspace,Go to Symbol in Workspace,
		,
		Category(org.eclipse.lsp4e.category,Language Servers,null,true),
		org.eclipse.ui.internal.WorkbenchHandlerServiceHandler@175957b6,
		,,true),null),
	org.eclipse.ui.defaultAcceleratorConfiguration,
	org.eclipse.ui.contexts.window,,,system)
!SUBENTRY 1 org.eclipse.jface 2 0 2022-01-12 13:21:04.663
!MESSAGE A conflict occurred for ALT+COMMAND+R:
Binding(ALT+COMMAND+R,
	ParameterizedCommand(Command(org.eclipse.ui.edit.rename,Rename,
		Rename the selected item,
		Category(org.eclipse.ui.category.file,File,null,true),
		org.eclipse.ui.internal.WorkbenchHandlerServiceHandler@1b7a4930,
		,,true),null),
	org.eclipse.ui.defaultAcceleratorConfiguration,
	org.eclipse.ui.contexts.window,,cocoa,system)
Binding(ALT+COMMAND+R,
	ParameterizedCommand(Command(org.eclipse.jdt.ui.edit.text.java.rename.element,Rename - Refactoring ,
		Rename the selected element,
		Category(org.eclipse.jdt.ui.category.refactoring,Refactor - Java,Java Refactoring Actions,true),
		org.eclipse.ui.internal.WorkbenchHandlerServiceHandler@591a4d25,
		,,true),null),
	org.eclipse.ui.defaultAcceleratorConfiguration,
	org.eclipse.ui.contexts.window,,cocoa,system)

!ENTRY org.eclipse.e4.ui.workbench 4 0 2022-01-12 13:21:15.524
!MESSAGE Unable to retrieve the bundle from the URI: bundleclass://org.eclipse.recommenders.news.rcp/org.eclipse.recommenders.internal.news.rcp.toolbar.NewsToolControl
